{"numTotalTestSuites":113,"numPassedTestSuites":111,"numFailedTestSuites":2,"numPendingTestSuites":0,"numTotalTests":408,"numPassedTests":403,"numFailedTests":5,"numPendingTests":0,"numTodoTests":0,"snapshot":{"added":0,"failure":false,"filesAdded":0,"filesRemoved":0,"filesRemovedList":[],"filesUnmatched":0,"filesUpdated":0,"matched":0,"total":0,"unchecked":0,"uncheckedKeysByFile":[],"unmatched":0,"updated":0,"didUpdate":false},"startTime":1771505585153,"success":false,"testResults":[{"assertionResults":[{"ancestorTitles":["DashboardError"],"fullName":"DashboardError renders error heading","status":"passed","title":"renders error heading","duration":31.954938999999968,"failureMessages":[],"meta":{}},{"ancestorTitles":["DashboardError"],"fullName":"DashboardError displays the error message","status":"passed","title":"displays the error message","duration":3.6052069999998366,"failureMessages":[],"meta":{}},{"ancestorTitles":["DashboardError"],"fullName":"DashboardError shows default message when error.message is empty","status":"passed","title":"shows default message when error.message is empty","duration":3.057989000000134,"failureMessages":[],"meta":{}},{"ancestorTitles":["DashboardError"],"fullName":"DashboardError calls reset when Retry button is clicked","status":"passed","title":"calls reset when Retry button is clicked","duration":6.669554000000062,"failureMessages":[],"meta":{}},{"ancestorTitles":["DashboardError"],"fullName":"DashboardError renders Home link pointing to /","status":"passed","title":"renders Home link pointing to /","duration":4.1732200000001285,"failureMessages":[],"meta":{}},{"ancestorTitles":["DashboardError"],"fullName":"DashboardError logs error to console","status":"passed","title":"logs error to console","duration":3.6337860000001,"failureMessages":[],"meta":{}}],"startTime":1771505631658,"endTime":1771505631710.6338,"status":"passed","message":"","name":"/home/ubuntu/.openclaw/workspace/projects/bdd-test-dashboard/src/app/error.test.tsx"},{"assertionResults":[{"ancestorTitles":["RootLayout"],"fullName":"RootLayout renders children inside providers","status":"passed","title":"renders children inside providers","duration":38.02723399999991,"failureMessages":[],"meta":{}},{"ancestorTitles":["RootLayout"],"fullName":"RootLayout renders skip-to-content link","status":"passed","title":"renders skip-to-content link","duration":4.34987000000001,"failureMessages":[],"meta":{}},{"ancestorTitles":["RootLayout"],"fullName":"RootLayout renders main element with correct id","status":"passed","title":"renders main element with correct id","duration":205.1468480000001,"failureMessages":[],"meta":{}},{"ancestorTitles":["RootLayout"],"fullName":"RootLayout nests providers in correct order: ErrorBoundary > ThemeProvider > DataProvider","status":"passed","title":"nests providers in correct order: ErrorBoundary > ThemeProvider > DataProvider","duration":5.198979999999892,"failureMessages":[],"meta":{}}],"startTime":1771505618147,"endTime":1771505618400.199,"status":"passed","message":"","name":"/home/ubuntu/.openclaw/workspace/projects/bdd-test-dashboard/src/app/layout.test.tsx"},{"assertionResults":[{"ancestorTitles":["Dashboard Loading"],"fullName":"Dashboard Loading renders DashboardSkeleton","status":"passed","title":"renders DashboardSkeleton","duration":25.835780999999997,"failureMessages":[],"meta":{}}],"startTime":1771505647206,"endTime":1771505647231.8357,"status":"passed","message":"","name":"/home/ubuntu/.openclaw/workspace/projects/bdd-test-dashboard/src/app/loading.test.tsx"},{"assertionResults":[{"ancestorTitles":["NotFound"],"fullName":"NotFound renders 404 heading","status":"passed","title":"renders 404 heading","duration":32.66833299999996,"failureMessages":[],"meta":{}},{"ancestorTitles":["NotFound"],"fullName":"NotFound renders \"Page Not Found\" text","status":"passed","title":"renders \"Page Not Found\" text","duration":4.1297380000000885,"failureMessages":[],"meta":{}},{"ancestorTitles":["NotFound"],"fullName":"NotFound renders descriptive message","status":"passed","title":"renders descriptive message","duration":3.7910100000000284,"failureMessages":[],"meta":{}},{"ancestorTitles":["NotFound"],"fullName":"NotFound renders a link back to dashboard","status":"passed","title":"renders a link back to dashboard","duration":228.24897800000008,"failureMessages":[],"meta":{}}],"startTime":1771505616482,"endTime":1771505616751.249,"status":"passed","message":"","name":"/home/ubuntu/.openclaw/workspace/projects/bdd-test-dashboard/src/app/not-found.test.tsx"},{"assertionResults":[{"ancestorTitles":["Home page"],"fullName":"Home page shows loading skeleton","status":"passed","title":"shows loading skeleton","duration":23.955073000000084,"failureMessages":[],"meta":{}},{"ancestorTitles":["Home page"],"fullName":"Home page shows error state with retry button","status":"passed","title":"shows error state with retry button","duration":14.944998000000169,"failureMessages":[],"meta":{}},{"ancestorTitles":["Home page"],"fullName":"Home page shows empty state when no projects","status":"passed","title":"shows empty state when no projects","duration":2.6137149999999565,"failureMessages":[],"meta":{}},{"ancestorTitles":["Home page"],"fullName":"Home page renders dashboard components when projects exist","status":"passed","title":"renders dashboard components when projects exist","duration":2.666717999999946,"failureMessages":[],"meta":{}}],"startTime":1771505636527,"endTime":1771505636570.6667,"status":"passed","message":"","name":"/home/ubuntu/.openclaw/workspace/projects/bdd-test-dashboard/src/app/page.test.tsx"},{"assertionResults":[{"ancestorTitles":["Breadcrumb"],"fullName":"Breadcrumb renders dashboard home link","status":"passed","title":"renders dashboard home link","duration":41.70891800000004,"failureMessages":[],"meta":{}},{"ancestorTitles":["Breadcrumb"],"fullName":"Breadcrumb renders current page without link","status":"passed","title":"renders current page without link","duration":7.978889999999865,"failureMessages":[],"meta":{}},{"ancestorTitles":["Breadcrumb"],"fullName":"Breadcrumb renders intermediate items as links","status":"passed","title":"renders intermediate items as links","duration":4.864791999999852,"failureMessages":[],"meta":{}},{"ancestorTitles":["Breadcrumb"],"fullName":"Breadcrumb renders separators between items","status":"passed","title":"renders separators between items","duration":4.85134099999982,"failureMessages":[],"meta":{}},{"ancestorTitles":["Breadcrumb"],"fullName":"Breadcrumb truncates long names on mobile via CSS class","status":"passed","title":"truncates long names on mobile via CSS class","duration":3.5459800000000996,"failureMessages":[],"meta":{}}],"startTime":1771505625189,"endTime":1771505625252.546,"status":"passed","message":"","name":"/home/ubuntu/.openclaw/workspace/projects/bdd-test-dashboard/src/components/breadcrumb.test.tsx"},{"assertionResults":[{"ancestorTitles":["ConnectionBanner"],"fullName":"ConnectionBanner renders nothing when connected and online","status":"passed","title":"renders nothing when connected and online","duration":14.30325300000004,"failureMessages":[],"meta":{}},{"ancestorTitles":["ConnectionBanner"],"fullName":"ConnectionBanner shows offline message when browser is offline","status":"passed","title":"shows offline message when browser is offline","duration":16.644582000000014,"failureMessages":[],"meta":{}},{"ancestorTitles":["ConnectionBanner"],"fullName":"ConnectionBanner shows connection lost message when Firestore disconnected but browser online","status":"passed","title":"shows connection lost message when Firestore disconnected but browser online","duration":2.583340000000021,"failureMessages":[],"meta":{}},{"ancestorTitles":["ConnectionBanner"],"fullName":"ConnectionBanner shows offline message when both offline and disconnected (offline takes priority)","status":"passed","title":"shows offline message when both offline and disconnected (offline takes priority)","duration":2.0581469999999626,"failureMessages":[],"meta":{}},{"ancestorTitles":["ConnectionBanner"],"fullName":"ConnectionBanner has role=\"alert\" when banner is visible (offline)","status":"passed","title":"has role=\"alert\" when banner is visible (offline)","duration":181.31009499999993,"failureMessages":[],"meta":{}},{"ancestorTitles":["ConnectionBanner"],"fullName":"ConnectionBanner has role=\"alert\" when banner is visible (disconnected)","status":"passed","title":"has role=\"alert\" when banner is visible (disconnected)","duration":40.11389700000018,"failureMessages":[],"meta":{}},{"ancestorTitles":["ConnectionBanner"],"fullName":"ConnectionBanner has no alert role when connected and online","status":"passed","title":"has no alert role when connected and online","duration":2.382190000000037,"failureMessages":[],"meta":{}}],"startTime":1771505613758,"endTime":1771505614018.382,"status":"passed","message":"","name":"/home/ubuntu/.openclaw/workspace/projects/bdd-test-dashboard/src/components/connection-banner.test.tsx"},{"assertionResults":[{"ancestorTitles":["DashboardSkeleton"],"fullName":"DashboardSkeleton renders without crashing","status":"passed","title":"renders without crashing","duration":27.228116,"failureMessages":[],"meta":{}},{"ancestorTitles":["DashboardSkeleton"],"fullName":"DashboardSkeleton renders 4 summary card skeletons","status":"passed","title":"renders 4 summary card skeletons","duration":10.427551999999991,"failureMessages":[],"meta":{}},{"ancestorTitles":["DashboardSkeleton"],"fullName":"DashboardSkeleton renders trend chart skeleton area","status":"passed","title":"renders trend chart skeleton area","duration":5.366494999999986,"failureMessages":[],"meta":{}},{"ancestorTitles":["DashboardSkeleton"],"fullName":"DashboardSkeleton renders 3 project card skeletons","status":"passed","title":"renders 3 project card skeletons","duration":5.500817000000097,"failureMessages":[],"meta":{}}],"startTime":1771505635434,"endTime":1771505635482.5007,"status":"passed","message":"","name":"/home/ubuntu/.openclaw/workspace/projects/bdd-test-dashboard/src/components/dashboard-skeleton.test.tsx"},{"assertionResults":[{"ancestorTitles":["DataProvider"],"fullName":"DataProvider renders children","status":"passed","title":"renders children","duration":40.19895999999994,"failureMessages":[],"meta":{}},{"ancestorTitles":["DataProvider"],"fullName":"DataProvider loads projects and runs from Firestore","status":"passed","title":"loads projects and runs from Firestore","duration":17.36016900000004,"failureMessages":[],"meta":{}},{"ancestorTitles":["DataProvider"],"fullName":"DataProvider sets error on Firestore failure","status":"passed","title":"sets error on Firestore failure","duration":12.062635,"failureMessages":[],"meta":{}},{"ancestorTitles":["DataProvider"],"fullName":"DataProvider falls back to unordered runs query on orderBy failure","status":"passed","title":"falls back to unordered runs query on orderBy failure","duration":6.790087000000085,"failureMessages":[],"meta":{}},{"ancestorTitles":["DataProvider"],"fullName":"DataProvider sanitizes Firestore Timestamps in nested objects and arrays","status":"passed","title":"sanitizes Firestore Timestamps in nested objects and arrays","duration":4.842382000000043,"failureMessages":[],"meta":{}},{"ancestorTitles":["DataProvider"],"fullName":"DataProvider handles non-Error thrown from Firestore","status":"passed","title":"handles non-Error thrown from Firestore","duration":4.438335000000052,"failureMessages":[],"meta":{}},{"ancestorTitles":["DataProvider"],"fullName":"DataProvider sets runs to empty if both queries fail","status":"passed","title":"sets runs to empty if both queries fail","duration":6.742580000000089,"failureMessages":[],"meta":{}}],"startTime":1771505628628,"endTime":1771505628720.7427,"status":"passed","message":"","name":"/home/ubuntu/.openclaw/workspace/projects/bdd-test-dashboard/src/components/data-provider.test.tsx"},{"assertionResults":[{"ancestorTitles":["ErrorBoundary"],"fullName":"ErrorBoundary renders children when no error","status":"passed","title":"renders children when no error","duration":26.511022000000025,"failureMessages":[],"meta":{}},{"ancestorTitles":["ErrorBoundary"],"fullName":"ErrorBoundary renders error UI when child throws","status":"passed","title":"renders error UI when child throws","duration":10.595616000000064,"failureMessages":[],"meta":{}},{"ancestorTitles":["ErrorBoundary"],"fullName":"ErrorBoundary shows Try Again and Reload Page buttons on first error","status":"passed","title":"shows Try Again and Reload Page buttons on first error","duration":213.13075200000003,"failureMessages":[],"meta":{}},{"ancestorTitles":["ErrorBoundary"],"fullName":"ErrorBoundary retry success: Try Again re-renders children when error is fixed","status":"passed","title":"retry success: Try Again re-renders children when error is fixed","duration":54.637414000000035,"failureMessages":[],"meta":{}},{"ancestorTitles":["ErrorBoundary"],"fullName":"ErrorBoundary retry failure: Try Again still shows error UI if error persists","status":"passed","title":"retry failure: Try Again still shows error UI if error persists","duration":50.255994999999984,"failureMessages":[],"meta":{}},{"ancestorTitles":["ErrorBoundary"],"fullName":"ErrorBoundary hides Try Again after 3 retries (max-retry threshold)","status":"passed","title":"hides Try Again after 3 retries (max-retry threshold)","duration":165.6273339999998,"failureMessages":[],"meta":{}},{"ancestorTitles":["ErrorBoundary"],"fullName":"ErrorBoundary calls window.location.reload on Reload Page click","status":"passed","title":"calls window.location.reload on Reload Page click","duration":28.78064500000005,"failureMessages":[],"meta":{}}],"startTime":1771505609210,"endTime":1771505609759.7808,"status":"passed","message":"","name":"/home/ubuntu/.openclaw/workspace/projects/bdd-test-dashboard/src/components/error-boundary.test.tsx"},{"assertionResults":[{"ancestorTitles":["ErrorState"],"fullName":"ErrorState renders default title and message","status":"passed","title":"renders default title and message","duration":37.81809400000009,"failureMessages":[],"meta":{}},{"ancestorTitles":["ErrorState"],"fullName":"ErrorState renders custom title","status":"passed","title":"renders custom title","duration":2.883603999999991,"failureMessages":[],"meta":{}},{"ancestorTitles":["ErrorState"],"fullName":"ErrorState renders retry button when onRetry provided","status":"passed","title":"renders retry button when onRetry provided","duration":213.026211,"failureMessages":[],"meta":{}},{"ancestorTitles":["ErrorState"],"fullName":"ErrorState does not render retry button when onRetry omitted","status":"passed","title":"does not render retry button when onRetry omitted","duration":2.820267999999942,"failureMessages":[],"meta":{}}],"startTime":1771505619289,"endTime":1771505619545.8203,"status":"passed","message":"","name":"/home/ubuntu/.openclaw/workspace/projects/bdd-test-dashboard/src/components/error-state.test.tsx"},{"assertionResults":[{"ancestorTitles":["Footer"],"fullName":"Footer renders footer with copyright year","status":"passed","title":"renders footer with copyright year","duration":29.18203600000004,"failureMessages":[],"meta":{}},{"ancestorTitles":["Footer"],"fullName":"Footer renders GitHub link","status":"passed","title":"renders GitHub link","duration":231.4823100000001,"failureMessages":[],"meta":{}},{"ancestorTitles":["Footer"],"fullName":"Footer renders version information","status":"passed","title":"renders version information","duration":2.88508899999988,"failureMessages":[],"meta":{}},{"ancestorTitles":["Footer"],"fullName":"Footer uses semantic footer element","status":"passed","title":"uses semantic footer element","duration":3.0626049999998486,"failureMessages":[],"meta":{}}],"startTime":1771505620416,"endTime":1771505620682.0625,"status":"passed","message":"","name":"/home/ubuntu/.openclaw/workspace/projects/bdd-test-dashboard/src/components/footer.test.tsx"},{"assertionResults":[{"ancestorTitles":["Header"],"fullName":"Header renders the brand name","status":"passed","title":"renders the brand name","duration":37.963121,"failureMessages":[],"meta":{}},{"ancestorTitles":["Header"],"fullName":"Header renders theme toggle button","status":"passed","title":"renders theme toggle button","duration":7.383868000000007,"failureMessages":[],"meta":{}},{"ancestorTitles":["Header"],"fullName":"Header renders refresh button","status":"passed","title":"renders refresh button","duration":6.521677999999952,"failureMessages":[],"meta":{}},{"ancestorTitles":["Header"],"fullName":"Header calls toggleTheme when theme button clicked","status":"passed","title":"calls toggleTheme when theme button clicked","duration":19.95561399999997,"failureMessages":[],"meta":{}},{"ancestorTitles":["Header"],"fullName":"Header calls retry when refresh button clicked","status":"passed","title":"calls retry when refresh button clicked","duration":10.924717999999984,"failureMessages":[],"meta":{}},{"ancestorTitles":["Header"],"fullName":"Header disables refresh button when loading","status":"passed","title":"disables refresh button when loading","duration":5.5851809999999205,"failureMessages":[],"meta":{}},{"ancestorTitles":["Header"],"fullName":"Header does not call retry when loading","status":"passed","title":"does not call retry when loading","duration":6.7671710000001895,"failureMessages":[],"meta":{}},{"ancestorTitles":["Header"],"fullName":"Header shows relative time when lastFetchedAt is set","status":"passed","title":"shows relative time when lastFetchedAt is set","duration":11.014010999999982,"failureMessages":[],"meta":{}},{"ancestorTitles":["Header"],"fullName":"Header does not show relative time when lastFetchedAt is null","status":"passed","title":"does not show relative time when lastFetchedAt is null","duration":6.12519999999995,"failureMessages":[],"meta":{}},{"ancestorTitles":["Header"],"fullName":"Header shows seconds ago when diff is between 10-59s","status":"passed","title":"shows seconds ago when diff is between 10-59s","duration":7.800670999999966,"failureMessages":[],"meta":{}},{"ancestorTitles":["Header"],"fullName":"Header shows minutes ago when diff is between 1-59min","status":"passed","title":"shows minutes ago when diff is between 1-59min","duration":7.740111999999954,"failureMessages":[],"meta":{}},{"ancestorTitles":["Header"],"fullName":"Header shows hours ago when diff is 60+ minutes","status":"passed","title":"shows hours ago when diff is 60+ minutes","duration":8.531524000000218,"failureMessages":[],"meta":{}},{"ancestorTitles":["Header"],"fullName":"Header links to home page","status":"passed","title":"links to home page","duration":11.858960000000025,"failureMessages":[],"meta":{}},{"ancestorTitles":["Header"],"fullName":"Header updates relative time on interval","status":"passed","title":"updates relative time on interval","duration":18.41847000000007,"failureMessages":[],"meta":{}},{"ancestorTitles":["Header"],"fullName":"Header cleans up interval on unmount","status":"passed","title":"cleans up interval on unmount","duration":7.938781000000063,"failureMessages":[],"meta":{}},{"ancestorTitles":["Header"],"fullName":"Header opens shortcuts dialog when help button is clicked","status":"passed","title":"opens shortcuts dialog when help button is clicked","duration":196.22983399999998,"failureMessages":[],"meta":{}},{"ancestorTitles":["Header"],"fullName":"Header closes shortcuts dialog when close is triggered","status":"passed","title":"closes shortcuts dialog when close is triggered","duration":67.91438700000003,"failureMessages":[],"meta":{}},{"ancestorTitles":["Header"],"fullName":"Header toggles shortcuts dialog with ? keyboard shortcut","status":"passed","title":"toggles shortcuts dialog with ? keyboard shortcut","duration":55.5678969999999,"failureMessages":[],"meta":{}},{"ancestorTitles":["Header"],"fullName":"Header calls retry when r keyboard shortcut is pressed","status":"passed","title":"calls retry when r keyboard shortcut is pressed","duration":9.733408999999938,"failureMessages":[],"meta":{}},{"ancestorTitles":["Header"],"fullName":"Header does not retry with r shortcut when loading","status":"passed","title":"does not retry with r shortcut when loading","duration":5.939623999999867,"failureMessages":[],"meta":{}},{"ancestorTitles":["Header"],"fullName":"Header toggles theme with t keyboard shortcut","status":"passed","title":"toggles theme with t keyboard shortcut","duration":16.46002999999996,"failureMessages":[],"meta":{}}],"startTime":1771505612334,"endTime":1771505612861.46,"status":"passed","message":"","name":"/home/ubuntu/.openclaw/workspace/projects/bdd-test-dashboard/src/components/header.test.tsx"},{"assertionResults":[{"ancestorTitles":["KeyboardShortcutsDialog","Rendering"],"fullName":"KeyboardShortcutsDialog Rendering does not render when open is false","status":"passed","title":"does not render when open is false","duration":24.476229000000103,"failureMessages":[],"meta":{}},{"ancestorTitles":["KeyboardShortcutsDialog","Rendering"],"fullName":"KeyboardShortcutsDialog Rendering renders dialog when open is true","status":"passed","title":"renders dialog when open is true","duration":208.86093199999993,"failureMessages":[],"meta":{}},{"ancestorTitles":["KeyboardShortcutsDialog","Rendering"],"fullName":"KeyboardShortcutsDialog Rendering renders all keyboard shortcuts","status":"passed","title":"renders all keyboard shortcuts","duration":31.019456999999875,"failureMessages":[],"meta":{}},{"ancestorTitles":["KeyboardShortcutsDialog","Rendering"],"fullName":"KeyboardShortcutsDialog Rendering renders context information for each shortcut","status":"passed","title":"renders context information for each shortcut","duration":15.61217499999998,"failureMessages":[],"meta":{}},{"ancestorTitles":["KeyboardShortcutsDialog","Rendering"],"fullName":"KeyboardShortcutsDialog Rendering renders keyboard icon in header","status":"passed","title":"renders keyboard icon in header","duration":44.751621000000114,"failureMessages":[],"meta":{}},{"ancestorTitles":["KeyboardShortcutsDialog","Rendering"],"fullName":"KeyboardShortcutsDialog Rendering renders close button with proper aria-label","status":"passed","title":"renders close button with proper aria-label","duration":10.20612200000005,"failureMessages":[],"meta":{}},{"ancestorTitles":["KeyboardShortcutsDialog","Rendering"],"fullName":"KeyboardShortcutsDialog Rendering has proper ARIA attributes","status":"passed","title":"has proper ARIA attributes","duration":33.87708599999996,"failureMessages":[],"meta":{}},{"ancestorTitles":["KeyboardShortcutsDialog","Rendering"],"fullName":"KeyboardShortcutsDialog Rendering renders footer with help text","status":"passed","title":"renders footer with help text","duration":14.807400000000143,"failureMessages":[],"meta":{}},{"ancestorTitles":["KeyboardShortcutsDialog","User Interactions"],"fullName":"KeyboardShortcutsDialog User Interactions calls onClose when close button is clicked","status":"passed","title":"calls onClose when close button is clicked","duration":13.424177999999984,"failureMessages":[],"meta":{}},{"ancestorTitles":["KeyboardShortcutsDialog","User Interactions"],"fullName":"KeyboardShortcutsDialog User Interactions calls onClose when backdrop is clicked","status":"passed","title":"calls onClose when backdrop is clicked","duration":9.243678000000045,"failureMessages":[],"meta":{}},{"ancestorTitles":["KeyboardShortcutsDialog","User Interactions"],"fullName":"KeyboardShortcutsDialog User Interactions calls onClose when Escape key is pressed","status":"passed","title":"calls onClose when Escape key is pressed","duration":10.801083999999946,"failureMessages":[],"meta":{}},{"ancestorTitles":["KeyboardShortcutsDialog","User Interactions"],"fullName":"KeyboardShortcutsDialog User Interactions does not call onClose when other keys are pressed","status":"passed","title":"does not call onClose when other keys are pressed","duration":6.059844000000112,"failureMessages":[],"meta":{}},{"ancestorTitles":["KeyboardShortcutsDialog","User Interactions"],"fullName":"KeyboardShortcutsDialog User Interactions does not listen for Escape when dialog is closed","status":"passed","title":"does not listen for Escape when dialog is closed","duration":6.4637850000001436,"failureMessages":[],"meta":{}},{"ancestorTitles":["KeyboardShortcutsDialog","Accessibility"],"fullName":"KeyboardShortcutsDialog Accessibility has proper heading hierarchy","status":"passed","title":"has proper heading hierarchy","duration":8.444045000000187,"failureMessages":[],"meta":{}},{"ancestorTitles":["KeyboardShortcutsDialog","Accessibility"],"fullName":"KeyboardShortcutsDialog Accessibility uses semantic kbd elements for key display","status":"passed","title":"uses semantic kbd elements for key display","duration":10.819735000000037,"failureMessages":[],"meta":{}},{"ancestorTitles":["KeyboardShortcutsDialog","Accessibility"],"fullName":"KeyboardShortcutsDialog Accessibility backdrop has aria-hidden attribute","status":"passed","title":"backdrop has aria-hidden attribute","duration":5.96601899999996,"failureMessages":[],"meta":{}},{"ancestorTitles":["KeyboardShortcutsDialog","Edge Cases"],"fullName":"KeyboardShortcutsDialog Edge Cases handles rapid open/close transitions","status":"passed","title":"handles rapid open/close transitions","duration":43.308923999999934,"failureMessages":[],"meta":{}},{"ancestorTitles":["KeyboardShortcutsDialog","Edge Cases"],"fullName":"KeyboardShortcutsDialog Edge Cases cleanup removes event listener on unmount","status":"passed","title":"cleanup removes event listener on unmount","duration":5.621613000000025,"failureMessages":[],"meta":{}},{"ancestorTitles":["KeyboardShortcutsDialog","Edge Cases"],"fullName":"KeyboardShortcutsDialog Edge Cases prevents default on Escape key press","status":"passed","title":"prevents default on Escape key press","duration":5.543282999999974,"failureMessages":[],"meta":{}},{"ancestorTitles":["KeyboardShortcutsDialog","Visual Elements"],"fullName":"KeyboardShortcutsDialog Visual Elements renders shortcut rows with hover styling classes","status":"passed","title":"renders shortcut rows with hover styling classes","duration":8.042001000000027,"failureMessages":[],"meta":{}},{"ancestorTitles":["KeyboardShortcutsDialog","Visual Elements"],"fullName":"KeyboardShortcutsDialog Visual Elements renders kbd elements with proper styling","status":"passed","title":"renders kbd elements with proper styling","duration":8.445564000000104,"failureMessages":[],"meta":{}},{"ancestorTitles":["KeyboardShortcutsDialog","Visual Elements"],"fullName":"KeyboardShortcutsDialog Visual Elements displays all 7 keyboard shortcuts","status":"passed","title":"displays all 7 keyboard shortcuts","duration":8.720281999999997,"failureMessages":[],"meta":{}}],"startTime":1771505610785,"endTime":1771505611321.7202,"status":"passed","message":"","name":"/home/ubuntu/.openclaw/workspace/projects/bdd-test-dashboard/src/components/keyboard-shortcuts-dialog.test.tsx"},{"assertionResults":[{"ancestorTitles":["ProjectCards"],"fullName":"ProjectCards renders nothing when no projects","status":"passed","title":"renders nothing when no projects","duration":14.89076799999998,"failureMessages":[],"meta":{}},{"ancestorTitles":["ProjectCards"],"fullName":"ProjectCards renders project names and descriptions","status":"passed","title":"renders project names and descriptions","duration":37.08471399999996,"failureMessages":[],"meta":{}},{"ancestorTitles":["ProjectCards"],"fullName":"ProjectCards shows \"No runs yet\" when project has no runs","status":"passed","title":"shows \"No runs yet\" when project has no runs","duration":4.731323999999972,"failureMessages":[],"meta":{}},{"ancestorTitles":["ProjectCards"],"fullName":"ProjectCards shows pass/fail/skip counts when runs exist","status":"passed","title":"shows pass/fail/skip counts when runs exist","duration":9.870912999999973,"failureMessages":[],"meta":{}},{"ancestorTitles":["ProjectCards"],"fullName":"ProjectCards calculates pass rate for progress bar width","status":"passed","title":"calculates pass rate for progress bar width","duration":10.765444000000002,"failureMessages":[],"meta":{}},{"ancestorTitles":["ProjectCards"],"fullName":"ProjectCards links to project detail page","status":"passed","title":"links to project detail page","duration":196.46105899999998,"failureMessages":[],"meta":{}},{"ancestorTitles":["ProjectCards"],"fullName":"ProjectCards shows 0% rate label when total is 0","status":"passed","title":"shows 0% rate label when total is 0","duration":6.258916999999883,"failureMessages":[],"meta":{}},{"ancestorTitles":["ProjectCards"],"fullName":"ProjectCards renders the heading","status":"passed","title":"renders the heading","duration":4.054254000000128,"failureMessages":[],"meta":{}},{"ancestorTitles":["ProjectCards"],"fullName":"ProjectCards shows ✅ Passing badge when all tests passed and none skipped","status":"passed","title":"shows ✅ Passing badge when all tests passed and none skipped","duration":5.275419000000056,"failureMessages":[],"meta":{}},{"ancestorTitles":["ProjectCards"],"fullName":"ProjectCards shows ✅ Passing badge when tests passed with some skipped (not Flaky)","status":"passed","title":"shows ✅ Passing badge when tests passed with some skipped (not Flaky)","duration":8.846349000000146,"failureMessages":[],"meta":{}},{"ancestorTitles":["ProjectCards"],"fullName":"ProjectCards shows ⏭️ All Skipped badge when every test is skipped","status":"passed","title":"shows ⏭️ All Skipped badge when every test is skipped","duration":5.486319999999978,"failureMessages":[],"meta":{}},{"ancestorTitles":["ProjectCards"],"fullName":"ProjectCards shows ❌ Failing badge when there are failures, regardless of skipped count","status":"passed","title":"shows ❌ Failing badge when there are failures, regardless of skipped count","duration":7.1598569999998745,"failureMessages":[],"meta":{}},{"ancestorTitles":["ProjectCards"],"fullName":"ProjectCards shows ❌ Failing badge even when skipped count is high","status":"passed","title":"shows ❌ Failing badge even when skipped count is high","duration":5.44940500000007,"failureMessages":[],"meta":{}},{"ancestorTitles":["ProjectCards"],"fullName":"ProjectCards shows ⏳ No runs badge when project has no run data","status":"passed","title":"shows ⏳ No runs badge when project has no run data","duration":3.6179799999999886,"failureMessages":[],"meta":{}},{"ancestorTitles":["ProjectCards"],"fullName":"ProjectCards renders skeleton cards when loading","status":"passed","title":"renders skeleton cards when loading","duration":17.41314999999986,"failureMessages":[],"meta":{}},{"ancestorTitles":["ProjectCards"],"fullName":"ProjectCards filters projects by name","status":"passed","title":"filters projects by name","duration":20.09097100000008,"failureMessages":[],"meta":{}},{"ancestorTitles":["ProjectCards"],"fullName":"ProjectCards shows \"No projects match your filter\" when filter has no results","status":"passed","title":"shows \"No projects match your filter\" when filter has no results","duration":5.311290999999983,"failureMessages":[],"meta":{}},{"ancestorTitles":["ProjectCards"],"fullName":"ProjectCards shows clear button when filter has value","status":"passed","title":"shows clear button when filter has value","duration":5.837079000000131,"failureMessages":[],"meta":{}},{"ancestorTitles":["ProjectCards"],"fullName":"ProjectCards clears filter when clear button is clicked","status":"passed","title":"clears filter when clear button is clicked","duration":9.205968999999868,"failureMessages":[],"meta":{}},{"ancestorTitles":["ProjectCards"],"fullName":"ProjectCards has accessible label for filter input","status":"passed","title":"has accessible label for filter input","duration":5.946007000000009,"failureMessages":[],"meta":{}}],"startTime":1771505606263,"endTime":1771505606646.946,"status":"passed","message":"","name":"/home/ubuntu/.openclaw/workspace/projects/bdd-test-dashboard/src/components/project-cards.test.tsx"},{"assertionResults":[{"ancestorTitles":["ProjectSkeleton"],"fullName":"ProjectSkeleton renders without crashing","status":"passed","title":"renders without crashing","duration":53.81075099999998,"failureMessages":[],"meta":{}},{"ancestorTitles":["ProjectSkeleton"],"fullName":"ProjectSkeleton renders back button skeleton","status":"passed","title":"renders back button skeleton","duration":16.923818999999867,"failureMessages":[],"meta":{}},{"ancestorTitles":["ProjectSkeleton"],"fullName":"ProjectSkeleton renders 4 stat card skeletons","status":"passed","title":"renders 4 stat card skeletons","duration":13.038984999999911,"failureMessages":[],"meta":{}},{"ancestorTitles":["ProjectSkeleton"],"fullName":"ProjectSkeleton renders 5 run history row skeletons","status":"passed","title":"renders 5 run history row skeletons","duration":9.94832499999984,"failureMessages":[],"meta":{}}],"startTime":1771505630251,"endTime":1771505630344.9482,"status":"passed","message":"","name":"/home/ubuntu/.openclaw/workspace/projects/bdd-test-dashboard/src/components/project-skeleton.test.tsx"},{"assertionResults":[{"ancestorTitles":["ProjectTrendChart"],"fullName":"ProjectTrendChart shows not enough data message when fewer than 2 days of runs","status":"passed","title":"shows not enough data message when fewer than 2 days of runs","duration":40.50996599999996,"failureMessages":[],"meta":{}},{"ancestorTitles":["ProjectTrendChart"],"fullName":"ProjectTrendChart shows not enough data message when no runs","status":"passed","title":"shows not enough data message when no runs","duration":2.615079999999921,"failureMessages":[],"meta":{}},{"ancestorTitles":["ProjectTrendChart"],"fullName":"ProjectTrendChart renders chart when 2+ days of runs exist","status":"passed","title":"renders chart when 2+ days of runs exist","duration":10.487240000000043,"failureMessages":[],"meta":{}},{"ancestorTitles":["ProjectTrendChart"],"fullName":"ProjectTrendChart ignores runs older than 14 days","status":"passed","title":"ignores runs older than 14 days","duration":2.1928700000000845,"failureMessages":[],"meta":{}},{"ancestorTitles":["ProjectTrendChart"],"fullName":"ProjectTrendChart aggregates multiple runs in the same day","status":"passed","title":"aggregates multiple runs in the same day","duration":4.397327000000018,"failureMessages":[],"meta":{}},{"ancestorTitles":["ProjectTrendChart"],"fullName":"ProjectTrendChart shows 0% when total is 0 for a day","status":"passed","title":"shows 0% when total is 0 for a day","duration":3.3933100000000422,"failureMessages":[],"meta":{}}],"startTime":1771505622689,"endTime":1771505622753.3933,"status":"passed","message":"","name":"/home/ubuntu/.openclaw/workspace/projects/bdd-test-dashboard/src/components/project-trend-chart.test.tsx"},{"assertionResults":[{"ancestorTitles":["RecentRuns"],"fullName":"RecentRuns shows empty message when no runs","status":"passed","title":"shows empty message when no runs","duration":30.730715000000032,"failureMessages":[],"meta":{}},{"ancestorTitles":["RecentRuns"],"fullName":"RecentRuns renders runs with project name and stats","status":"passed","title":"renders runs with project name and stats","duration":19.696646999999984,"failureMessages":[],"meta":{}},{"ancestorTitles":["RecentRuns"],"fullName":"RecentRuns derives status from summary when status field missing","status":"passed","title":"derives status from summary when status field missing","duration":8.332296999999926,"failureMessages":[],"meta":{}},{"ancestorTitles":["RecentRuns"],"fullName":"RecentRuns shows skipped status when only skipped tests","status":"passed","title":"shows skipped status when only skipped tests","duration":5.649870999999848,"failureMessages":[],"meta":{}},{"ancestorTitles":["RecentRuns"],"fullName":"RecentRuns links to the correct run detail page","status":"passed","title":"links to the correct run detail page","duration":207.25732300000004,"failureMessages":[],"meta":{}},{"ancestorTitles":["RecentRuns"],"fullName":"RecentRuns displays duration alongside pass count","status":"passed","title":"displays duration alongside pass count","duration":6.0104160000000775,"failureMessages":[],"meta":{}},{"ancestorTitles":["RecentRuns"],"fullName":"RecentRuns handles missing duration gracefully","status":"passed","title":"handles missing duration gracefully","duration":4.603573000000097,"failureMessages":[],"meta":{}},{"ancestorTitles":["RecentRuns"],"fullName":"RecentRuns shows loading skeleton when loading is true","status":"passed","title":"shows loading skeleton when loading is true","duration":12.753946000000042,"failureMessages":[],"meta":{}},{"ancestorTitles":["RecentRuns"],"fullName":"RecentRuns displays environment when present in run data","status":"passed","title":"displays environment when present in run data","duration":4.979773999999907,"failureMessages":[],"meta":{}},{"ancestorTitles":["RecentRuns"],"fullName":"RecentRuns filters runs by status when filter button is clicked","status":"passed","title":"filters runs by status when filter button is clicked","duration":164.4432670000001,"failureMessages":[],"meta":{}},{"ancestorTitles":["RecentRuns"],"fullName":"RecentRuns shows \"Show More\" button when runs exceed page size","status":"passed","title":"shows \"Show More\" button when runs exceed page size","duration":148.80095299999994,"failureMessages":[],"meta":{}},{"ancestorTitles":["RecentRuns"],"fullName":"RecentRuns loads more runs when \"Show More\" button is clicked","status":"passed","title":"loads more runs when \"Show More\" button is clicked","duration":188.68004200000018,"failureMessages":[],"meta":{}},{"ancestorTitles":["RecentRuns"],"fullName":"RecentRuns hides \"Show More\" button when all runs are visible","status":"passed","title":"hides \"Show More\" button when all runs are visible","duration":59.83649000000014,"failureMessages":[],"meta":{}},{"ancestorTitles":["RecentRuns"],"fullName":"RecentRuns shows empty message for filtered status with no matches","status":"passed","title":"shows empty message for filtered status with no matches","duration":40.69682499999999,"failureMessages":[],"meta":{}},{"ancestorTitles":["RecentRuns"],"fullName":"RecentRuns resets visible count when changing filter","status":"passed","title":"resets visible count when changing filter","duration":203.3441459999999,"failureMessages":[],"meta":{}},{"ancestorTitles":["RecentRuns"],"fullName":"RecentRuns renders filter pills with correct counts","status":"passed","title":"renders filter pills with correct counts","duration":49.337500999999975,"failureMessages":[],"meta":{}},{"ancestorTitles":["RecentRuns"],"fullName":"RecentRuns displays fallback projectId when project not found","status":"passed","title":"displays fallback projectId when project not found","duration":4.128337999999985,"failureMessages":[],"meta":{}}],"startTime":1771505604124,"endTime":1771505605283.1284,"status":"passed","message":"","name":"/home/ubuntu/.openclaw/workspace/projects/bdd-test-dashboard/src/components/recent-runs.test.tsx"},{"assertionResults":[{"ancestorTitles":["RunDetailSkeleton"],"fullName":"RunDetailSkeleton renders without crashing","status":"passed","title":"renders without crashing","duration":48.056561999999985,"failureMessages":[],"meta":{}},{"ancestorTitles":["RunDetailSkeleton"],"fullName":"RunDetailSkeleton renders 4 stat card skeletons","status":"passed","title":"renders 4 stat card skeletons","duration":21.577788000000055,"failureMessages":[],"meta":{}},{"ancestorTitles":["RunDetailSkeleton"],"fullName":"RunDetailSkeleton renders 2 scenario placeholder sections","status":"passed","title":"renders 2 scenario placeholder sections","duration":16.377365000000054,"failureMessages":[],"meta":{}},{"ancestorTitles":["RunDetailSkeleton"],"fullName":"RunDetailSkeleton contains pulse animation elements","status":"passed","title":"contains pulse animation elements","duration":25.542232000000013,"failureMessages":[],"meta":{}}],"startTime":1771505627103,"endTime":1771505627214.5422,"status":"passed","message":"","name":"/home/ubuntu/.openclaw/workspace/projects/bdd-test-dashboard/src/components/run-detail-skeleton.test.tsx"},{"assertionResults":[{"ancestorTitles":["RunTestsDialog"],"fullName":"RunTestsDialog renders nothing when closed","status":"passed","title":"renders nothing when closed","duration":15.702787000000058,"failureMessages":[],"meta":{}},{"ancestorTitles":["RunTestsDialog"],"fullName":"RunTestsDialog renders dialog when open","status":"passed","title":"renders dialog when open","duration":30.68285400000002,"failureMessages":[],"meta":{}},{"ancestorTitles":["RunTestsDialog"],"fullName":"RunTestsDialog renders all project tags","status":"passed","title":"renders all project tags","duration":17.36841900000013,"failureMessages":[],"meta":{}},{"ancestorTitles":["RunTestsDialog"],"fullName":"RunTestsDialog shows base command preview without tags","status":"passed","title":"shows base command preview without tags","duration":9.533265000000029,"failureMessages":[],"meta":{}},{"ancestorTitles":["RunTestsDialog"],"fullName":"RunTestsDialog updates command preview when tags are selected","status":"passed","title":"updates command preview when tags are selected","duration":17.89349500000003,"failureMessages":[],"meta":{}},{"ancestorTitles":["RunTestsDialog"],"fullName":"RunTestsDialog updates command preview with multiple tags","status":"passed","title":"updates command preview with multiple tags","duration":16.76683099999991,"failureMessages":[],"meta":{}},{"ancestorTitles":["RunTestsDialog"],"fullName":"RunTestsDialog deselects tag on second click","status":"passed","title":"deselects tag on second click","duration":17.120632000000114,"failureMessages":[],"meta":{}},{"ancestorTitles":["RunTestsDialog"],"fullName":"RunTestsDialog calls onClose when Close is clicked","status":"passed","title":"calls onClose when Close is clicked","duration":11.92996600000015,"failureMessages":[],"meta":{}},{"ancestorTitles":["RunTestsDialog"],"fullName":"RunTestsDialog calls onClose when backdrop is clicked","status":"passed","title":"calls onClose when backdrop is clicked","duration":16.649217000000135,"failureMessages":[],"meta":{}},{"ancestorTitles":["RunTestsDialog"],"fullName":"RunTestsDialog allows branch input change","status":"passed","title":"allows branch input change","duration":10.290103000000045,"failureMessages":[],"meta":{}},{"ancestorTitles":["RunTestsDialog"],"fullName":"RunTestsDialog shows coming soon notice explaining remote execution is not available","status":"passed","title":"shows coming soon notice explaining remote execution is not available","duration":7.93682600000011,"failureMessages":[],"meta":{}},{"ancestorTitles":["RunTestsDialog"],"fullName":"RunTestsDialog shows run locally command preview section","status":"passed","title":"shows run locally command preview section","duration":7.702579999999898,"failureMessages":[],"meta":{}},{"ancestorTitles":["RunTestsDialog"],"fullName":"RunTestsDialog handles project with no tags","status":"passed","title":"handles project with no tags","duration":7.949425999999903,"failureMessages":[],"meta":{}},{"ancestorTitles":["RunTestsDialog"],"fullName":"RunTestsDialog renders copy button next to command preview","status":"passed","title":"renders copy button next to command preview","duration":305.22439299999996,"failureMessages":[],"meta":{}},{"ancestorTitles":["RunTestsDialog"],"fullName":"RunTestsDialog calls clipboard.writeText with the command when copy is clicked","status":"passed","title":"calls clipboard.writeText with the command when copy is clicked","duration":126.67397400000004,"failureMessages":[],"meta":{}},{"ancestorTitles":["RunTestsDialog"],"fullName":"RunTestsDialog copies the full command including tags when tags are selected","status":"passed","title":"copies the full command including tags when tags are selected","duration":117.22935999999982,"failureMessages":[],"meta":{}},{"ancestorTitles":["RunTestsDialog"],"fullName":"RunTestsDialog shows checkmark feedback after copy and reverts after 2 seconds","status":"passed","title":"shows checkmark feedback after copy and reverts after 2 seconds","duration":259.55406700000003,"failureMessages":[],"meta":{}},{"ancestorTitles":["RunTestsDialog"],"fullName":"RunTestsDialog handles clipboard write error gracefully","status":"passed","title":"handles clipboard write error gracefully","duration":94.0894310000001,"failureMessages":[],"meta":{}},{"ancestorTitles":["RunTestsDialog"],"fullName":"RunTestsDialog includes custom branch in command preview","status":"passed","title":"includes custom branch in command preview","duration":11.437028000000282,"failureMessages":[],"meta":{}},{"ancestorTitles":["RunTestsDialog"],"fullName":"RunTestsDialog does not include BRANCH param when branch is \"main\"","status":"passed","title":"does not include BRANCH param when branch is \"main\"","duration":9.100006000000121,"failureMessages":[],"meta":{}},{"ancestorTitles":["RunTestsDialog"],"fullName":"RunTestsDialog closes dialog on Escape key press","status":"passed","title":"closes dialog on Escape key press","duration":9.674847000000227,"failureMessages":[],"meta":{}},{"ancestorTitles":["RunTestsDialog"],"fullName":"RunTestsDialog traps focus within dialog on Tab key","status":"passed","title":"traps focus within dialog on Tab key","duration":12.762253999999757,"failureMessages":[],"meta":{}},{"ancestorTitles":["RunTestsDialog"],"fullName":"RunTestsDialog traps focus backward on Shift+Tab","status":"passed","title":"traps focus backward on Shift+Tab","duration":6.787788000000091,"failureMessages":[],"meta":{}},{"ancestorTitles":["RunTestsDialog"],"fullName":"RunTestsDialog auto-focuses first focusable element when opened","status":"passed","title":"auto-focuses first focusable element when opened","duration":8.080269000000044,"failureMessages":[],"meta":{}},{"ancestorTitles":["RunTestsDialog"],"fullName":"RunTestsDialog returns focus to trigger element on close","status":"passed","title":"returns focus to trigger element on close","duration":5.944851000000199,"failureMessages":[],"meta":{}},{"ancestorTitles":["RunTestsDialog"],"fullName":"RunTestsDialog combines tags and custom branch in command preview","status":"passed","title":"combines tags and custom branch in command preview","duration":15.177842000000055,"failureMessages":[],"meta":{}},{"ancestorTitles":["RunTestsDialog"],"fullName":"RunTestsDialog handles empty branch input","status":"passed","title":"handles empty branch input","duration":8.178244000000177,"failureMessages":[],"meta":{}},{"ancestorTitles":["RunTestsDialog"],"fullName":"RunTestsDialog sets correct aria attributes for accessibility","status":"passed","title":"sets correct aria attributes for accessibility","duration":27.790068000000247,"failureMessages":[],"meta":{}},{"ancestorTitles":["RunTestsDialog"],"fullName":"RunTestsDialog sets aria-pressed on tag buttons to indicate selection state","status":"passed","title":"sets aria-pressed on tag buttons to indicate selection state","duration":10.844593000000259,"failureMessages":[],"meta":{}}],"startTime":1771505601874,"endTime":1771505603090.8445,"status":"passed","message":"","name":"/home/ubuntu/.openclaw/workspace/projects/bdd-test-dashboard/src/components/run-tests-dialog.test.tsx"},{"assertionResults":[{"ancestorTitles":["Skeleton"],"fullName":"Skeleton renders a div with animate-pulse class","status":"passed","title":"renders a div with animate-pulse class","duration":33.97228199999995,"failureMessages":[],"meta":{}},{"ancestorTitles":["Skeleton"],"fullName":"Skeleton applies additional className","status":"passed","title":"applies additional className","duration":2.58394700000008,"failureMessages":[],"meta":{}},{"ancestorTitles":["Skeleton"],"fullName":"Skeleton renders without className prop","status":"passed","title":"renders without className prop","duration":1.8368520000001354,"failureMessages":[],"meta":{}}],"startTime":1771505642712,"endTime":1771505642749.837,"status":"passed","message":"","name":"/home/ubuntu/.openclaw/workspace/projects/bdd-test-dashboard/src/components/skeleton.test.tsx"},{"assertionResults":[{"ancestorTitles":["Sparkline"],"fullName":"Sparkline returns null when data has fewer than 2 points","status":"passed","title":"returns null when data has fewer than 2 points","duration":14.462988999999993,"failureMessages":[],"meta":{}},{"ancestorTitles":["Sparkline"],"fullName":"Sparkline returns null for empty data","status":"passed","title":"returns null for empty data","duration":1.248279000000025,"failureMessages":[],"meta":{}},{"ancestorTitles":["Sparkline"],"fullName":"Sparkline renders an SVG with role=\"img\" for 2+ data points","status":"passed","title":"renders an SVG with role=\"img\" for 2+ data points","duration":196.47781500000008,"failureMessages":[],"meta":{}},{"ancestorTitles":["Sparkline"],"fullName":"Sparkline uses default dimensions 80x24","status":"passed","title":"uses default dimensions 80x24","duration":38.66344200000003,"failureMessages":[],"meta":{}},{"ancestorTitles":["Sparkline"],"fullName":"Sparkline accepts custom width and height","status":"passed","title":"accepts custom width and height","duration":31.389464999999973,"failureMessages":[],"meta":{}},{"ancestorTitles":["Sparkline"],"fullName":"Sparkline renders a polyline with correct stroke color","status":"passed","title":"renders a polyline with correct stroke color","duration":43.82068200000003,"failureMessages":[],"meta":{}},{"ancestorTitles":["Sparkline"],"fullName":"Sparkline renders a circle dot on the last data point","status":"passed","title":"renders a circle dot on the last data point","duration":42.88393700000006,"failureMessages":[],"meta":{}},{"ancestorTitles":["Sparkline"],"fullName":"Sparkline sets aria-label with formatted durations","status":"passed","title":"sets aria-label with formatted durations","duration":32.35509400000001,"failureMessages":[],"meta":{}},{"ancestorTitles":["Sparkline"],"fullName":"Sparkline applies custom className","status":"passed","title":"applies custom className","duration":29.18203799999992,"failureMessages":[],"meta":{}},{"ancestorTitles":["Sparkline"],"fullName":"Sparkline handles data where all values are the same (range=0)","status":"passed","title":"handles data where all values are the same (range=0)","duration":31.500559000000067,"failureMessages":[],"meta":{}}],"startTime":1771505615007,"endTime":1771505615468.5005,"status":"passed","message":"","name":"/home/ubuntu/.openclaw/workspace/projects/bdd-test-dashboard/src/components/sparkline.test.tsx"},{"assertionResults":[{"ancestorTitles":["SummaryCards"],"fullName":"SummaryCards renders 4 summary cards","status":"passed","title":"renders 4 summary cards","duration":39.44663799999989,"failureMessages":[],"meta":{}},{"ancestorTitles":["SummaryCards"],"fullName":"SummaryCards calculates correct totals from latest runs","status":"passed","title":"calculates correct totals from latest runs","duration":9.396304999999984,"failureMessages":[],"meta":{}},{"ancestorTitles":["SummaryCards"],"fullName":"SummaryCards shows 0 values when no runs exist","status":"passed","title":"shows 0 values when no runs exist","duration":6.828406000000086,"failureMessages":[],"meta":{}},{"ancestorTitles":["SummaryCards"],"fullName":"SummaryCards uses only the first (latest) run per project","status":"passed","title":"uses only the first (latest) run per project","duration":9.686856000000034,"failureMessages":[],"meta":{}},{"ancestorTitles":["SummaryCards"],"fullName":"SummaryCards shows empty state when no projects and no runs exist","status":"passed","title":"shows empty state when no projects and no runs exist","duration":4.433070000000043,"failureMessages":[],"meta":{}},{"ancestorTitles":["SummaryCards"],"fullName":"SummaryCards shows 4 metric cards when projects exist but no runs","status":"passed","title":"shows 4 metric cards when projects exist but no runs","duration":9.488423999999895,"failureMessages":[],"meta":{}}],"startTime":1771505623777,"endTime":1771505623856.4885,"status":"passed","message":"","name":"/home/ubuntu/.openclaw/workspace/projects/bdd-test-dashboard/src/components/summary-cards.test.tsx"},{"assertionResults":[{"ancestorTitles":["ThemeProvider"],"fullName":"ThemeProvider renders children","status":"passed","title":"renders children","duration":27.46008100000006,"failureMessages":[],"meta":{}},{"ancestorTitles":["ThemeProvider"],"fullName":"ThemeProvider adds dark class when theme is dark","status":"passed","title":"adds dark class when theme is dark","duration":2.9969280000000253,"failureMessages":[],"meta":{}},{"ancestorTitles":["ThemeProvider"],"fullName":"ThemeProvider removes dark class when theme is light","status":"passed","title":"removes dark class when theme is light","duration":2.0877140000000054,"failureMessages":[],"meta":{}}],"startTime":1771505639056,"endTime":1771505639089.0876,"status":"passed","message":"","name":"/home/ubuntu/.openclaw/workspace/projects/bdd-test-dashboard/src/components/theme-provider.test.tsx"},{"assertionResults":[{"ancestorTitles":["ToastContainer"],"fullName":"ToastContainer renders no toasts when toasts array is empty","status":"passed","title":"renders no toasts when toasts array is empty","duration":25.833197999999925,"failureMessages":[],"meta":{}},{"ancestorTitles":["ToastContainer"],"fullName":"ToastContainer renders a success toast","status":"passed","title":"renders a success toast","duration":10.657089000000042,"failureMessages":[],"meta":{}},{"ancestorTitles":["ToastContainer"],"fullName":"ToastContainer renders an error toast","status":"passed","title":"renders an error toast","duration":3.901626999999962,"failureMessages":[],"meta":{}},{"ancestorTitles":["ToastContainer"],"fullName":"ToastContainer renders an info toast","status":"passed","title":"renders an info toast","duration":3.3564239999999472,"failureMessages":[],"meta":{}},{"ancestorTitles":["ToastContainer"],"fullName":"ToastContainer shows max 3 toasts","status":"passed","title":"shows max 3 toasts","duration":9.054847999999879,"failureMessages":[],"meta":{}},{"ancestorTitles":["ToastContainer"],"fullName":"ToastContainer removes toast when X button is clicked","status":"passed","title":"removes toast when X button is clicked","duration":225.16235600000005,"failureMessages":[],"meta":{}},{"ancestorTitles":["ToastContainer"],"fullName":"ToastContainer auto-dismisses toast after 4 seconds","status":"passed","title":"auto-dismisses toast after 4 seconds","duration":4006.038174,"failureMessages":[],"meta":{}},{"ancestorTitles":["ToastContainer"],"fullName":"ToastContainer has accessible attributes","status":"passed","title":"has accessible attributes","duration":32.36319900000035,"failureMessages":[],"meta":{}}],"startTime":1771505593353,"endTime":1771505597669.3633,"status":"passed","message":"","name":"/home/ubuntu/.openclaw/workspace/projects/bdd-test-dashboard/src/components/toast.test.tsx"},{"assertionResults":[{"ancestorTitles":["TrendChart"],"fullName":"TrendChart renders empty state when no runs","status":"passed","title":"renders empty state when no runs","duration":31.55179200000009,"failureMessages":[],"meta":{}},{"ancestorTitles":["TrendChart"],"fullName":"TrendChart renders chart with data when runs exist within 14 days","status":"passed","title":"renders chart with data when runs exist within 14 days","duration":23.851032000000032,"failureMessages":[],"meta":{}},{"ancestorTitles":["TrendChart"],"fullName":"TrendChart shows percentage labels for each day","status":"passed","title":"shows percentage labels for each day","duration":4.0839260000000195,"failureMessages":[],"meta":{}},{"ancestorTitles":["TrendChart"],"fullName":"TrendChart calculates correct pass rate with mixed results","status":"passed","title":"calculates correct pass rate with mixed results","duration":4.317737999999963,"failureMessages":[],"meta":{}},{"ancestorTitles":["TrendChart"],"fullName":"TrendChart aggregates multiple runs in the same day","status":"passed","title":"aggregates multiple runs in the same day","duration":4.235431999999946,"failureMessages":[],"meta":{}},{"ancestorTitles":["TrendChart"],"fullName":"TrendChart shows empty state for runs older than 14 days","status":"passed","title":"shows empty state for runs older than 14 days","duration":3.5155379999999923,"failureMessages":[],"meta":{}},{"ancestorTitles":["TrendChart"],"fullName":"TrendChart shows 0% when total is 0 for a day","status":"passed","title":"shows 0% when total is 0 for a day","duration":3.9089859999999135,"failureMessages":[],"meta":{}},{"ancestorTitles":["TrendChart"],"fullName":"TrendChart initializes time range from localStorage","status":"passed","title":"initializes time range from localStorage","duration":5.662037000000055,"failureMessages":[],"meta":{}},{"ancestorTitles":["TrendChart"],"fullName":"TrendChart saves time range to localStorage when changed","status":"passed","title":"saves time range to localStorage when changed","duration":13.766143000000056,"failureMessages":[],"meta":{}},{"ancestorTitles":["TrendChart"],"fullName":"TrendChart updates chart when time range button is clicked","status":"passed","title":"updates chart when time range button is clicked","duration":8.31431299999997,"failureMessages":[],"meta":{}},{"ancestorTitles":["TrendChart"],"fullName":"TrendChart shows tooltip with skipped tests when skipped > 0","status":"passed","title":"shows tooltip with skipped tests when skipped > 0","duration":7.658512999999971,"failureMessages":[],"meta":{}},{"ancestorTitles":["TrendChart"],"fullName":"TrendChart toggles tooltip on click for mobile interaction","status":"passed","title":"toggles tooltip on click for mobile interaction","duration":13.86812000000009,"failureMessages":[],"meta":{}},{"ancestorTitles":["TrendChart"],"fullName":"TrendChart renders time range buttons in empty state","status":"passed","title":"renders time range buttons in empty state","duration":3.7708909999998923,"failureMessages":[],"meta":{}},{"ancestorTitles":["TrendChart"],"fullName":"TrendChart displays correct message for selected time range in empty state","status":"passed","title":"displays correct message for selected time range in empty state","duration":7.166834999999992,"failureMessages":[],"meta":{}}],"startTime":1771505621634,"endTime":1771505621769.1667,"status":"passed","message":"","name":"/home/ubuntu/.openclaw/workspace/projects/bdd-test-dashboard/src/components/trend-chart.test.tsx"},{"assertionResults":[{"ancestorTitles":["useKeyboardShortcuts","basic functionality"],"fullName":"useKeyboardShortcuts basic functionality registers a simple keyboard shortcut","status":"passed","title":"registers a simple keyboard shortcut","duration":15.982077000000004,"failureMessages":[],"meta":{}},{"ancestorTitles":["useKeyboardShortcuts","basic functionality"],"fullName":"useKeyboardShortcuts basic functionality handles case-insensitive key matching","status":"passed","title":"handles case-insensitive key matching","duration":1.4726689999999962,"failureMessages":[],"meta":{}},{"ancestorTitles":["useKeyboardShortcuts","basic functionality"],"fullName":"useKeyboardShortcuts basic functionality does not trigger handler for different key","status":"passed","title":"does not trigger handler for different key","duration":1.6372190000000728,"failureMessages":[],"meta":{}},{"ancestorTitles":["useKeyboardShortcuts","basic functionality"],"fullName":"useKeyboardShortcuts basic functionality cleans up event listener on unmount","status":"passed","title":"cleans up event listener on unmount","duration":1.2307399999999689,"failureMessages":[],"meta":{}},{"ancestorTitles":["useKeyboardShortcuts","modifier keys"],"fullName":"useKeyboardShortcuts modifier keys requires Alt key when alt: true","status":"passed","title":"requires Alt key when alt: true","duration":1.5272749999999178,"failureMessages":[],"meta":{}},{"ancestorTitles":["useKeyboardShortcuts","modifier keys"],"fullName":"useKeyboardShortcuts modifier keys requires Ctrl/Cmd key when ctrlOrCmd: true","status":"passed","title":"requires Ctrl/Cmd key when ctrlOrCmd: true","duration":1.3380369999999857,"failureMessages":[],"meta":{}},{"ancestorTitles":["useKeyboardShortcuts","modifier keys"],"fullName":"useKeyboardShortcuts modifier keys accepts metaKey (Cmd on Mac) when ctrlOrCmd: true","status":"passed","title":"accepts metaKey (Cmd on Mac) when ctrlOrCmd: true","duration":1.6534450000000334,"failureMessages":[],"meta":{}},{"ancestorTitles":["useKeyboardShortcuts","modifier keys"],"fullName":"useKeyboardShortcuts modifier keys rejects extra modifier keys when not specified","status":"passed","title":"rejects extra modifier keys when not specified","duration":1.2728700000000117,"failureMessages":[],"meta":{}},{"ancestorTitles":["useKeyboardShortcuts","modifier keys"],"fullName":"useKeyboardShortcuts modifier keys handles combined Alt + Ctrl shortcuts","status":"passed","title":"handles combined Alt + Ctrl shortcuts","duration":1.2873679999999013,"failureMessages":[],"meta":{}},{"ancestorTitles":["useKeyboardShortcuts","form field suppression"],"fullName":"useKeyboardShortcuts form field suppression suppresses shortcuts when focus is in input field","status":"passed","title":"suppresses shortcuts when focus is in input field","duration":2.9573010000000295,"failureMessages":[],"meta":{}},{"ancestorTitles":["useKeyboardShortcuts","form field suppression"],"fullName":"useKeyboardShortcuts form field suppression suppresses shortcuts when focus is in textarea","status":"passed","title":"suppresses shortcuts when focus is in textarea","duration":1.818269999999984,"failureMessages":[],"meta":{}},{"ancestorTitles":["useKeyboardShortcuts","form field suppression"],"fullName":"useKeyboardShortcuts form field suppression suppresses shortcuts when focus is in select field","status":"passed","title":"suppresses shortcuts when focus is in select field","duration":2.1894289999999046,"failureMessages":[],"meta":{}},{"ancestorTitles":["useKeyboardShortcuts","form field suppression"],"fullName":"useKeyboardShortcuts form field suppression suppresses shortcuts in contenteditable elements","status":"passed","title":"suppresses shortcuts in contenteditable elements","duration":2.13914299999999,"failureMessages":[],"meta":{}},{"ancestorTitles":["useKeyboardShortcuts","form field suppression"],"fullName":"useKeyboardShortcuts form field suppression allows Escape key even in form fields","status":"passed","title":"allows Escape key even in form fields","duration":1.3758589999999913,"failureMessages":[],"meta":{}},{"ancestorTitles":["useKeyboardShortcuts","conditional shortcuts"],"fullName":"useKeyboardShortcuts conditional shortcuts triggers shortcut when when: true","status":"passed","title":"triggers shortcut when when: true","duration":1.1529050000000325,"failureMessages":[],"meta":{}},{"ancestorTitles":["useKeyboardShortcuts","conditional shortcuts"],"fullName":"useKeyboardShortcuts conditional shortcuts skips shortcut when when: false","status":"passed","title":"skips shortcut when when: false","duration":1.1198389999999563,"failureMessages":[],"meta":{}},{"ancestorTitles":["useKeyboardShortcuts","conditional shortcuts"],"fullName":"useKeyboardShortcuts conditional shortcuts triggers shortcut when when is undefined (defaults to true)","status":"passed","title":"triggers shortcut when when is undefined (defaults to true)","duration":1.1069929999999886,"failureMessages":[],"meta":{}},{"ancestorTitles":["useKeyboardShortcuts","multiple shortcuts"],"fullName":"useKeyboardShortcuts multiple shortcuts registers multiple shortcuts","status":"passed","title":"registers multiple shortcuts","duration":1.3442790000000286,"failureMessages":[],"meta":{}},{"ancestorTitles":["useKeyboardShortcuts","multiple shortcuts"],"fullName":"useKeyboardShortcuts multiple shortcuts stops after first matching shortcut","status":"passed","title":"stops after first matching shortcut","duration":1.1903999999999542,"failureMessages":[],"meta":{}},{"ancestorTitles":["useKeyboardShortcuts","event prevention"],"fullName":"useKeyboardShortcuts event prevention prevents default behavior when shortcut matches","status":"passed","title":"prevents default behavior when shortcut matches","duration":2.274622000000022,"failureMessages":[],"meta":{}},{"ancestorTitles":["useKeyboardShortcuts","event prevention"],"fullName":"useKeyboardShortcuts event prevention does not prevent default when no shortcut matches","status":"passed","title":"does not prevent default when no shortcut matches","duration":2.8632049999999936,"failureMessages":[],"meta":{}}],"startTime":1771505634501,"endTime":1771505634550.8633,"status":"passed","message":"","name":"/home/ubuntu/.openclaw/workspace/projects/bdd-test-dashboard/src/hooks/use-keyboard-shortcuts.test.ts"},{"assertionResults":[{"ancestorTitles":["announce"],"fullName":"announce clears then sets textContent via rAF","status":"passed","title":"clears then sets textContent via rAF","duration":23.306779000000006,"failureMessages":[],"meta":{}},{"ancestorTitles":["announce"],"fullName":"announce does nothing when element is missing","status":"passed","title":"does nothing when element is missing","duration":0.6331669999999576,"failureMessages":[],"meta":{}},{"ancestorTitles":["announce"],"fullName":"announce does nothing on server (no document)","status":"passed","title":"does nothing on server (no document)","duration":0.31896100000005845,"failureMessages":[],"meta":{}},{"ancestorTitles":["announceDebounced"],"fullName":"announceDebounced debounces rapid calls","status":"passed","title":"debounces rapid calls","duration":5.656464000000028,"failureMessages":[],"meta":{}},{"ancestorTitles":["announceDebounced"],"fullName":"announceDebounced uses default 1000ms delay","status":"passed","title":"uses default 1000ms delay","duration":1.2416539999999259,"failureMessages":[],"meta":{}}],"startTime":1771505638166,"endTime":1771505638198.2417,"status":"passed","message":"","name":"/home/ubuntu/.openclaw/workspace/projects/bdd-test-dashboard/src/lib/announce.test.ts"},{"assertionResults":[{"ancestorTitles":["firebase"],"fullName":"firebase initializes a new app when no apps exist","status":"passed","title":"initializes a new app when no apps exist","duration":24.851110000000062,"failureMessages":[],"meta":{}},{"ancestorTitles":["firebase"],"fullName":"firebase reuses existing app when one already exists","status":"passed","title":"reuses existing app when one already exists","duration":1.400131999999985,"failureMessages":[],"meta":{}},{"ancestorTitles":["firebase"],"fullName":"firebase exports firebaseConfig with correct projectId","status":"passed","title":"exports firebaseConfig with correct projectId","duration":0.6818799999999783,"failureMessages":[],"meta":{}}],"startTime":1771505648892,"endTime":1771505648919.682,"status":"passed","message":"","name":"/home/ubuntu/.openclaw/workspace/projects/bdd-test-dashboard/src/lib/firebase.test.ts"},{"assertionResults":[{"ancestorTitles":["sanitizeTimestamps"],"fullName":"sanitizeTimestamps passes plain values through unchanged","status":"passed","title":"passes plain values through unchanged","duration":2.5441680000000133,"failureMessages":[],"meta":{}},{"ancestorTitles":["sanitizeTimestamps"],"fullName":"sanitizeTimestamps converts Timestamp to ISO string","status":"passed","title":"converts Timestamp to ISO string","duration":0.6431789999999182,"failureMessages":[],"meta":{}},{"ancestorTitles":["sanitizeTimestamps"],"fullName":"sanitizeTimestamps handles nested objects with Timestamps","status":"passed","title":"handles nested objects with Timestamps","duration":0.3460690000000568,"failureMessages":[],"meta":{}},{"ancestorTitles":["sanitizeTimestamps"],"fullName":"sanitizeTimestamps handles arrays with Timestamps","status":"passed","title":"handles arrays with Timestamps","duration":0.2889870000000201,"failureMessages":[],"meta":{}},{"ancestorTitles":["sanitizeTimestamps"],"fullName":"sanitizeTimestamps handles arrays with nested objects containing Timestamps","status":"passed","title":"handles arrays with nested objects containing Timestamps","duration":0.31159500000001117,"failureMessages":[],"meta":{}},{"ancestorTitles":["sanitizeTimestamps"],"fullName":"sanitizeTimestamps handles null and undefined values","status":"passed","title":"handles null and undefined values","duration":0.29191800000000967,"failureMessages":[],"meta":{}}],"startTime":1771505649680,"endTime":1771505649684.3115,"status":"passed","message":"","name":"/home/ubuntu/.openclaw/workspace/projects/bdd-test-dashboard/src/lib/firestore-utils.test.ts"},{"assertionResults":[{"ancestorTitles":["cn"],"fullName":"cn merges class names","status":"passed","title":"merges class names","duration":10.016919999999914,"failureMessages":[],"meta":{}},{"ancestorTitles":["cn"],"fullName":"cn handles conditional classes","status":"passed","title":"handles conditional classes","duration":0.3010140000000092,"failureMessages":[],"meta":{}},{"ancestorTitles":["cn"],"fullName":"cn handles empty input","status":"passed","title":"handles empty input","duration":0.1650720000000092,"failureMessages":[],"meta":{}},{"ancestorTitles":["formatDuration"],"fullName":"formatDuration formats milliseconds","status":"passed","title":"formats milliseconds","duration":0.2237920000000031,"failureMessages":[],"meta":{}},{"ancestorTitles":["formatDuration"],"fullName":"formatDuration formats seconds","status":"passed","title":"formats seconds","duration":0.20718799999997373,"failureMessages":[],"meta":{}},{"ancestorTitles":["formatDuration"],"fullName":"formatDuration formats minutes and seconds","status":"passed","title":"formats minutes and seconds","duration":0.11345300000004954,"failureMessages":[],"meta":{}},{"ancestorTitles":["formatRelativeTime"],"fullName":"formatRelativeTime returns \"just now\" for recent timestamps","status":"passed","title":"returns \"just now\" for recent timestamps","duration":2.0142250000000104,"failureMessages":[],"meta":{}},{"ancestorTitles":["formatRelativeTime"],"fullName":"formatRelativeTime returns minutes ago","status":"passed","title":"returns minutes ago","duration":0.3112859999999955,"failureMessages":[],"meta":{}},{"ancestorTitles":["formatRelativeTime"],"fullName":"formatRelativeTime returns hours ago","status":"passed","title":"returns hours ago","duration":0.23689300000000912,"failureMessages":[],"meta":{}},{"ancestorTitles":["formatRelativeTime"],"fullName":"formatRelativeTime returns days ago","status":"passed","title":"returns days ago","duration":0.21844899999996414,"failureMessages":[],"meta":{}},{"ancestorTitles":["formatRelativeTime"],"fullName":"formatRelativeTime returns formatted date for old timestamps","status":"passed","title":"returns formatted date for old timestamps","duration":13.537549000000013,"failureMessages":[],"meta":{}},{"ancestorTitles":["formatDate"],"fullName":"formatDate formats ISO date string","status":"passed","title":"formats ISO date string","duration":0.3480899999999565,"failureMessages":[],"meta":{}},{"ancestorTitles":["formatDate"],"fullName":"formatDate formats another date","status":"passed","title":"formats another date","duration":0.2554800000000341,"failureMessages":[],"meta":{}},{"ancestorTitles":["formatTime"],"fullName":"formatTime formats time with UTC suffix","status":"passed","title":"formats time with UTC suffix","duration":0.5163189999999531,"failureMessages":[],"meta":{}},{"ancestorTitles":["statusColor"],"fullName":"statusColor returns green for passed","status":"passed","title":"returns green for passed","duration":0.12969399999997222,"failureMessages":[],"meta":{}},{"ancestorTitles":["statusColor"],"fullName":"statusColor returns red for failed","status":"passed","title":"returns red for failed","duration":0.17759300000000167,"failureMessages":[],"meta":{}},{"ancestorTitles":["statusColor"],"fullName":"statusColor returns yellow for skipped","status":"passed","title":"returns yellow for skipped","duration":0.10559399999999641,"failureMessages":[],"meta":{}},{"ancestorTitles":["statusColor"],"fullName":"statusColor returns slate for unknown","status":"passed","title":"returns slate for unknown","duration":0.06849700000009307,"failureMessages":[],"meta":{}},{"ancestorTitles":["statusBg"],"fullName":"statusBg returns emerald bg for passed","status":"passed","title":"returns emerald bg for passed","duration":0.10031600000002072,"failureMessages":[],"meta":{}},{"ancestorTitles":["statusBg"],"fullName":"statusBg returns red bg for failed","status":"passed","title":"returns red bg for failed","duration":0.06577500000003056,"failureMessages":[],"meta":{}},{"ancestorTitles":["statusBg"],"fullName":"statusBg returns yellow bg for skipped","status":"passed","title":"returns yellow bg for skipped","duration":0.061554000000001,"failureMessages":[],"meta":{}},{"ancestorTitles":["statusBg"],"fullName":"statusBg returns blue bg for pending","status":"passed","title":"returns blue bg for pending","duration":0.06128000000001066,"failureMessages":[],"meta":{}},{"ancestorTitles":["statusBg"],"fullName":"statusBg returns blue bg for running","status":"passed","title":"returns blue bg for running","duration":0.062233999999989464,"failureMessages":[],"meta":{}},{"ancestorTitles":["statusBg"],"fullName":"statusBg returns slate bg for unknown status","status":"passed","title":"returns slate bg for unknown status","duration":0.06220100000007278,"failureMessages":[],"meta":{}},{"ancestorTitles":["generateCsv"],"fullName":"generateCsv generates a CSV with correct headers","status":"passed","title":"generates a CSV with correct headers","duration":0.6603630000000749,"failureMessages":[],"meta":{}},{"ancestorTitles":["generateCsv"],"fullName":"generateCsv includes correct number of rows (header + data)","status":"passed","title":"includes correct number of rows (header + data)","duration":1.180268999999953,"failureMessages":[],"meta":{}},{"ancestorTitles":["generateCsv"],"fullName":"generateCsv includes run id in each row","status":"passed","title":"includes run id in each row","duration":0.47726699999998345,"failureMessages":[],"meta":{}},{"ancestorTitles":["generateCsv"],"fullName":"generateCsv includes branch and environment in rows","status":"passed","title":"includes branch and environment in rows","duration":0.4556519999999864,"failureMessages":[],"meta":{}},{"ancestorTitles":["generateCsv"],"fullName":"generateCsv includes status in rows","status":"passed","title":"includes status in rows","duration":0.3510949999999866,"failureMessages":[],"meta":{}},{"ancestorTitles":["generateCsv"],"fullName":"generateCsv includes summary counts","status":"passed","title":"includes summary counts","duration":0.3912669999999707,"failureMessages":[],"meta":{}},{"ancestorTitles":["generateCsv"],"fullName":"generateCsv includes formatted duration","status":"passed","title":"includes formatted duration","duration":0.34289699999999357,"failureMessages":[],"meta":{}},{"ancestorTitles":["generateCsv"],"fullName":"generateCsv derives status from summary when status is not set","status":"passed","title":"derives status from summary when status is not set","duration":0.49551599999995233,"failureMessages":[],"meta":{}},{"ancestorTitles":["generateCsv"],"fullName":"generateCsv handles empty run list","status":"passed","title":"handles empty run list","duration":0.2386069999998881,"failureMessages":[],"meta":{}},{"ancestorTitles":["generateCsv"],"fullName":"generateCsv escapes commas in values","status":"passed","title":"escapes commas in values","duration":0.2854979999999614,"failureMessages":[],"meta":{}},{"ancestorTitles":["generateCsv"],"fullName":"generateCsv escapes double quotes in values","status":"passed","title":"escapes double quotes in values","duration":0.25298399999996946,"failureMessages":[],"meta":{}},{"ancestorTitles":["generateCsv"],"fullName":"generateCsv handles undefined optional fields gracefully","status":"passed","title":"handles undefined optional fields gracefully","duration":0.4021139999999832,"failureMessages":[],"meta":{}},{"ancestorTitles":["deriveRunStatus"],"fullName":"deriveRunStatus returns explicit status field when provided","status":"passed","title":"returns explicit status field when provided","duration":0.1377949999999828,"failureMessages":[],"meta":{}},{"ancestorTitles":["deriveRunStatus"],"fullName":"deriveRunStatus returns \"failed\" when summary has failed > 0 and no explicit status","status":"passed","title":"returns \"failed\" when summary has failed > 0 and no explicit status","duration":0.08377400000006219,"failureMessages":[],"meta":{}},{"ancestorTitles":["deriveRunStatus"],"fullName":"deriveRunStatus returns \"skipped\" when summary has skipped > 0, failed = 0, and no explicit status","status":"passed","title":"returns \"skipped\" when summary has skipped > 0, failed = 0, and no explicit status","duration":0.06912199999999302,"failureMessages":[],"meta":{}},{"ancestorTitles":["deriveRunStatus"],"fullName":"deriveRunStatus returns \"passed\" when all tests passed (no failures or skips)","status":"passed","title":"returns \"passed\" when all tests passed (no failures or skips)","duration":0.06386599999996179,"failureMessages":[],"meta":{}},{"ancestorTitles":["deriveRunStatus"],"fullName":"deriveRunStatus returns \"passed\" when summary is missing","status":"passed","title":"returns \"passed\" when summary is missing","duration":0.06411800000000767,"failureMessages":[],"meta":{}},{"ancestorTitles":["deriveRunStatus"],"fullName":"deriveRunStatus returns \"passed\" when summary fields are undefined","status":"passed","title":"returns \"passed\" when summary fields are undefined","duration":0.06669699999997647,"failureMessages":[],"meta":{}},{"ancestorTitles":["deriveRunStatus"],"fullName":"deriveRunStatus prioritizes explicit status over summary derivation","status":"passed","title":"prioritizes explicit status over summary derivation","duration":0.0645200000000159,"failureMessages":[],"meta":{}},{"ancestorTitles":["downloadCsv"],"fullName":"downloadCsv creates a Blob with correct content and type","status":"passed","title":"creates a Blob with correct content and type","duration":1.4591090000000122,"failureMessages":[],"meta":{}},{"ancestorTitles":["downloadCsv"],"fullName":"downloadCsv creates a blob URL from the content","status":"passed","title":"creates a blob URL from the content","duration":0.2493929999999409,"failureMessages":[],"meta":{}},{"ancestorTitles":["downloadCsv"],"fullName":"downloadCsv creates an anchor element","status":"passed","title":"creates an anchor element","duration":1.0546259999999847,"failureMessages":[],"meta":{}},{"ancestorTitles":["downloadCsv"],"fullName":"downloadCsv sets the download filename on the anchor","status":"passed","title":"sets the download filename on the anchor","duration":0.2144779999999855,"failureMessages":[],"meta":{}},{"ancestorTitles":["downloadCsv"],"fullName":"downloadCsv sets the href to the blob URL","status":"passed","title":"sets the href to the blob URL","duration":0.19102399999997033,"failureMessages":[],"meta":{}},{"ancestorTitles":["downloadCsv"],"fullName":"downloadCsv triggers a click on the anchor element","status":"passed","title":"triggers a click on the anchor element","duration":0.15082199999994828,"failureMessages":[],"meta":{}},{"ancestorTitles":["downloadCsv"],"fullName":"downloadCsv revokes the object URL after download","status":"passed","title":"revokes the object URL after download","duration":0.19178499999998166,"failureMessages":[],"meta":{}},{"ancestorTitles":["downloadCsv"],"fullName":"downloadCsv handles empty content","status":"passed","title":"handles empty content","duration":0.17266600000004928,"failureMessage
[...]
locations":[{"start":{"line":103,"column":36},"end":{"line":103,"column":52}},{"start":{"line":103,"column":52},"end":{"line":103,"column":53}}],"line":103}},"s":{"0":483,"1":171,"2":21,"3":150,"4":150,"5":133,"6":17,"7":17,"8":17,"9":14,"10":14,"11":14,"12":10,"13":4,"14":4,"15":1,"16":3,"17":3,"18":1,"19":2,"20":2,"21":1,"22":1,"23":150,"24":148,"25":159,"26":131,"27":28,"28":12,"29":16,"30":4,"31":12,"32":23,"33":9,"34":10,"35":3,"36":1,"37":150,"38":114,"39":26,"40":6,"41":1,"42":2,"43":1,"44":220,"45":220,"46":22,"47":198,"48":13,"49":13,"50":20,"51":20,"52":13,"53":13,"54":10,"55":10,"56":10,"57":10,"58":10,"59":10,"60":10},"f":{"0":483,"1":171,"2":14,"3":150,"4":148,"5":159,"6":23,"7":150,"8":220,"9":13,"10":20,"11":10},"b":{"0":[21,150],"1":[133,17],"2":[10,4],"3":[1,3],"4":[1,2],"5":[1,1],"6":[131,28],"7":[12,16],"8":[28,3],"9":[4,12],"10":[16,3],"11":[9,10,3,1],"12":[114,26,6,1,2,1],"13":[220,14],"14":[22,198],"15":[220,199,198],"16":[20,1]},"meta":{"lastBranch":17,"lastFunction":12,"lastStatement":61,"seen":{"f:4:16:4:22":0,"s:5:2:5:Infinity":0,"f:8:16:8:31":1,"b:9:2:9:Infinity:undefined:undefined:undefined:undefined":0,"s:9:2:9:Infinity":1,"s:9:17:9:Infinity":2,"s:10:12:10:Infinity":3,"b:11:2:11:Infinity:undefined:undefined:undefined:undefined":1,"s:11:2:11:Infinity":4,"s:11:14:11:Infinity":5,"s:12:12:12:Infinity":6,"s:13:14:13:Infinity":7,"s:14:2:14:Infinity":8,"f:17:16:17:35":2,"s:18:15:18:Infinity":9,"s:19:18:19:Infinity":10,"b:20:2:20:Infinity:undefined:undefined:undefined:undefined":2,"s:20:2:20:Infinity":11,"s:20:20:20:Infinity":12,"s:21:18:21:Infinity":13,"b:22:2:22:Infinity:undefined:undefined:undefined:undefined":3,"s:22:2:22:Infinity":14,"s:22:20:22:Infinity":15,"s:23:16:23:Infinity":16,"b:24:2:24:Infinity:undefined:undefined:undefined:undefined":4,"s:24:2:24:Infinity":17,"s:24:18:24:Infinity":18,"s:25:15:25:Infinity":19,"b:26:2:26:Infinity:undefined:undefined:undefined:undefined":5,"s:26:2:26:Infinity":20,"s:26:17:26:Infinity":21,"s:27:2:27:Infinity":22,"f:30:16:30:27":3,"s:31:2:31:Infinity":23,"f:34:16:34:27":4,"s:35:2:35:Infinity":24,"f:38:16:38:32":5,"b:39:2:39:Infinity:undefined:undefined:undefined:undefined":6,"s:39:2:39:Infinity":25,"s:39:18:39:Infinity":26,"b:40:2:40:Infinity:undefined:undefined:undefined:undefined":7,"s:40:2:40:Infinity":27,"b:40:7:40:30:40:30:40:35":8,"s:40:38:40:Infinity":28,"b:41:2:41:Infinity:undefined:undefined:undefined:undefined":9,"s:41:2:41:Infinity":29,"b:41:7:41:31:41:31:41:36":10,"s:41:39:41:Infinity":30,"s:42:2:42:Infinity":31,"f:45:16:45:28":6,"b:47:4:47:Infinity:48:4:48:Infinity:49:4:49:Infinity:50:4:50:Infinity":11,"s:46:2:51:Infinity":32,"s:47:19:47:Infinity":33,"s:48:19:48:Infinity":34,"s:49:20:49:Infinity":35,"s:50:13:50:Infinity":36,"f:54:16:54:25":7,"b:56:4:56:Infinity:57:4:57:Infinity:58:4:58:Infinity:59:4:59:Infinity:60:4:60:Infinity:61:4:61:Infinity":12,"s:55:2:62:Infinity":37,"s:56:19:56:Infinity":38,"s:57:19:57:Infinity":39,"s:58:20:58:Infinity":40,"s:59:20:59:Infinity":41,"s:60:20:60:Infinity":42,"s:61:13:61:Infinity":43,"f:80:9:80:24":8,"s:81:14:81:Infinity":44,"b:81:21:81:30:81:30:81:32":13,"b:82:2:84:Infinity:undefined:undefined:undefined:undefined":14,"s:82:2:84:Infinity":45,"b:82:6:82:27:82:27:82:48:82:48:82:68":15,"s:83:4:83:Infinity":46,"s:85:2:85:Infinity":47,"f:88:16:88:28":9,"s:89:18:89:Infinity":48,"s:90:15:105:Infinity":49,"f:90:24:90:31":10,"s:91:19:91:Infinity":50,"s:92:4:104:Infinity":51,"b:103:36:103:52:103:52:103:53":16,"s:106:2:106:Infinity":52,"s:107:2:107:Infinity":53,"f:110:16:110:28":11,"s:111:15:111:Infinity":54,"s:112:14:112:Infinity":55,"s:113:12:113:Infinity":56,"s:114:2:114:Infinity":57,"s:115:2:115:Infinity":58,"s:116:2:116:Infinity":59,"s:117:2:117:Infinity":60}}},"/home/ubuntu/.openclaw/workspace/projects/bdd-test-dashboard/src/store/use-dashboard-store.ts":{"path":"/home/ubuntu/.openclaw/workspace/projects/bdd-test-dashboard/src/store/use-dashboard-store.ts","statementMap":{"0":{"start":{"line":94,"column":13},"end":{"line":166,"column":null}},"1":{"start":{"line":94,"column":71},"end":{"line":166,"column":2}},"2":{"start":{"line":102,"column":25},"end":{"line":102,"column":null}},"3":{"start":{"line":104,"column":29},"end":{"line":104,"column":null}},"4":{"start":{"line":106,"column":40},"end":{"line":108,"column":null}},"5":{"start":{"line":106,"column":50},"end":{"line":108,"column":4}},"6":{"start":{"line":109,"column":23},"end":{"line":109,"column":null}},"7":{"start":{"line":109,"column":33},"end":{"line":109,"column":79}},"8":{"start":{"line":109,"column":64},"end":{"line":109,"column":75}},"9":{"start":{"line":110,"column":18},"end":{"line":110,"column":123}},"10":{"start":{"line":110,"column":24},"end":{"line":110,"column":87}},"11":{"start":{"line":110,"column":97},"end":{"line":110,"column":121}},"12":{"start":{"line":111,"column":21},"end":{"line":115,"column":null}},"13":{"start":{"line":112,"column":17},"end":{"line":112,"column":null}},"14":{"start":{"line":113,"column":4},"end":{"line":113,"column":null}},"15":{"start":{"line":113,"column":10},"end":{"line":113,"column":51}},"16":{"start":{"line":114,"column":4},"end":{"line":114,"column":null}},"17":{"start":{"line":116,"column":29},"end":{"line":116,"column":null}},"18":{"start":{"line":117,"column":21},"end":{"line":117,"column":null}},"19":{"start":{"line":118,"column":35},"end":{"line":118,"column":null}},"20":{"start":{"line":119,"column":27},"end":{"line":119,"column":null}},"21":{"start":{"line":120,"column":23},"end":{"line":120,"column":null}},"22":{"start":{"line":121,"column":28},"end":{"line":121,"column":null}},"23":{"start":{"line":123,"column":15},"end":{"line":123,"column":null}},"24":{"start":{"line":123,"column":25},"end":{"line":123,"column":86}},"25":{"start":{"line":124,"column":22},"end":{"line":124,"column":null}},"26":{"start":{"line":124,"column":47},"end":{"line":124,"column":58}},"27":{"start":{"line":125,"column":32},"end":{"line":125,"column":null}},"28":{"start":{"line":125,"column":53},"end":{"line":125,"column":96}},"29":{"start":{"line":128,"column":31},"end":{"line":128,"column":null}},"30":{"start":{"line":129,"column":23},"end":{"line":131,"column":null}},"31":{"start":{"line":130,"column":6},"end":{"line":130,"column":null}},"32":{"start":{"line":130,"column":21},"end":{"line":130,"column":41}},"33":{"start":{"line":132,"column":14},"end":{"line":137,"column":null}},"34":{"start":{"line":132,"column":45},"end":{"line":137,"column":8}},"35":{"start":{"line":138,"column":4},"end":{"line":138,"column":null}},"36":{"start":{"line":142,"column":21},"end":{"line":142,"column":null}},"37":{"start":{"line":143,"column":16},"end":{"line":143,"column":null}},"38":{"start":{"line":144,"column":72},"end":{"line":144,"column":null}},"39":{"start":{"line":145,"column":4},"end":{"line":163,"column":null}},"40":{"start":{"line":145,"column":17},"end":{"line":145,"column":27}},"41":{"start":{"line":146,"column":23},"end":{"line":146,"column":null}},"42":{"start":{"line":147,"column":21},"end":{"line":147,"column":null}},"43":{"start":{"line":148,"column":24},"end":{"line":151,"column":null}},"44":{"start":{"line":149,"column":18},"end":{"line":149,"column":null}},"45":{"start":{"line":150,"column":8},"end":{"line":150,"column":null}},"46":{"start":{"line":152,"column":6},"end":{"line":162,"column":null}},"47":{"start":{"line":153,"column":23},"end":{"line":156,"column":null}},"48":{"start":{"line":153,"column":51},"end":{"line":156,"column":12}},"49":{"start":{"line":157,"column":8},"end":{"line":161,"column":null}},"50":{"start":{"line":164,"column":4},"end":{"line":164,"column":null}}},"fnMap":{"0":{"name":"(anonymous_0)","decl":{"start":{"line":94,"column":56},"end":{"line":94,"column":57}},"loc":{"start":{"line":94,"column":71},"end":{"line":166,"column":2}},"line":94},"1":{"name":"(anonymous_1)","decl":{"start":{"line":102,"column":16},"end":{"line":102,"column":17}},"loc":{"start":{"line":102,"column":25},"end":{"line":102,"column":null}},"line":102},"2":{"name":"(anonymous_2)","decl":{"start":{"line":104,"column":20},"end":{"line":104,"column":21}},"loc":{"start":{"line":104,"column":29},"end":{"line":104,"column":null}},"line":104},"3":{"name":"(anonymous_3)","decl":{"start":{"line":106,"column":12},"end":{"line":106,"column":13}},"loc":{"start":{"line":106,"column":40},"end":{"line":108,"column":null}},"line":106},"4":{"name":"(anonymous_4)","decl":{"start":{"line":106,"column":44},"end":{"line":106,"column":50}},"loc":{"start":{"line":106,"column":50},"end":{"line":108,"column":4}},"line":106},"5":{"name":"(anonymous_5)","decl":{"start":{"line":109,"column":15},"end":{"line":109,"column":16}},"loc":{"start":{"line":109,"column":23},"end":{"line":109,"column":null}},"line":109},"6":{"name":"(anonymous_6)","decl":{"start":{"line":109,"column":27},"end":{"line":109,"column":33}},"loc":{"start":{"line":109,"column":33},"end":{"line":109,"column":79}},"line":109},"7":{"name":"(anonymous_7)","decl":{"start":{"line":109,"column":59},"end":{"line":109,"column":64}},"loc":{"start":{"line":109,"column":64},"end":{"line":109,"column":75}},"line":109},"8":{"name":"(anonymous_8)","decl":{"start":{"line":110,"column":10},"end":{"line":110,"column":16}},"loc":{"start":{"line":110,"column":16},"end":{"line":110,"column":126}},"line":110},"9":{"name":"(anonymous_9)","decl":{"start":{"line":111,"column":15},"end":{"line":111,"column":21}},"loc":{"start":{"line":111,"column":21},"end":{"line":115,"column":null}},"line":111},"10":{"name":"(anonymous_10)","decl":{"start":{"line":111,"column":25},"end":{"line":111,"column":30}},"loc":{"start":{"line":111,"column":30},"end":{"line":115,"column":3}},"line":111},"11":{"name":"(anonymous_11)","decl":{"start":{"line":116,"column":15},"end":{"line":116,"column":16}},"loc":{"start":{"line":116,"column":29},"end":{"line":116,"column":null}},"line":116},"12":{"name":"(anonymous_12)","decl":{"start":{"line":117,"column":11},"end":{"line":117,"column":12}},"loc":{"start":{"line":117,"column":21},"end":{"line":117,"column":null}},"line":117},"13":{"name":"(anonymous_13)","decl":{"start":{"line":118,"column":20},"end":{"line":118,"column":21}},"loc":{"start":{"line":118,"column":35},"end":{"line":118,"column":null}},"line":118},"14":{"name":"(anonymous_14)","decl":{"start":{"line":119,"column":14},"end":{"line":119,"column":15}},"loc":{"start":{"line":119,"column":27},"end":{"line":119,"column":null}},"line":119},"15":{"name":"(anonymous_15)","decl":{"start":{"line":120,"column":12},"end":{"line":120,"column":13}},"loc":{"start":{"line":120,"column":23},"end":{"line":120,"column":null}},"line":120},"16":{"name":"(anonymous_16)","decl":{"start":{"line":121,"column":20},"end":{"line":121,"column":21}},"loc":{"start":{"line":121,"column":28},"end":{"line":121,"column":null}},"line":121},"17":{"name":"(anonymous_17)","decl":{"start":{"line":123,"column":9},"end":{"line":123,"column":15}},"loc":{"start":{"line":123,"column":15},"end":{"line":123,"column":null}},"line":123},"18":{"name":"(anonymous_18)","decl":{"start":{"line":123,"column":19},"end":{"line":123,"column":25}},"loc":{"start":{"line":123,"column":25},"end":{"line":123,"column":86}},"line":123},"19":{"name":"(anonymous_19)","decl":{"start":{"line":124,"column":14},"end":{"line":124,"column":15}},"loc":{"start":{"line":124,"column":22},"end":{"line":124,"column":null}},"line":124},"20":{"name":"(anonymous_20)","decl":{"start":{"line":124,"column":42},"end":{"line":124,"column":47}},"loc":{"start":{"line":124,"column":47},"end":{"line":124,"column":58}},"line":124},"21":{"name":"(anonymous_21)","decl":{"start":{"line":125,"column":10},"end":{"line":125,"column":11}},"loc":{"start":{"line":125,"column":32},"end":{"line":125,"column":null}},"line":125},"22":{"name":"(anonymous_22)","decl":{"start":{"line":125,"column":48},"end":{"line":125,"column":53}},"loc":{"start":{"line":125,"column":53},"end":{"line":125,"column":96}},"line":125},"23":{"name":"(anonymous_23)","decl":{"start":{"line":127,"column":20},"end":{"line":127,"column":26}},"loc":{"start":{"line":127,"column":26},"end":{"line":139,"column":null}},"line":127},"24":{"name":"(anonymous_24)","decl":{"start":{"line":129,"column":36},"end":{"line":129,"column":null}},"loc":{"start":{"line":130,"column":6},"end":{"line":130,"column":null}},"line":130},"25":{"name":"(anonymous_25)","decl":{"start":{"line":130,"column":16},"end":{"line":130,"column":21}},"loc":{"start":{"line":130,"column":21},"end":{"line":130,"column":41}},"line":130},"26":{"name":"(anonymous_26)","decl":{"start":{"line":132,"column":32},"end":{"line":132,"column":33}},"loc":{"start":{"line":132,"column":45},"end":{"line":137,"column":8}},"line":132},"27":{"name":"(anonymous_27)","decl":{"start":{"line":141,"column":16},"end":{"line":141,"column":17}},"loc":{"start":{"line":141,"column":26},"end":{"line":165,"column":null}},"line":141},"28":{"name":"(anonymous_28)","decl":{"start":{"line":148,"column":36},"end":{"line":148,"column":41}},"loc":{"start":{"line":148,"column":41},"end":{"line":151,"column":7}},"line":148},"29":{"name":"(anonymous_29)","decl":{"start":{"line":153,"column":40},"end":{"line":153,"column":41}},"loc":{"start":{"line":153,"column":51},"end":{"line":156,"column":12}},"line":153}},"branchMap":{"0":{"loc":{"start":{"line":106,"column":22},"end":{"line":106,"column":40}},"type":"default-arg","locations":[{"start":{"line":106,"column":29},"end":{"line":106,"column":40}}],"line":106},"1":{"loc":{"start":{"line":110,"column":32},"end":{"line":110,"column":87}},"type":"binary-expr","locations":[{"start":{"line":110,"column":32},"end":{"line":110,"column":79}},{"start":{"line":110,"column":79},"end":{"line":110,"column":87}}],"line":110},"2":{"loc":{"start":{"line":112,"column":17},"end":{"line":112,"column":null}},"type":"cond-expr","locations":[{"start":{"line":112,"column":38},"end":{"line":112,"column":48}},{"start":{"line":112,"column":48},"end":{"line":112,"column":null}}],"line":112},"3":{"loc":{"start":{"line":125,"column":53},"end":{"line":125,"column":96}},"type":"binary-expr","locations":[{"start":{"line":125,"column":53},"end":{"line":125,"column":82}},{"start":{"line":125,"column":82},"end":{"line":125,"column":96}}],"line":125},"4":{"loc":{"start":{"line":133,"column":28},"end":{"line":133,"column":null}},"type":"binary-expr","locations":[{"start":{"line":133,"column":28},"end":{"line":133,"column":49}},{"start":{"line":133,"column":49},"end":{"line":133,"column":null}}],"line":133},"5":{"loc":{"start":{"line":134,"column":28},"end":{"line":134,"column":null}},"type":"binary-expr","locations":[{"start":{"line":134,"column":28},"end":{"line":134,"column":49}},{"start":{"line":134,"column":49},"end":{"line":134,"column":null}}],"line":134},"6":{"loc":{"start":{"line":135,"column":30},"end":{"line":135,"column":null}},"type":"binary-expr","locations":[{"start":{"line":135,"column":30},"end":{"line":135,"column":52}},{"start":{"line":135,"column":52},"end":{"line":135,"column":null}}],"line":135},"7":{"loc":{"start":{"line":136,"column":26},"end":{"line":136,"column":null}},"type":"binary-expr","locations":[{"start":{"line":136,"column":26},"end":{"line":136,"column":46}},{"start":{"line":136,"column":46},"end":{"line":136,"column":null}}],"line":136},"8":{"loc":{"start":{"line":138,"column":29},"end":{"line":138,"column":86}},"type":"cond-expr","locations":[{"start":{"line":138,"column":43},"end":{"line":138,"column":84}},{"start":{"line":138,"column":84},"end":{"line":138,"column":86}}],"line":138},"9":{"loc":{"start":{"line":150,"column":15},"end":{"line":150,"column":null}},"type":"binary-expr","locations":[{"start":{"line":150,"column":15},"end":{"line":150,"column":32}},{"start":{"line":150,"column":32},"end":{"line":150,"column":null}}],"line":150},"10":{"loc":{"start":{"line":152,"column":6},"end":{"line":162,"column":null}},"type":"if","locations":[{"start":{"line":152,"column":6},"end":{"line":162,"column":null}},{"start":{},"end":{}}],"line":152},"11":{"loc":{"start":{"line":154,"column":20},"end":{"line":154,"column":null}},"type":"binary-expr","locations":[{"start":{"line":154,"column":20},"end":{"line":154,"column":41}},{"start":{"line":154,"column":41},"end":{"line":154,"column":null}}],"line":154},"12":{"loc":{"start":{"line":155,"column":20},"end":{"line":155,"column":null}},"type":"binary-expr","locations":[{"start":{"line":155,"column":20},"end":{"line":155,"column":40}},{"start":{"line":155,"column":40},"end":{"line":155,"column":null}}],"line":155},"13":{"loc":{"start":{"line":159,"column":20},"end":{"line":159,"column":null}},"type":"cond-expr","locations":[{"start":{"line":159,"column":35},"end":{"line":159,"column":77}},{"start":{"line":159,"column":77},"end":{"line":159,"column":null}}],"line":159}},"s":{"0":6,"1":6,"2":12,"3":7,"4":6,"5":6,"6":2,"7":2,"8":2,"9":6,"10":6,"11":0,"12":7,"13":7,"14":7,"15":7,"16":7,"17":7,"18":9,"19":4,"20":14,"21":9,"22":18,"23":1,"24":1,"25":2,"26":3,"27":2,"28":4,"29":3,"30":3,"31":6,"32":6,"33":3,"34":4,"35":3,"36":4,"37":4,"38":4,"39":4,"40":4,"41":28,"42":28,"43":28,"44":49,"45":49,"46":28,"47":5,"48":7,"49":5,"50":28},"f":{"0":6,"1":12,"2":7,"3":6,"4":6,"5":2,"6":2,"7":2,"8":6,"9":7,"10":7,"11":7,"12":9,"13":4,"14":14,"15":9,"16":18,"17":1,"18":1,"19":2,"20":3,"21":2,"22":4,"23":3,"24":6,"25":6,"26":4,"27":4,"28":49,"29":7},"b":{"0":[6],"1":[6,6],"2":[5,2],"3":[4,3],"4":[4,2],"5":[4,3],"6":[4,3],"7":[4,2],"8":[1,2],"9":[49,47],"10":[5,23],"11":[7,1],"12":[7,1],"13":[4,1]},"meta":{"lastBranch":14,"lastFunction":30,"lastStatement":51,"seen":{"s:94:13:166:Infinity":0,"f:94:56:94:57":0,"s:94:71:166:2":1,"f:102:16:102:17":1,"s:102:25:102:Infinity":2,"f:104:20:104:21":2,"s:104:29:104:Infinity":3,"f:106:12:106:13":3,"s:106:40:108:Infinity":4,"b:106:29:106:40":0,"f:106:44:106:50":4,"s:106:50:108:4":5,"f:109:15:109:16":5,"s:109:23:109:Infinity":6,"f:109:27:109:33":6,"s:109:33:109:79":7,"f:109:59:109:64":7,"s:109:64:109:75":8,"f:110:10:110:16":8,"s:110:18:110:123":9,"s:110:24:110:87":10,"b:110:32:110:79:110:79:110:87":1,"s:110:97:110:121":11,"f:111:15:111:21":9,"s:111:21:115:Infinity":12,"f:111:25:111:30":10,"s:112:17:112:Infinity":13,"b:112:38:112:48:112:48:112:Infinity":2,"s:113:4:113:Infinity":14,"s:113:10:113:51":15,"s:114:4:114:Infinity":16,"f:116:15:116:16":11,"s:116:29:116:Infinity":17,"f:117:11:117:12":12,"s:117:21:117:Infinity":18,"f:118:20:118:21":13,"s:118:35:118:Infinity":19,"f:119:14:119:15":14,"s:119:27:119:Infinity":20,"f:120:12:120:13":15,"s:120:23:120:Infinity":21,"f:121:20:121:21":16,"s:121:28:121:Infinity":22,"f:123:9:123:15":17,"s:123:15:123:Infinity":23,"f:123:19:123:25":18,"s:123:25:123:86":24,"f:124:14:124:15":19,"s:124:22:124:Infinity":25,"f:124:42:124:47":20,"s:124:47:124:58":26,"f:125:10:125:11":21,"s:125:32:125:Infinity":27,"f:125:48:125:53":22,"s:125:53:125:96":28,"b:125:53:125:82:125:82:125:96":3,"f:127:20:127:26":23,"s:128:31:128:Infinity":29,"s:129:23:131:Infinity":30,"f:129:36:129:Infinity":24,"s:130:6:130:Infinity":31,"f:130:16:130:21":25,"s:130:21:130:41":32,"s:132:14:137:Infinity":33,"f:132:32:132:33":26,"s:132:45:137:8":34,"b:133:28:133:49:133:49:133:Infinity":4,"b:134:28:134:49:134:49:134:Infinity":5,"b:135:30:135:52:135:52:135:Infinity":6,"b:136:26:136:46:136:46:136:Infinity":7,"s:138:4:138:Infinity":35,"b:138:43:138:84:138:84:138:86":8,"f:141:16:141:17":27,"s:142:21:142:Infinity":36,"s:143:16:143:Infinity":37,"s:144:72:144:Infinity":38,"s:145:4:163:Infinity":39,"s:145:17:145:27":40,"s:146:23:146:Infinity":41,"s:147:21:147:Infinity":42,"s:148:24:151:Infinity":43,"f:148:36:148:41":28,"s:149:18:149:Infinity":44,"s:150:8:150:Infinity":45,"b:150:15:150:32:150:32:150:Infinity":9,"b:152:6:162:Infinity:undefined:undefined:undefined:undefined":10,"s:152:6:162:Infinity":46,"s:153:23:156:Infinity":47,"f:153:40:153:41":29,"s:153:51:156:12":48,"b:154:20:154:41:154:41:154:Infinity":11,"b:155:20:155:40:155:40:155:Infinity":12,"s:157:8:161:Infinity":49,"b:159:35:159:77:159:77:159:Infinity":13,"s:164:4:164:Infinity":50}}}}}