<?xml version="1.0" encoding="UTF-8"?>
<coverage generated="1771157395809" clover="3.2.0">
  <project timestamp="1771157395810" name="All files">
    <metrics statements="308" coveredstatements="294" conditionals="269" coveredconditionals="237" methods="138" coveredmethods="131" elements="715" coveredelements="662" complexity="0" loc="308" ncloc="308" packages="6" files="21" classes="21"/>
    <package name="app">
      <metrics statements="11" coveredstatements="11" conditionals="6" coveredconditionals="6" methods="5" coveredmethods="5"/>
      <file name="page.tsx" path="/home/ubuntu/.openclaw/workspace/projects/bdd-test-dashboard/src/app/page.tsx">
        <metrics statements="11" coveredstatements="11" conditionals="6" coveredconditionals="6" methods="5" coveredmethods="5"/>
        <line num="11" count="4" type="stmt"/>
        <line num="12" count="4" type="stmt"/>
        <line num="13" count="4" type="stmt"/>
        <line num="14" count="4" type="stmt"/>
        <line num="16" count="4" type="cond" truecount="2" falsecount="0"/>
        <line num="17" count="1" type="stmt"/>
        <line num="20" count="3" type="cond" truecount="2" falsecount="0"/>
        <line num="21" count="1" type="stmt"/>
        <line num="39" count="2" type="cond" truecount="2" falsecount="0"/>
        <line num="40" count="1" type="stmt"/>
        <line num="48" count="1" type="stmt"/>
      </file>
    </package>
    <package name="app.project.[projectId]">
      <metrics statements="23" coveredstatements="18" conditionals="30" coveredconditionals="19" methods="15" coveredmethods="10"/>
      <file name="client.tsx" path="/home/ubuntu/.openclaw/workspace/projects/bdd-test-dashboard/src/app/project/[projectId]/client.tsx">
        <metrics statements="20" coveredstatements="18" conditionals="30" coveredconditionals="19" methods="13" coveredmethods="10"/>
        <line num="13" count="5" type="stmt"/>
        <line num="14" count="5" type="stmt"/>
        <line num="15" count="5" type="stmt"/>
        <line num="16" count="5" type="stmt"/>
        <line num="17" count="5" type="stmt"/>
        <line num="18" count="5" type="stmt"/>
        <line num="19" count="5" type="stmt"/>
        <line num="21" count="5" type="cond" truecount="2" falsecount="0"/>
        <line num="22" count="1" type="stmt"/>
        <line num="25" count="4" type="cond" truecount="2" falsecount="0"/>
        <line num="26" count="1" type="stmt"/>
        <line num="44" count="3" type="cond" truecount="2" falsecount="0"/>
        <line num="45" count="1" type="stmt"/>
        <line num="53" count="2" type="stmt"/>
        <line num="55" count="2" type="stmt"/>
        <line num="71" count="0" type="stmt"/>
        <line num="82" count="0" type="stmt"/>
        <line num="94" count="4" type="stmt"/>
        <line num="113" count="1" type="cond" truecount="1" falsecount="5"/>
        <line num="114" count="1" type="stmt"/>
      </file>
      <file name="page.tsx" path="/home/ubuntu/.openclaw/workspace/projects/bdd-test-dashboard/src/app/project/[projectId]/page.tsx">
        <metrics statements="3" coveredstatements="0" conditionals="0" coveredconditionals="0" methods="2" coveredmethods="0"/>
        <line num="4" count="0" type="stmt"/>
        <line num="13" count="0" type="stmt"/>
        <line num="14" count="0" type="stmt"/>
      </file>
    </package>
    <package name="app.project.[projectId].run.[runId]">
      <metrics statements="44" coveredstatements="39" conditionals="67" coveredconditionals="53" methods="15" coveredmethods="13"/>
      <file name="client.tsx" path="/home/ubuntu/.openclaw/workspace/projects/bdd-test-dashboard/src/app/project/[projectId]/run/[runId]/client.tsx">
        <metrics statements="41" coveredstatements="39" conditionals="67" coveredconditionals="53" methods="13" coveredmethods="13"/>
        <line num="14" count="12" type="stmt"/>
        <line num="15" count="12" type="stmt"/>
        <line num="16" count="53" type="cond" truecount="1" falsecount="1"/>
        <line num="17" count="0" type="stmt"/>
        <line num="18" count="53" type="cond" truecount="5" falsecount="0"/>
        <line num="19" count="3" type="stmt"/>
        <line num="20" count="50" type="cond" truecount="2" falsecount="0"/>
        <line num="21" count="6" type="stmt"/>
        <line num="22" count="4" type="cond" truecount="1" falsecount="1"/>
        <line num="26" count="44" type="stmt"/>
        <line num="29" count="12" type="stmt"/>
        <line num="33" count="2" type="stmt"/>
        <line num="34" count="2" type="stmt"/>
        <line num="35" count="2" type="cond" truecount="2" falsecount="0"/>
        <line num="36" count="2" type="cond" truecount="2" falsecount="0"/>
        <line num="37" count="2" type="stmt"/>
        <line num="41" count="1" type="stmt"/>
        <line num="50" count="10" type="stmt"/>
        <line num="51" count="10" type="stmt"/>
        <line num="52" count="10" type="stmt"/>
        <line num="54" count="10" type="stmt"/>
        <line num="56" count="4" type="stmt"/>
        <line num="57" count="4" type="stmt"/>
        <line num="58" count="4" type="stmt"/>
        <line num="59" count="4" type="cond" truecount="2" falsecount="0"/>
        <line num="60" count="3" type="stmt"/>
        <line num="61" count="3" type="stmt"/>
        <line num="62" count="3" type="stmt"/>
        <line num="64" count="0" type="stmt"/>
        <line num="66" count="4" type="stmt"/>
        <line num="69" count="5" type="cond" truecount="4" falsecount="0"/>
        <line num="72" count="10" type="cond" truecount="2" falsecount="0"/>
        <line num="73" count="5" type="stmt"/>
        <line num="75" count="5" type="cond" truecount="2" falsecount="0"/>
        <line num="76" count="2" type="stmt"/>
        <line num="79" count="3" type="cond" truecount="5" falsecount="1"/>
        <line num="81" count="10" type="stmt"/>
        <line num="108" count="12" type="stmt"/>
        <line num="117" count="2" type="cond" truecount="1" falsecount="1"/>
        <line num="122" count="2" type="stmt"/>
        <line num="129" count="2" type="stmt"/>
      </file>
      <file name="page.tsx" path="/home/ubuntu/.openclaw/workspace/projects/bdd-test-dashboard/src/app/project/[projectId]/run/[runId]/page.tsx">
        <metrics statements="3" coveredstatements="0" conditionals="0" coveredconditionals="0" methods="2" coveredmethods="0"/>
        <line num="4" count="0" type="stmt"/>
        <line num="13" count="0" type="stmt"/>
        <line num="14" count="0" type="stmt"/>
      </file>
    </package>
    <package name="components">
      <metrics statements="171" coveredstatements="167" conditionals="120" coveredconditionals="113" methods="75" coveredmethods="75"/>
      <file name="dashboard-skeleton.tsx" path="/home/ubuntu/.openclaw/workspace/projects/bdd-test-dashboard/src/components/dashboard-skeleton.tsx">
        <metrics statements="3" coveredstatements="3" conditionals="0" coveredconditionals="0" methods="3" coveredmethods="3"/>
        <line num="4" count="3" type="stmt"/>
        <line num="9" count="12" type="stmt"/>
        <line num="27" count="9" type="stmt"/>
      </file>
      <file name="data-provider.tsx" path="/home/ubuntu/.openclaw/workspace/projects/bdd-test-dashboard/src/components/data-provider.tsx">
        <metrics statements="63" coveredstatements="59" conditionals="26" coveredconditionals="24" methods="15" coveredmethods="15"/>
        <line num="10" count="6" type="stmt"/>
        <line num="11" count="6" type="stmt"/>
        <line num="12" count="13" type="cond" truecount="2" falsecount="0"/>
        <line num="13" count="3" type="stmt"/>
        <line num="14" count="10" type="cond" truecount="5" falsecount="0"/>
        <line num="15" count="1" type="stmt"/>
        <line num="16" count="9" type="cond" truecount="2" falsecount="0"/>
        <line num="17" count="1" type="stmt"/>
        <line num="18" count="3" type="cond" truecount="2" falsecount="0"/>
        <line num="22" count="8" type="stmt"/>
        <line num="25" count="6" type="stmt"/>
        <line num="29" count="7" type="stmt"/>
        <line num="31" count="7" type="stmt"/>
        <line num="32" count="7" type="stmt"/>
        <line num="33" count="7" type="stmt"/>
        <line num="36" count="7" type="stmt"/>
        <line num="37" count="7" type="stmt"/>
        <line num="39" count="0" type="cond" truecount="0" falsecount="2"/>
        <line num="40" count="0" type="stmt"/>
        <line num="41" count="0" type="stmt"/>
        <line num="42" count="0" type="stmt"/>
        <line num="45" count="7" type="stmt"/>
        <line num="46" count="7" type="stmt"/>
        <line num="49" count="12" type="cond" truecount="5" falsecount="0"/>
        <line num="50" count="6" type="stmt"/>
        <line num="51" count="6" type="stmt"/>
        <line num="52" count="6" type="stmt"/>
        <line num="57" count="7" type="stmt"/>
        <line num="60" count="4" type="stmt"/>
        <line num="61" count="4" type="stmt"/>
        <line num="62" count="4" type="stmt"/>
        <line num="63" count="4" type="stmt"/>
        <line num="64" count="4" type="stmt"/>
        <line num="65" count="4" type="stmt"/>
        <line num="68" count="2" type="stmt"/>
        <line num="69" count="2" type="cond" truecount="2" falsecount="0"/>
        <line num="70" count="2" type="stmt"/>
        <line num="71" count="2" type="stmt"/>
        <line num="72" count="2" type="stmt"/>
        <line num="77" count="7" type="stmt"/>
        <line num="78" count="7" type="stmt"/>
        <line num="81" count="4" type="stmt"/>
        <line num="82" count="4" type="stmt"/>
        <line num="83" count="4" type="stmt"/>
        <line num="84" count="4" type="stmt"/>
        <line num="85" count="4" type="stmt"/>
        <line num="88" count="2" type="stmt"/>
        <line num="90" count="2" type="stmt"/>
        <line num="93" count="1" type="stmt"/>
        <line num="94" count="1" type="stmt"/>
        <line num="95" count="1" type="stmt"/>
        <line num="96" count="1" type="stmt"/>
        <line num="97" count="1" type="stmt"/>
        <line num="100" count="1" type="stmt"/>
        <line num="101" count="1" type="stmt"/>
        <line num="102" count="1" type="stmt"/>
        <line num="106" count="2" type="stmt"/>
        <line num="110" count="7" type="stmt"/>
        <line num="112" count="7" type="stmt"/>
        <line num="113" count="7" type="stmt"/>
        <line num="114" count="7" type="stmt"/>
        <line num="115" count="7" type="cond" truecount="2" falsecount="0"/>
        <line num="119" count="7" type="stmt"/>
      </file>
      <file name="error-boundary.tsx" path="/home/ubuntu/.openclaw/workspace/projects/bdd-test-dashboard/src/components/error-boundary.tsx">
        <metrics statements="7" coveredstatements="7" conditionals="2" coveredconditionals="2" methods="4" coveredmethods="4"/>
        <line num="9" count="8" type="stmt"/>
        <line num="10" count="8" type="stmt"/>
        <line num="13" count="6" type="stmt"/>
        <line num="16" count="13" type="cond" truecount="2" falsecount="0"/>
        <line num="17" count="6" type="stmt"/>
        <line num="21" count="1" type="stmt"/>
        <line num="25" count="7" type="stmt"/>
      </file>
      <file name="header.tsx" path="/home/ubuntu/.openclaw/workspace/projects/bdd-test-dashboard/src/components/header.tsx">
        <metrics statements="13" coveredstatements="13" conditionals="16" coveredconditionals="15" methods="4" coveredmethods="4"/>
        <line num="9" count="14" type="stmt"/>
        <line num="10" count="14" type="cond" truecount="2" falsecount="0"/>
        <line num="11" count="4" type="stmt"/>
        <line num="12" count="4" type="cond" truecount="2" falsecount="0"/>
        <line num="13" count="3" type="cond" truecount="2" falsecount="0"/>
        <line num="14" count="2" type="stmt"/>
        <line num="15" count="2" type="cond" truecount="2" falsecount="0"/>
        <line num="16" count="1" type="stmt"/>
        <line num="17" count="1" type="stmt"/>
        <line num="22" count="14" type="stmt"/>
        <line num="23" count="14" type="stmt"/>
        <line num="25" count="14" type="stmt"/>
        <line num="43" count="1" type="cond" truecount="1" falsecount="1"/>
      </file>
      <file name="project-cards.tsx" path="/home/ubuntu/.openclaw/workspace/projects/bdd-test-dashboard/src/components/project-cards.tsx">
        <metrics statements="7" coveredstatements="7" conditionals="6" coveredconditionals="6" methods="5" coveredmethods="5"/>
        <line num="9" count="8" type="stmt"/>
        <line num="10" count="8" type="stmt"/>
        <line num="12" count="8" type="cond" truecount="2" falsecount="0"/>
        <line num="14" count="7" type="stmt"/>
        <line num="19" count="8" type="stmt"/>
        <line num="20" count="8" type="cond" truecount="2" falsecount="0"/>
        <line num="23" count="8" type="stmt"/>
      </file>
      <file name="project-skeleton.tsx" path="/home/ubuntu/.openclaw/workspace/projects/bdd-test-dashboard/src/components/project-skeleton.tsx">
        <metrics statements="3" coveredstatements="3" conditionals="0" coveredconditionals="0" methods="3" coveredmethods="3"/>
        <line num="4" count="3" type="stmt"/>
        <line num="21" count="12" type="stmt"/>
        <line num="33" count="15" type="stmt"/>
      </file>
      <file name="project-trend-chart.tsx" path="/home/ubuntu/.openclaw/workspace/projects/bdd-test-dashboard/src/components/project-trend-chart.tsx">
        <metrics statements="18" coveredstatements="18" conditionals="16" coveredconditionals="16" methods="5" coveredmethods="5"/>
        <line num="11" count="8" type="stmt"/>
        <line num="12" count="8" type="stmt"/>
        <line num="13" count="8" type="stmt"/>
        <line num="14" count="8" type="stmt"/>
        <line num="15" count="8" type="stmt"/>
        <line num="16" count="112" type="stmt"/>
        <line num="17" count="112" type="stmt"/>
        <line num="18" count="112" type="stmt"/>
        <line num="19" count="154" type="stmt"/>
        <line num="20" count="154" type="cond" truecount="2" falsecount="0"/>
        <line num="22" count="112" type="cond" truecount="2" falsecount="0"/>
        <line num="23" count="10" type="stmt"/>
        <line num="27" count="9" type="stmt"/>
        <line num="34" count="112" type="stmt"/>
        <line num="37" count="8" type="cond" truecount="2" falsecount="0"/>
        <line num="38" count="5" type="stmt"/>
        <line num="46" count="3" type="stmt"/>
        <line num="56" count="6" type="stmt"/>
      </file>
      <file name="recent-runs.tsx" path="/home/ubuntu/.openclaw/workspace/projects/bdd-test-dashboard/src/components/recent-runs.tsx">
        <metrics statements="6" coveredstatements="6" conditionals="16" coveredconditionals="12" methods="5" coveredmethods="5"/>
        <line num="8" count="5" type="stmt"/>
        <line num="9" count="5" type="stmt"/>
        <line num="11" count="5" type="stmt"/>
        <line num="22" count="4" type="stmt"/>
        <line num="23" count="4" type="cond" truecount="6" falsecount="0"/>
        <line num="24" count="4" type="stmt"/>
      </file>
      <file name="run-detail-skeleton.tsx" path="/home/ubuntu/.openclaw/workspace/projects/bdd-test-dashboard/src/components/run-detail-skeleton.tsx">
        <metrics statements="5" coveredstatements="5" conditionals="0" coveredconditionals="0" methods="5" coveredmethods="5"/>
        <line num="4" count="3" type="stmt"/>
        <line num="26" count="12" type="stmt"/>
        <line num="35" count="6" type="stmt"/>
        <line num="40" count="18" type="stmt"/>
        <line num="47" count="72" type="stmt"/>
      </file>
      <file name="run-tests-dialog.tsx" path="/home/ubuntu/.openclaw/workspace/projects/bdd-test-dashboard/src/components/run-tests-dialog.tsx">
        <metrics statements="13" coveredstatements="13" conditionals="12" coveredconditionals="12" methods="8" coveredmethods="8"/>
        <line num="15" count="21" type="stmt"/>
        <line num="16" count="21" type="stmt"/>
        <line num="18" count="21" type="cond" truecount="2" falsecount="0"/>
        <line num="19" count="21" type="cond" truecount="2" falsecount="0"/>
        <line num="21" count="21" type="stmt"/>
        <line num="22" count="5" type="stmt"/>
        <line num="23" count="5" type="cond" truecount="2" falsecount="0"/>
        <line num="28" count="21" type="stmt"/>
        <line num="30" count="21" type="stmt"/>
        <line num="45" count="6" type="stmt"/>
        <line num="74" count="51" type="stmt"/>
        <line num="76" count="5" type="stmt"/>
        <line num="95" count="1" type="stmt"/>
      </file>
      <file name="skeleton.tsx" path="/home/ubuntu/.openclaw/workspace/projects/bdd-test-dashboard/src/components/skeleton.tsx">
        <metrics statements="1" coveredstatements="1" conditionals="0" coveredconditionals="0" methods="1" coveredmethods="1"/>
        <line num="4" count="335" type="stmt"/>
      </file>
      <file name="summary-cards.tsx" path="/home/ubuntu/.openclaw/workspace/projects/bdd-test-dashboard/src/components/summary-cards.tsx">
        <metrics statements="10" coveredstatements="10" conditionals="10" coveredconditionals="10" methods="8" coveredmethods="8"/>
        <line num="7" count="1" type="stmt"/>
        <line num="15" count="3" type="stmt"/>
        <line num="16" count="3" type="stmt"/>
        <line num="18" count="3" type="stmt"/>
        <line num="19" count="3" type="stmt"/>
        <line num="20" count="4" type="stmt"/>
        <line num="22" count="3" type="stmt"/>
        <line num="28" count="3" type="cond" truecount="2" falsecount="0"/>
        <line num="31" count="3" type="stmt"/>
        <line num="34" count="12" type="stmt"/>
      </file>
      <file name="theme-provider.tsx" path="/home/ubuntu/.openclaw/workspace/projects/bdd-test-dashboard/src/components/theme-provider.tsx">
        <metrics statements="4" coveredstatements="4" conditionals="0" coveredconditionals="0" methods="3" coveredmethods="3"/>
        <line num="6" count="9" type="stmt"/>
        <line num="7" count="3" type="stmt"/>
        <line num="8" count="3" type="stmt"/>
        <line num="10" count="3" type="stmt"/>
      </file>
      <file name="trend-chart.tsx" path="/home/ubuntu/.openclaw/workspace/projects/bdd-test-dashboard/src/components/trend-chart.tsx">
        <metrics statements="18" coveredstatements="18" conditionals="16" coveredconditionals="16" methods="6" coveredmethods="6"/>
        <line num="7" count="7" type="stmt"/>
        <line num="9" count="7" type="stmt"/>
        <line num="10" count="7" type="stmt"/>
        <line num="11" count="7" type="stmt"/>
        <line num="12" count="7" type="stmt"/>
        <line num="13" count="7" type="stmt"/>
        <line num="14" count="98" type="stmt"/>
        <line num="15" count="98" type="stmt"/>
        <line num="16" count="98" type="stmt"/>
        <line num="17" count="112" type="stmt"/>
        <line num="18" count="112" type="cond" truecount="2" falsecount="0"/>
        <line num="20" count="98" type="cond" truecount="2" falsecount="0"/>
        <line num="21" count="7" type="stmt"/>
        <line num="25" count="6" type="stmt"/>
        <line num="32" count="98" type="stmt"/>
        <line num="35" count="7" type="cond" truecount="2" falsecount="0"/>
        <line num="37" count="5" type="stmt"/>
        <line num="47" count="6" type="stmt"/>
      </file>
    </package>
    <package name="lib">
      <metrics statements="31" coveredstatements="31" conditionals="22" coveredconditionals="22" methods="7" coveredmethods="7"/>
      <file name="utils.ts" path="/home/ubuntu/.openclaw/workspace/projects/bdd-test-dashboard/src/lib/utils.ts">
        <metrics statements="31" coveredstatements="31" conditionals="22" coveredconditionals="22" methods="7" coveredmethods="7"/>
        <line num="5" count="338" type="stmt"/>
        <line num="9" count="9" type="cond" truecount="2" falsecount="0"/>
        <line num="10" count="7" type="stmt"/>
        <line num="11" count="7" type="cond" truecount="2" falsecount="0"/>
        <line num="12" count="2" type="stmt"/>
        <line num="13" count="2" type="stmt"/>
        <line num="14" count="2" type="stmt"/>
        <line num="18" count="9" type="stmt"/>
        <line num="19" count="9" type="stmt"/>
        <line num="20" count="9" type="cond" truecount="2" falsecount="0"/>
        <line num="21" count="4" type="stmt"/>
        <line num="22" count="4" type="cond" truecount="2" falsecount="0"/>
        <line num="23" count="3" type="stmt"/>
        <line num="24" count="3" type="cond" truecount="2" falsecount="0"/>
        <line num="25" count="2" type="stmt"/>
        <line num="26" count="2" type="cond" truecount="2" falsecount="0"/>
        <line num="27" count="1" type="stmt"/>
        <line num="31" count="6" type="stmt"/>
        <line num="35" count="5" type="stmt"/>
        <line num="39" count="6" type="cond" truecount="4" falsecount="0"/>
        <line num="40" count="2" type="stmt"/>
        <line num="41" count="2" type="stmt"/>
        <line num="42" count="1" type="stmt"/>
        <line num="43" count="1" type="stmt"/>
        <line num="48" count="12" type="cond" truecount="6" falsecount="0"/>
        <line num="49" count="5" type="stmt"/>
        <line num="50" count="3" type="stmt"/>
        <line num="51" count="1" type="stmt"/>
        <line num="52" count="1" type="stmt"/>
        <line num="53" count="1" type="stmt"/>
        <line num="54" count="1" type="stmt"/>
      </file>
    </package>
    <package name="store">
      <metrics statements="28" coveredstatements="28" conditionals="24" coveredconditionals="24" methods="21" coveredmethods="21"/>
      <file name="use-dashboard-store.ts" path="/home/ubuntu/.openclaw/workspace/projects/bdd-test-dashboard/src/store/use-dashboard-store.ts">
        <metrics statements="28" coveredstatements="28" conditionals="24" coveredconditionals="24" methods="21" coveredmethods="21"/>
        <line num="79" count="3" type="stmt"/>
        <line num="86" count="2" type="cond" truecount="2" falsecount="0"/>
        <line num="87" count="7" type="stmt"/>
        <line num="88" count="9" type="stmt"/>
        <line num="89" count="14" type="stmt"/>
        <line num="90" count="9" type="stmt"/>
        <line num="91" count="15" type="stmt"/>
        <line num="93" count="1" type="stmt"/>
        <line num="94" count="3" type="stmt"/>
        <line num="95" count="4" type="cond" truecount="2" falsecount="0"/>
        <line num="98" count="3" type="stmt"/>
        <line num="99" count="3" type="stmt"/>
        <line num="100" count="6" type="stmt"/>
        <line num="102" count="4" type="stmt"/>
        <line num="108" count="3" type="cond" truecount="2" falsecount="0"/>
        <line num="112" count="4" type="stmt"/>
        <line num="113" count="4" type="stmt"/>
        <line num="114" count="4" type="stmt"/>
        <line num="115" count="4" type="stmt"/>
        <line num="116" count="28" type="stmt"/>
        <line num="117" count="28" type="stmt"/>
        <line num="118" count="28" type="stmt"/>
        <line num="119" count="49" type="stmt"/>
        <line num="120" count="49" type="cond" truecount="2" falsecount="0"/>
        <line num="122" count="28" type="cond" truecount="2" falsecount="0"/>
        <line num="123" count="7" type="stmt"/>
        <line num="127" count="5" type="stmt"/>
        <line num="134" count="28" type="stmt"/>
      </file>
    </package>
  </project>
</coverage>
