<?xml version="1.0" encoding="UTF-8"?>
<coverage generated="1771251587269" clover="3.2.0">
  <project timestamp="1771251587269" name="All files">
    <metrics statements="434" coveredstatements="409" conditionals="415" coveredconditionals="348" methods="187" coveredmethods="176" elements="1036" coveredelements="933" complexity="0" loc="434" ncloc="434" packages="6" files="29" classes="29"/>
    <package name="app">
      <metrics statements="16" coveredstatements="16" conditionals="8" coveredconditionals="8" methods="9" coveredmethods="9"/>
      <file name="error.tsx" path="/home/ubuntu/.openclaw/workspace/projects/bdd-test-dashboard/src/app/error.tsx">
        <metrics statements="3" coveredstatements="3" conditionals="2" coveredconditionals="2" methods="2" coveredmethods="2"/>
        <line num="9" count="6" type="stmt"/>
        <line num="10" count="6" type="stmt"/>
        <line num="13" count="6" type="stmt"/>
      </file>
      <file name="loading.tsx" path="/home/ubuntu/.openclaw/workspace/projects/bdd-test-dashboard/src/app/loading.tsx">
        <metrics statements="1" coveredstatements="1" conditionals="0" coveredconditionals="0" methods="1" coveredmethods="1"/>
        <line num="4" count="1" type="stmt"/>
      </file>
      <file name="not-found.tsx" path="/home/ubuntu/.openclaw/workspace/projects/bdd-test-dashboard/src/app/not-found.tsx">
        <metrics statements="1" coveredstatements="1" conditionals="0" coveredconditionals="0" methods="1" coveredmethods="1"/>
        <line num="7" count="4" type="stmt"/>
      </file>
      <file name="page.tsx" path="/home/ubuntu/.openclaw/workspace/projects/bdd-test-dashboard/src/app/page.tsx">
        <metrics statements="11" coveredstatements="11" conditionals="6" coveredconditionals="6" methods="5" coveredmethods="5"/>
        <line num="11" count="4" type="stmt"/>
        <line num="12" count="4" type="stmt"/>
        <line num="13" count="4" type="stmt"/>
        <line num="14" count="4" type="stmt"/>
        <line num="16" count="4" type="cond" truecount="2" falsecount="0"/>
        <line num="17" count="1" type="stmt"/>
        <line num="20" count="3" type="cond" truecount="2" falsecount="0"/>
        <line num="21" count="1" type="stmt"/>
        <line num="39" count="2" type="cond" truecount="2" falsecount="0"/>
        <line num="40" count="1" type="stmt"/>
        <line num="48" count="1" type="stmt"/>
      </file>
    </package>
    <package name="app.project.[projectId]">
      <metrics statements="49" coveredstatements="47" conditionals="67" coveredconditionals="54" methods="31" coveredmethods="29"/>
      <file name="client.tsx" path="/home/ubuntu/.openclaw/workspace/projects/bdd-test-dashboard/src/app/project/[projectId]/client.tsx">
        <metrics statements="39" coveredstatements="38" conditionals="63" coveredconditionals="51" methods="25" coveredmethods="23"/>
        <line num="12" count="1" type="stmt"/>
        <line num="16" count="27" type="stmt"/>
        <line num="17" count="27" type="stmt"/>
        <line num="18" count="27" type="stmt"/>
        <line num="19" count="27" type="stmt"/>
        <line num="20" count="27" type="stmt"/>
        <line num="21" count="27" type="stmt"/>
        <line num="22" count="27" type="stmt"/>
        <line num="23" count="27" type="stmt"/>
        <line num="24" count="27" type="stmt"/>
        <line num="25" count="27" type="stmt"/>
        <line num="27" count="27" type="stmt"/>
        <line num="29" count="27" type="stmt"/>
        <line num="30" count="20" type="stmt"/>
        <line num="31" count="25" type="cond" truecount="2" falsecount="0"/>
        <line num="32" count="5" type="cond" truecount="1" falsecount="5"/>
        <line num="33" count="5" type="cond" truecount="2" falsecount="0"/>
        <line num="35" count="22" type="cond" truecount="4" falsecount="0"/>
        <line num="36" count="21" type="stmt"/>
        <line num="40" count="27" type="cond" truecount="2" falsecount="0"/>
        <line num="41" count="1" type="stmt"/>
        <line num="44" count="26" type="cond" truecount="2" falsecount="0"/>
        <line num="45" count="1" type="stmt"/>
        <line num="63" count="25" type="cond" truecount="2" falsecount="0"/>
        <line num="64" count="1" type="stmt"/>
        <line num="72" count="24" type="stmt"/>
        <line num="74" count="24" type="stmt"/>
        <line num="90" count="1" type="stmt"/>
        <line num="101" count="0" type="stmt"/>
        <line num="113" count="92" type="stmt"/>
        <line num="127" count="6" type="stmt"/>
        <line num="145" count="1" type="stmt"/>
        <line num="152" count="44" type="stmt"/>
        <line num="156" count="3" type="stmt"/>
        <line num="171" count="1" type="stmt"/>
        <line num="175" count="18" type="stmt"/>
        <line num="187" count="1" type="stmt"/>
        <line num="195" count="29" type="cond" truecount="5" falsecount="1"/>
        <line num="196" count="29" type="stmt"/>
      </file>
      <file name="error.tsx" path="/home/ubuntu/.openclaw/workspace/projects/bdd-test-dashboard/src/app/project/[projectId]/error.tsx">
        <metrics statements="3" coveredstatements="3" conditionals="2" coveredconditionals="2" methods="2" coveredmethods="2"/>
        <line num="9" count="6" type="stmt"/>
        <line num="10" count="6" type="stmt"/>
        <line num="13" count="6" type="stmt"/>
      </file>
      <file name="loading.tsx" path="/home/ubuntu/.openclaw/workspace/projects/bdd-test-dashboard/src/app/project/[projectId]/loading.tsx">
        <metrics statements="1" coveredstatements="1" conditionals="0" coveredconditionals="0" methods="1" coveredmethods="1"/>
        <line num="4" count="1" type="stmt"/>
      </file>
      <file name="page.tsx" path="/home/ubuntu/.openclaw/workspace/projects/bdd-test-dashboard/src/app/project/[projectId]/page.tsx">
        <metrics statements="6" coveredstatements="5" conditionals="2" coveredconditionals="1" methods="3" coveredmethods="3"/>
        <line num="4" count="1" type="stmt"/>
        <line num="7" count="8" type="stmt"/>
        <line num="11" count="2" type="stmt"/>
        <line num="12" count="2" type="cond" truecount="1" falsecount="1"/>
        <line num="13" count="0" type="stmt"/>
        <line num="15" count="2" type="stmt"/>
      </file>
    </package>
    <package name="app.project.[projectId].run.[runId]">
      <metrics statements="75" coveredstatements="68" conditionals="116" coveredconditionals="85" methods="28" coveredmethods="22"/>
      <file name="client.tsx" path="/home/ubuntu/.openclaw/workspace/projects/bdd-test-dashboard/src/app/project/[projectId]/run/[runId]/client.tsx">
        <metrics statements="67" coveredstatements="60" conditionals="112" coveredconditionals="82" methods="23" coveredmethods="17"/>
        <line num="14" count="12" type="stmt"/>
        <line num="15" count="12" type="stmt"/>
        <line num="16" count="53" type="cond" truecount="1" falsecount="1"/>
        <line num="17" count="0" type="stmt"/>
        <line num="18" count="53" type="cond" truecount="5" falsecount="0"/>
        <line num="19" count="3" type="stmt"/>
        <line num="20" count="50" type="cond" truecount="2" falsecount="0"/>
        <line num="21" count="6" type="stmt"/>
        <line num="22" count="4" type="cond" truecount="1" falsecount="1"/>
        <line num="26" count="44" type="stmt"/>
        <line num="29" count="12" type="stmt"/>
        <line num="33" count="2" type="stmt"/>
        <line num="34" count="2" type="stmt"/>
        <line num="35" count="2" type="cond" truecount="2" falsecount="0"/>
        <line num="36" count="2" type="cond" truecount="2" falsecount="0"/>
        <line num="37" count="2" type="stmt"/>
        <line num="41" count="1" type="stmt"/>
        <line num="52" count="10" type="stmt"/>
        <line num="53" count="10" type="stmt"/>
        <line num="54" count="10" type="stmt"/>
        <line num="55" count="10" type="stmt"/>
        <line num="56" count="10" type="stmt"/>
        <line num="57" count="10" type="stmt"/>
        <line num="59" count="10" type="stmt"/>
        <line num="61" count="4" type="stmt"/>
        <line num="62" count="4" type="stmt"/>
        <line num="63" count="4" type="stmt"/>
        <line num="64" count="4" type="stmt"/>
        <line num="65" count="4" type="stmt"/>
        <line num="66" count="4" type="cond" truecount="2" falsecount="0"/>
        <line num="67" count="3" type="stmt"/>
        <line num="68" count="3" type="stmt"/>
        <line num="69" count="3" type="stmt"/>
        <line num="71" count="0" type="stmt"/>
        <line num="72" count="0" type="cond" truecount="0" falsecount="2"/>
        <line num="74" count="4" type="stmt"/>
        <line num="77" count="5" type="cond" truecount="4" falsecount="0"/>
        <line num="80" count="10" type="stmt"/>
        <line num="82" count="10" type="cond" truecount="2" falsecount="0"/>
        <line num="83" count="5" type="stmt"/>
        <line num="85" count="5" type="cond" truecount="1" falsecount="1"/>
        <line num="86" count="0" type="stmt"/>
        <line num="106" count="5" type="cond" truecount="2" falsecount="0"/>
        <line num="107" count="2" type="stmt"/>
        <line num="110" count="3" type="cond" truecount="5" falsecount="1"/>
        <line num="112" count="10" type="stmt"/>
        <line num="139" count="12" type="stmt"/>
        <line num="147" count="2" type="stmt"/>
        <line num="148" count="2" type="stmt"/>
        <line num="149" count="2" type="cond" truecount="1" falsecount="1"/>
        <line num="150" count="2" type="cond" truecount="1" falsecount="1"/>
        <line num="153" count="2" type="stmt"/>
        <line num="154" count="2" type="stmt"/>
        <line num="161" count="2" type="cond" truecount="1" falsecount="1"/>
        <line num="162" count="0" type="cond" truecount="0" falsecount="2"/>
        <line num="163" count="0" type="stmt"/>
        <line num="165" count="2" type="stmt"/>
        <line num="168" count="8" type="stmt"/>
        <line num="170" count="0" type="stmt"/>
        <line num="181" count="2" type="cond" truecount="1" falsecount="1"/>
        <line num="185" count="2" type="cond" truecount="1" falsecount="1"/>
        <line num="186" count="2" type="cond" truecount="2" falsecount="0"/>
        <line num="189" count="2" type="cond" truecount="1" falsecount="1"/>
        <line num="190" count="2" type="cond" truecount="1" falsecount="1"/>
        <line num="191" count="2" type="stmt"/>
        <line num="217" count="2" type="stmt"/>
        <line num="224" count="2" type="stmt"/>
      </file>
      <file name="error.tsx" path="/home/ubuntu/.openclaw/workspace/projects/bdd-test-dashboard/src/app/project/[projectId]/run/[runId]/error.tsx">
        <metrics statements="4" coveredstatements="4" conditionals="4" coveredconditionals="3" methods="2" coveredmethods="2"/>
        <line num="10" count="6" type="stmt"/>
        <line num="12" count="6" type="stmt"/>
        <line num="13" count="6" type="stmt"/>
        <line num="16" count="6" type="stmt"/>
      </file>
      <file name="loading.tsx" path="/home/ubuntu/.openclaw/workspace/projects/bdd-test-dashboard/src/app/project/[projectId]/run/[runId]/loading.tsx">
        <metrics statements="1" coveredstatements="1" conditionals="0" coveredconditionals="0" methods="1" coveredmethods="1"/>
        <line num="4" count="1" type="stmt"/>
      </file>
      <file name="page.tsx" path="/home/ubuntu/.openclaw/workspace/projects/bdd-test-dashboard/src/app/project/[projectId]/run/[runId]/page.tsx">
        <metrics statements="3" coveredstatements="3" conditionals="0" coveredconditionals="0" methods="2" coveredmethods="2"/>
        <line num="4" count="2" type="stmt"/>
        <line num="13" count="2" type="stmt"/>
        <line num="14" count="2" type="stmt"/>
      </file>
    </package>
    <package name="components">
      <metrics statements="231" coveredstatements="215" conditionals="176" coveredconditionals="153" methods="90" coveredmethods="87"/>
      <file name="dashboard-skeleton.tsx" path="/home/ubuntu/.openclaw/workspace/projects/bdd-test-dashboard/src/components/dashboard-skeleton.tsx">
        <metrics statements="3" coveredstatements="3" conditionals="0" coveredconditionals="0" methods="3" coveredmethods="3"/>
        <line num="4" count="4" type="stmt"/>
        <line num="9" count="16" type="stmt"/>
        <line num="27" count="12" type="stmt"/>
      </file>
      <file name="data-provider.tsx" path="/home/ubuntu/.openclaw/workspace/projects/bdd-test-dashboard/src/components/data-provider.tsx">
        <metrics statements="63" coveredstatements="59" conditionals="26" coveredconditionals="24" methods="15" coveredmethods="15"/>
        <line num="10" count="6" type="stmt"/>
        <line num="11" count="6" type="stmt"/>
        <line num="12" count="13" type="cond" truecount="2" falsecount="0"/>
        <line num="13" count="3" type="stmt"/>
        <line num="14" count="10" type="cond" truecount="5" falsecount="0"/>
        <line num="15" count="1" type="stmt"/>
        <line num="16" count="9" type="cond" truecount="2" falsecount="0"/>
        <line num="17" count="1" type="stmt"/>
        <line num="18" count="3" type="cond" truecount="2" falsecount="0"/>
        <line num="22" count="8" type="stmt"/>
        <line num="25" count="6" type="stmt"/>
        <line num="29" count="7" type="stmt"/>
        <line num="31" count="7" type="stmt"/>
        <line num="32" count="7" type="stmt"/>
        <line num="33" count="7" type="stmt"/>
        <line num="36" count="7" type="stmt"/>
        <line num="37" count="7" type="stmt"/>
        <line num="39" count="0" type="cond" truecount="0" falsecount="2"/>
        <line num="40" count="0" type="stmt"/>
        <line num="41" count="0" type="stmt"/>
        <line num="42" count="0" type="stmt"/>
        <line num="45" count="7" type="stmt"/>
        <line num="46" count="7" type="stmt"/>
        <line num="49" count="12" type="cond" truecount="5" falsecount="0"/>
        <line num="50" count="6" type="stmt"/>
        <line num="51" count="6" type="stmt"/>
        <line num="52" count="6" type="stmt"/>
        <line num="57" count="7" type="stmt"/>
        <line num="60" count="4" type="stmt"/>
        <line num="61" count="4" type="stmt"/>
        <line num="62" count="4" type="stmt"/>
        <line num="63" count="4" type="stmt"/>
        <line num="64" count="4" type="stmt"/>
        <line num="65" count="4" type="stmt"/>
        <line num="68" count="2" type="stmt"/>
        <line num="69" count="2" type="cond" truecount="2" falsecount="0"/>
        <line num="70" count="2" type="stmt"/>
        <line num="71" count="2" type="stmt"/>
        <line num="72" count="2" type="stmt"/>
        <line num="77" count="7" type="stmt"/>
        <line num="78" count="7" type="stmt"/>
        <line num="81" count="4" type="stmt"/>
        <line num="82" count="4" type="stmt"/>
        <line num="83" count="4" type="stmt"/>
        <line num="84" count="4" type="stmt"/>
        <line num="85" count="4" type="stmt"/>
        <line num="88" count="2" type="stmt"/>
        <line num="90" count="2" type="stmt"/>
        <line num="93" count="1" type="stmt"/>
        <line num="94" count="1" type="stmt"/>
        <line num="95" count="1" type="stmt"/>
        <line num="96" count="1" type="stmt"/>
        <line num="97" count="1" type="stmt"/>
        <line num="100" count="1" type="stmt"/>
        <line num="101" count="1" type="stmt"/>
        <line num="102" count="1" type="stmt"/>
        <line num="106" count="2" type="stmt"/>
        <line num="110" count="7" type="stmt"/>
        <line num="112" count="7" type="stmt"/>
        <line num="113" count="7" type="stmt"/>
        <line num="114" count="7" type="stmt"/>
        <line num="115" count="7" type="cond" truecount="2" falsecount="0"/>
        <line num="119" count="7" type="stmt"/>
      </file>
      <file name="error-boundary.tsx" path="/home/ubuntu/.openclaw/workspace/projects/bdd-test-dashboard/src/components/error-boundary.tsx">
        <metrics statements="11" coveredstatements="11" conditionals="6" coveredconditionals="6" methods="6" coveredmethods="6"/>
        <line num="4" count="1" type="stmt"/>
        <line num="11" count="14" type="stmt"/>
        <line num="12" count="14" type="stmt"/>
        <line num="15" count="20" type="stmt"/>
        <line num="17" count="14" type="stmt"/>
        <line num="18" count="9" type="stmt"/>
        <line num="25" count="42" type="cond" truecount="2" falsecount="0"/>
        <line num="26" count="20" type="stmt"/>
        <line num="27" count="20" type="stmt"/>
        <line num="44" count="1" type="stmt"/>
        <line num="53" count="22" type="stmt"/>
      </file>
      <file name="header.tsx" path="/home/ubuntu/.openclaw/workspace/projects/bdd-test-dashboard/src/components/header.tsx">
        <metrics statements="13" coveredstatements="8" conditionals="16" coveredconditionals="10" methods="4" coveredmethods="4"/>
        <line num="9" count="11" type="stmt"/>
        <line num="10" count="10" type="cond" truecount="2" falsecount="0"/>
        <line num="11" count="1" type="stmt"/>
        <line num="12" count="1" type="cond" truecount="1" falsecount="1"/>
        <line num="13" count="0" type="cond" truecount="0" falsecount="2"/>
        <line num="14" count="0" type="stmt"/>
        <line num="15" count="0" type="cond" truecount="0" falsecount="2"/>
        <line num="16" count="0" type="stmt"/>
        <line num="17" count="0" type="stmt"/>
        <line num="22" count="11" type="stmt"/>
        <line num="23" count="11" type="stmt"/>
        <line num="25" count="11" type="stmt"/>
        <line num="43" count="1" type="cond" truecount="1" falsecount="1"/>
      </file>
      <file name="project-cards.tsx" path="/home/ubuntu/.openclaw/workspace/projects/bdd-test-dashboard/src/components/project-cards.tsx">
        <metrics statements="23" coveredstatements="20" conditionals="22" coveredconditionals="17" methods="9" coveredmethods="8"/>
        <line num="11" count="8" type="stmt"/>
        <line num="12" count="8" type="stmt"/>
        <line num="13" count="8" type="stmt"/>
        <line num="15" count="8" type="cond" truecount="1" falsecount="1"/>
        <line num="16" count="0" type="stmt"/>
        <line num="21" count="0" type="stmt"/>
        <line num="50" count="8" type="cond" truecount="2" falsecount="0"/>
        <line num="52" count="7" type="stmt"/>
        <line num="57" count="8" type="stmt"/>
        <line num="58" count="8" type="cond" truecount="2" falsecount="0"/>
        <line num="63" count="8" type="stmt"/>
        <line num="64" count="4" type="stmt"/>
        <line num="67" count="8" type="stmt"/>
        <line num="70" count="8" type="stmt"/>
        <line num="71" count="8" type="cond" truecount="2" falsecount="0"/>
        <line num="72" count="4" type="stmt"/>
        <line num="73" count="4" type="cond" truecount="2" falsecount="0"/>
        <line num="74" count="2" type="stmt"/>
        <line num="75" count="2" type="cond" truecount="1" falsecount="1"/>
        <line num="76" count="0" type="stmt"/>
        <line num="77" count="2" type="cond" truecount="4" falsecount="0"/>
        <line num="78" count="1" type="stmt"/>
        <line num="81" count="8" type="stmt"/>
      </file>
      <file name="project-skeleton.tsx" path="/home/ubuntu/.openclaw/workspace/projects/bdd-test-dashboard/src/components/project-skeleton.tsx">
        <metrics statements="3" coveredstatements="3" conditionals="0" coveredconditionals="0" methods="3" coveredmethods="3"/>
        <line num="4" count="4" type="stmt"/>
        <line num="21" count="16" type="stmt"/>
        <line num="33" count="20" type="stmt"/>
      </file>
      <file name="project-trend-chart.tsx" path="/home/ubuntu/.openclaw/workspace/projects/bdd-test-dashboard/src/components/project-trend-chart.tsx">
        <metrics statements="18" coveredstatements="18" conditionals="16" coveredconditionals="16" methods="5" coveredmethods="5"/>
        <line num="11" count="30" type="stmt"/>
        <line num="12" count="23" type="stmt"/>
        <line num="13" count="23" type="stmt"/>
        <line num="14" count="23" type="stmt"/>
        <line num="15" count="23" type="stmt"/>
        <line num="16" count="322" type="stmt"/>
        <line num="17" count="322" type="stmt"/>
        <line num="18" count="322" type="stmt"/>
        <line num="19" count="406" type="stmt"/>
        <line num="20" count="406" type="cond" truecount="2" falsecount="0"/>
        <line num="22" count="322" type="cond" truecount="2" falsecount="0"/>
        <line num="23" count="28" type="stmt"/>
        <line num="27" count="27" type="stmt"/>
        <line num="34" count="322" type="stmt"/>
        <line num="37" count="30" type="cond" truecount="2" falsecount="0"/>
        <line num="38" count="20" type="stmt"/>
        <line num="46" count="10" type="stmt"/>
        <line num="56" count="20" type="stmt"/>
      </file>
      <file name="recent-runs.tsx" path="/home/ubuntu/.openclaw/workspace/projects/bdd-test-dashboard/src/components/recent-runs.tsx">
        <metrics statements="10" coveredstatements="8" conditionals="18" coveredconditionals="13" methods="7" coveredmethods="6"/>
        <line num="9" count="5" type="stmt"/>
        <line num="10" count="5" type="stmt"/>
        <line num="11" count="5" type="stmt"/>
        <line num="13" count="5" type="cond" truecount="1" falsecount="1"/>
        <line num="14" count="0" type="stmt"/>
        <line num="20" count="0" type="stmt"/>
        <line num="40" count="5" type="stmt"/>
        <line num="51" count="4" type="stmt"/>
        <line num="52" count="4" type="cond" truecount="6" falsecount="0"/>
        <line num="53" count="4" type="stmt"/>
      </file>
      <file name="run-detail-skeleton.tsx" path="/home/ubuntu/.openclaw/workspace/projects/bdd-test-dashboard/src/components/run-detail-skeleton.tsx">
        <metrics statements="5" coveredstatements="5" conditionals="0" coveredconditionals="0" methods="5" coveredmethods="5"/>
        <line num="4" count="4" type="stmt"/>
        <line num="26" count="16" type="stmt"/>
        <line num="35" count="8" type="stmt"/>
        <line num="40" count="24" type="stmt"/>
        <line num="47" count="96" type="stmt"/>
      </file>
      <file name="run-tests-dialog.tsx" path="/home/ubuntu/.openclaw/workspace/projects/bdd-test-dashboard/src/components/run-tests-dialog.tsx">
        <metrics statements="13" coveredstatements="13" conditionals="12" coveredconditionals="12" methods="8" coveredmethods="8"/>
        <line num="15" count="43" type="stmt"/>
        <line num="16" count="43" type="stmt"/>
        <line num="18" count="43" type="cond" truecount="2" falsecount="0"/>
        <line num="19" count="43" type="cond" truecount="2" falsecount="0"/>
        <line num="21" count="43" type="stmt"/>
        <line num="22" count="5" type="stmt"/>
        <line num="23" count="5" type="cond" truecount="2" falsecount="0"/>
        <line num="28" count="43" type="stmt"/>
        <line num="30" count="43" type="stmt"/>
        <line num="45" count="6" type="stmt"/>
        <line num="74" count="51" type="stmt"/>
        <line num="77" count="5" type="stmt"/>
        <line num="97" count="1" type="stmt"/>
      </file>
      <file name="skeleton.tsx" path="/home/ubuntu/.openclaw/workspace/projects/bdd-test-dashboard/src/components/skeleton.tsx">
        <metrics statements="1" coveredstatements="1" conditionals="0" coveredconditionals="0" methods="1" coveredmethods="1"/>
        <line num="4" count="447" type="stmt"/>
      </file>
      <file name="sparkline.tsx" path="/home/ubuntu/.openclaw/workspace/projects/bdd-test-dashboard/src/components/sparkline.tsx">
        <metrics statements="16" coveredstatements="16" conditionals="8" coveredconditionals="8" methods="4" coveredmethods="4"/>
        <line num="12" count="10" type="cond" truecount="2" falsecount="0"/>
        <line num="14" count="8" type="stmt"/>
        <line num="15" count="8" type="stmt"/>
        <line num="16" count="8" type="cond" truecount="2" falsecount="0"/>
        <line num="18" count="10" type="stmt"/>
        <line num="19" count="10" type="stmt"/>
        <line num="20" count="10" type="stmt"/>
        <line num="22" count="10" type="stmt"/>
        <line num="24" count="20" type="stmt"/>
        <line num="25" count="20" type="stmt"/>
        <line num="26" count="20" type="stmt"/>
        <line num="30" count="10" type="stmt"/>
        <line num="36" count="20" type="stmt"/>
        <line num="49" count="8" type="stmt"/>
        <line num="50" count="8" type="stmt"/>
        <line num="51" count="8" type="stmt"/>
      </file>
      <file name="summary-cards.tsx" path="/home/ubuntu/.openclaw/workspace/projects/bdd-test-dashboard/src/components/summary-cards.tsx">
        <metrics statements="30" coveredstatements="28" conditionals="36" coveredconditionals="31" methods="11" coveredmethods="10"/>
        <line num="8" count="1" type="stmt"/>
        <line num="16" count="12" type="stmt"/>
        <line num="17" count="12" type="stmt"/>
        <line num="18" count="12" type="stmt"/>
        <line num="20" count="4" type="stmt"/>
        <line num="22" count="4" type="stmt"/>
        <line num="23" count="4" type="stmt"/>
        <line num="24" count="4" type="stmt"/>
        <line num="25" count="12" type="stmt"/>
        <line num="26" count="8" type="cond" truecount="2" falsecount="0"/>
        <line num="27" count="8" type="cond" truecount="2" falsecount="0"/>
        <line num="30" count="4" type="stmt"/>
        <line num="31" count="8" type="stmt"/>
        <line num="38" count="4" type="stmt"/>
        <line num="39" count="4" type="stmt"/>
        <line num="40" count="4" type="cond" truecount="2" falsecount="0"/>
        <line num="41" count="4" type="cond" truecount="2" falsecount="0"/>
        <line num="43" count="4" type="stmt"/>
        <line num="45" count="4" type="stmt"/>
        <line num="46" count="16" type="cond" truecount="2" falsecount="0"/>
        <line num="47" count="4" type="stmt"/>
        <line num="48" count="4" type="cond" truecount="2" falsecount="0"/>
        <line num="50" count="2" type="cond" truecount="2" falsecount="0"/>
        <line num="51" count="16" type="cond" truecount="1" falsecount="1"/>
        <line num="54" count="4" type="stmt"/>
        <line num="65" count="4" type="cond" truecount="1" falsecount="1"/>
        <line num="66" count="0" type="stmt"/>
        <line num="69" count="0" type="stmt"/>
        <line num="81" count="4" type="stmt"/>
        <line num="84" count="16" type="stmt"/>
      </file>
      <file name="theme-provider.tsx" path="/home/ubuntu/.openclaw/workspace/projects/bdd-test-dashboard/src/components/theme-provider.tsx">
        <metrics statements="4" coveredstatements="4" conditionals="0" coveredconditionals="0" methods="3" coveredmethods="3"/>
        <line num="6" count="9" type="stmt"/>
        <line num="7" count="3" type="stmt"/>
        <line num="8" count="3" type="stmt"/>
        <line num="10" count="3" type="stmt"/>
      </file>
      <file name="trend-chart.tsx" path="/home/ubuntu/.openclaw/workspace/projects/bdd-test-dashboard/src/components/trend-chart.tsx">
        <metrics statements="18" coveredstatements="18" conditionals="16" coveredconditionals="16" methods="6" coveredmethods="6"/>
        <line num="7" count="7" type="stmt"/>
        <line num="9" count="7" type="stmt"/>
        <line num="10" count="7" type="stmt"/>
        <line num="11" count="7" type="stmt"/>
        <line num="12" count="7" type="stmt"/>
        <line num="13" count="7" type="stmt"/>
        <line num="14" count="98" type="stmt"/>
        <line num="15" count="98" type="stmt"/>
        <line num="16" count="98" type="stmt"/>
        <line num="17" count="112" type="stmt"/>
        <line num="18" count="112" type="cond" truecount="2" falsecount="0"/>
        <line num="20" count="98" type="cond" truecount="2" falsecount="0"/>
        <line num="21" count="7" type="stmt"/>
        <line num="25" count="6" type="stmt"/>
        <line num="32" count="98" type="stmt"/>
        <line num="35" count="7" type="cond" truecount="2" falsecount="0"/>
        <line num="37" count="5" type="stmt"/>
        <line num="47" count="6" type="stmt"/>
      </file>
    </package>
    <package name="lib">
      <metrics statements="31" coveredstatements="31" conditionals="22" coveredconditionals="22" methods="7" coveredmethods="7"/>
      <file name="utils.ts" path="/home/ubuntu/.openclaw/workspace/projects/bdd-test-dashboard/src/lib/utils.ts">
        <metrics statements="31" coveredstatements="31" conditionals="22" coveredconditionals="22" methods="7" coveredmethods="7"/>
        <line num="5" count="450" type="stmt"/>
        <line num="9" count="42" type="cond" truecount="2" falsecount="0"/>
        <line num="10" count="37" type="stmt"/>
        <line num="11" count="37" type="cond" truecount="2" falsecount="0"/>
        <line num="12" count="3" type="stmt"/>
        <line num="13" count="3" type="stmt"/>
        <line num="14" count="3" type="stmt"/>
        <line num="18" count="9" type="stmt"/>
        <line num="19" count="9" type="stmt"/>
        <line num="20" count="9" type="cond" truecount="2" falsecount="0"/>
        <line num="21" count="4" type="stmt"/>
        <line num="22" count="4" type="cond" truecount="2" falsecount="0"/>
        <line num="23" count="3" type="stmt"/>
        <line num="24" count="3" type="cond" truecount="2" falsecount="0"/>
        <line num="25" count="2" type="stmt"/>
        <line num="26" count="2" type="cond" truecount="2" falsecount="0"/>
        <line num="27" count="1" type="stmt"/>
        <line num="31" count="35" type="stmt"/>
        <line num="35" count="33" type="stmt"/>
        <line num="39" count="6" type="cond" truecount="4" falsecount="0"/>
        <line num="40" count="2" type="stmt"/>
        <line num="41" count="2" type="stmt"/>
        <line num="42" count="1" type="stmt"/>
        <line num="43" count="1" type="stmt"/>
        <line num="48" count="40" type="cond" truecount="6" falsecount="0"/>
        <line num="49" count="25" type="stmt"/>
        <line num="50" count="10" type="stmt"/>
        <line num="51" count="2" type="stmt"/>
        <line num="52" count="1" type="stmt"/>
        <line num="53" count="1" type="stmt"/>
        <line num="54" count="1" type="stmt"/>
      </file>
    </package>
    <package name="store">
      <metrics statements="32" coveredstatements="32" conditionals="26" coveredconditionals="26" methods="22" coveredmethods="22"/>
      <file name="use-dashboard-store.ts" path="/home/ubuntu/.openclaw/workspace/projects/bdd-test-dashboard/src/store/use-dashboard-store.ts">
        <metrics statements="32" coveredstatements="32" conditionals="26" coveredconditionals="26" methods="22" coveredmethods="22"/>
        <line num="79" count="5" type="stmt"/>
        <line num="85" count="5" type="cond" truecount="2" falsecount="0"/>
        <line num="86" count="5" type="stmt"/>
        <line num="87" count="5" type="cond" truecount="2" falsecount="0"/>
        <line num="88" count="5" type="stmt"/>
        <line num="89" count="5" type="stmt"/>
        <line num="91" count="7" type="stmt"/>
        <line num="92" count="9" type="stmt"/>
        <line num="93" count="14" type="stmt"/>
        <line num="94" count="9" type="stmt"/>
        <line num="95" count="18" type="stmt"/>
        <line num="97" count="1" type="stmt"/>
        <line num="98" count="3" type="stmt"/>
        <line num="99" count="4" type="cond" truecount="2" falsecount="0"/>
        <line num="102" count="3" type="stmt"/>
        <line num="103" count="3" type="stmt"/>
        <line num="104" count="6" type="stmt"/>
        <line num="106" count="4" type="stmt"/>
        <line num="112" count="3" type="cond" truecount="2" falsecount="0"/>
        <line num="116" count="4" type="stmt"/>
        <line num="117" count="4" type="stmt"/>
        <line num="118" count="4" type="stmt"/>
        <line num="119" count="4" type="stmt"/>
        <line num="120" count="28" type="stmt"/>
        <line num="121" count="28" type="stmt"/>
        <line num="122" count="28" type="stmt"/>
        <line num="123" count="49" type="stmt"/>
        <line num="124" count="49" type="cond" truecount="2" falsecount="0"/>
        <line num="126" count="28" type="cond" truecount="2" falsecount="0"/>
        <line num="127" count="7" type="stmt"/>
        <line num="131" count="5" type="stmt"/>
        <line num="138" count="28" type="stmt"/>
      </file>
    </package>
  </project>
</coverage>
