{"/home/ubuntu/.openclaw/workspace/projects/bdd-test-dashboard/src/app/page.tsx": {"path":"/home/ubuntu/.openclaw/workspace/projects/bdd-test-dashboard/src/app/page.tsx","statementMap":{"0":{"start":{"line":11,"column":8},"end":{"line":11,"column":null}},"1":{"start":{"line":11,"column":41},"end":{"line":11,"column":50}},"2":{"start":{"line":12,"column":8},"end":{"line":12,"column":null}},"3":{"start":{"line":12,"column":42},"end":{"line":12,"column":52}},"4":{"start":{"line":13,"column":8},"end":{"line":13,"column":null}},"5":{"start":{"line":13,"column":39},"end":{"line":13,"column":46}},"6":{"start":{"line":14,"column":8},"end":{"line":14,"column":null}},"7":{"start":{"line":14,"column":39},"end":{"line":14,"column":46}},"8":{"start":{"line":16,"column":2},"end":{"line":18,"column":null}},"9":{"start":{"line":17,"column":4},"end":{"line":17,"column":null}},"10":{"start":{"line":20,"column":2},"end":{"line":37,"column":null}},"11":{"start":{"line":21,"column":4},"end":{"line":35,"column":null}},"12":{"start":{"line":39,"column":2},"end":{"line":46,"column":null}},"13":{"start":{"line":40,"column":4},"end":{"line":44,"column":null}},"14":{"start":{"line":48,"column":2},"end":{"line":54,"column":null}}},"fnMap":{"0":{"name":"Home","decl":{"start":{"line":10,"column":24},"end":{"line":10,"column":31}},"loc":{"start":{"line":10,"column":31},"end":{"line":56,"column":null}},"line":10},"1":{"name":"(anonymous_1)","decl":{"start":{"line":11,"column":36},"end":{"line":11,"column":41}},"loc":{"start":{"line":11,"column":41},"end":{"line":11,"column":50}},"line":11},"2":{"name":"(anonymous_2)","decl":{"start":{"line":12,"column":37},"end":{"line":12,"column":42}},"loc":{"start":{"line":12,"column":42},"end":{"line":12,"column":52}},"line":12},"3":{"name":"(anonymous_3)","decl":{"start":{"line":13,"column":34},"end":{"line":13,"column":39}},"loc":{"start":{"line":13,"column":39},"end":{"line":13,"column":46}},"line":13},"4":{"name":"(anonymous_4)","decl":{"start":{"line":14,"column":34},"end":{"line":14,"column":39}},"loc":{"start":{"line":14,"column":39},"end":{"line":14,"column":46}},"line":14}},"branchMap":{"0":{"loc":{"start":{"line":16,"column":2},"end":{"line":18,"column":null}},"type":"if","locations":[{"start":{"line":16,"column":2},"end":{"line":18,"column":null}},{"start":{},"end":{}}],"line":16},"1":{"loc":{"start":{"line":20,"column":2},"end":{"line":37,"column":null}},"type":"if","locations":[{"start":{"line":20,"column":2},"end":{"line":37,"column":null}},{"start":{},"end":{}}],"line":20},"2":{"loc":{"start":{"line":39,"column":2},"end":{"line":46,"column":null}},"type":"if","locations":[{"start":{"line":39,"column":2},"end":{"line":46,"column":null}},{"start":{},"end":{}}],"line":39}},"s":{"0":4,"1":4,"2":4,"3":4,"4":4,"5":4,"6":4,"7":4,"8":4,"9":1,"10":3,"11":1,"12":2,"13":1,"14":1},"f":{"0":4,"1":4,"2":4,"3":4,"4":4},"b":{"0":[1,3],"1":[1,2],"2":[1,1]},"meta":{"lastBranch":3,"lastFunction":5,"lastStatement":15,"seen":{"f:10:24:10:31":0,"s:11:8:11:Infinity":0,"f:11:36:11:41":1,"s:11:41:11:50":1,"s:12:8:12:Infinity":2,"f:12:37:12:42":2,"s:12:42:12:52":3,"s:13:8:13:Infinity":4,"f:13:34:13:39":3,"s:13:39:13:46":5,"s:14:8:14:Infinity":6,"f:14:34:14:39":4,"s:14:39:14:46":7,"b:16:2:18:Infinity:undefined:undefined:undefined:undefined":0,"s:16:2:18:Infinity":8,"s:17:4:17:Infinity":9,"b:20:2:37:Infinity:undefined:undefined:undefined:undefined":1,"s:20:2:37:Infinity":10,"s:21:4:35:Infinity":11,"b:39:2:46:Infinity:undefined:undefined:undefined:undefined":2,"s:39:2:46:Infinity":12,"s:40:4:44:Infinity":13,"s:48:2:54:Infinity":14}}}
,"/home/ubuntu/.openclaw/workspace/projects/bdd-test-dashboard/src/app/project/[projectId]/client.tsx": {"path":"/home/ubuntu/.openclaw/workspace/projects/bdd-test-dashboard/src/app/project/[projectId]/client.tsx","statementMap":{"0":{"start":{"line":11,"column":8},"end":{"line":11,"column":null}},"1":{"start":{"line":11,"column":41},"end":{"line":11,"column":64}},"2":{"start":{"line":12,"column":8},"end":{"line":12,"column":null}},"3":{"start":{"line":12,"column":41},"end":{"line":12,"column":47}},"4":{"start":{"line":13,"column":8},"end":{"line":13,"column":null}},"5":{"start":{"line":13,"column":29},"end":{"line":13,"column":77}},"6":{"start":{"line":13,"column":49},"end":{"line":13,"column":74}},"7":{"start":{"line":14,"column":8},"end":{"line":14,"column":null}},"8":{"start":{"line":14,"column":41},"end":{"line":14,"column":50}},"9":{"start":{"line":15,"column":8},"end":{"line":15,"column":null}},"10":{"start":{"line":15,"column":39},"end":{"line":15,"column":46}},"11":{"start":{"line":16,"column":8},"end":{"line":16,"column":null}},"12":{"start":{"line":16,"column":39},"end":{"line":16,"column":46}},"13":{"start":{"line":18,"column":2},"end":{"line":20,"column":null}},"14":{"start":{"line":19,"column":4},"end":{"line":19,"column":null}},"15":{"start":{"line":22,"column":2},"end":{"line":39,"column":null}},"16":{"start":{"line":23,"column":4},"end":{"line":37,"column":null}},"17":{"start":{"line":41,"column":2},"end":{"line":48,"column":null}},"18":{"start":{"line":42,"column":4},"end":{"line":46,"column":null}},"19":{"start":{"line":50,"column":20},"end":{"line":50,"column":null}},"20":{"start":{"line":52,"column":2},"end":{"line":115,"column":null}},"21":{"start":{"line":75,"column":12},"end":{"line":78,"column":null}},"22":{"start":{"line":92,"column":34},"end":{"line":92,"column":null}},"23":{"start":{"line":93,"column":12},"end":{"line":110,"column":null}}},"fnMap":{"0":{"name":"ProjectClient","decl":{"start":{"line":10,"column":24},"end":{"line":10,"column":38}},"loc":{"start":{"line":10,"column":76},"end":{"line":117,"column":null}},"line":10},"1":{"name":"(anonymous_1)","decl":{"start":{"line":11,"column":36},"end":{"line":11,"column":41}},"loc":{"start":{"line":11,"column":41},"end":{"line":11,"column":64}},"line":11},"2":{"name":"(anonymous_2)","decl":{"start":{"line":12,"column":36},"end":{"line":12,"column":41}},"loc":{"start":{"line":12,"column":41},"end":{"line":12,"column":47}},"line":12},"3":{"name":"(anonymous_3)","decl":{"start":{"line":13,"column":23},"end":{"line":13,"column":29}},"loc":{"start":{"line":13,"column":29},"end":{"line":13,"column":77}},"line":13},"4":{"name":"(anonymous_4)","decl":{"start":{"line":13,"column":44},"end":{"line":13,"column":49}},"loc":{"start":{"line":13,"column":49},"end":{"line":13,"column":74}},"line":13},"5":{"name":"(anonymous_5)","decl":{"start":{"line":14,"column":36},"end":{"line":14,"column":41}},"loc":{"start":{"line":14,"column":41},"end":{"line":14,"column":50}},"line":14},"6":{"name":"(anonymous_6)","decl":{"start":{"line":15,"column":34},"end":{"line":15,"column":39}},"loc":{"start":{"line":15,"column":39},"end":{"line":15,"column":46}},"line":15},"7":{"name":"(anonymous_7)","decl":{"start":{"line":16,"column":34},"end":{"line":16,"column":39}},"loc":{"start":{"line":16,"column":39},"end":{"line":16,"column":46}},"line":16},"8":{"name":"(anonymous_8)","decl":{"start":{"line":74,"column":16},"end":{"line":74,"column":null}},"loc":{"start":{"line":75,"column":12},"end":{"line":78,"column":null}},"line":75},"9":{"name":"(anonymous_9)","decl":{"start":{"line":91,"column":20},"end":{"line":91,"column":21}},"loc":{"start":{"line":91,"column":29},"end":{"line":112,"column":11}},"line":91}},"branchMap":{"0":{"loc":{"start":{"line":18,"column":2},"end":{"line":20,"column":null}},"type":"if","locations":[{"start":{"line":18,"column":2},"end":{"line":20,"column":null}},{"start":{},"end":{}}],"line":18},"1":{"loc":{"start":{"line":22,"column":2},"end":{"line":39,"column":null}},"type":"if","locations":[{"start":{"line":22,"column":2},"end":{"line":39,"column":null}},{"start":{},"end":{}}],"line":22},"2":{"loc":{"start":{"line":41,"column":2},"end":{"line":48,"column":null}},"type":"if","locations":[{"start":{"line":41,"column":2},"end":{"line":48,"column":null}},{"start":{},"end":{}}],"line":41},"3":{"loc":{"start":{"line":67,"column":7},"end":{"line":80,"column":null}},"type":"binary-expr","locations":[{"start":{"line":67,"column":7},"end":{"line":67,"column":null}},{"start":{"line":68,"column":8},"end":{"line":80,"column":null}}],"line":67},"4":{"loc":{"start":{"line":70,"column":37},"end":{"line":70,"column":68}},"type":"binary-expr","locations":[{"start":{"line":70,"column":37},"end":{"line":70,"column":65}},{"start":{"line":70,"column":65},"end":{"line":70,"column":68}}],"line":70},"5":{"loc":{"start":{"line":71,"column":38},"end":{"line":71,"column":70}},"type":"binary-expr","locations":[{"start":{"line":71,"column":38},"end":{"line":71,"column":67}},{"start":{"line":71,"column":67},"end":{"line":71,"column":70}}],"line":71},"6":{"loc":{"start":{"line":72,"column":38},"end":{"line":72,"column":70}},"type":"binary-expr","locations":[{"start":{"line":72,"column":38},"end":{"line":72,"column":67}},{"start":{"line":72,"column":67},"end":{"line":72,"column":70}}],"line":72},"7":{"loc":{"start":{"line":73,"column":39},"end":{"line":73,"column":72}},"type":"binary-expr","locations":[{"start":{"line":73,"column":39},"end":{"line":73,"column":69}},{"start":{"line":73,"column":69},"end":{"line":73,"column":72}}],"line":73},"8":{"loc":{"start":{"line":86,"column":11},"end":{"line":89,"column":null}},"type":"binary-expr","locations":[{"start":{"line":86,"column":11},"end":{"line":86,"column":null}},{"start":{"line":87,"column":12},"end":{"line":89,"column":null}}],"line":86},"9":{"loc":{"start":{"line":92,"column":34},"end":{"line":92,"column":null}},"type":"binary-expr","locations":[{"start":{"line":92,"column":34},"end":{"line":92,"column":49}},{"start":{"line":92,"column":49},"end":{"line":92,"column":null}}],"line":92},"10":{"loc":{"start":{"line":92,"column":49},"end":{"line":92,"column":null}},"type":"cond-expr","locations":[{"start":{"line":92,"column":75},"end":{"line":92,"column":86}},{"start":{"line":92,"column":86},"end":{"line":92,"column":null}}],"line":92},"11":{"loc":{"start":{"line":92,"column":86},"end":{"line":92,"column":null}},"type":"cond-expr","locations":[{"start":{"line":92,"column":113},"end":{"line":92,"column":125}},{"start":{"line":92,"column":125},"end":{"line":92,"column":null}}],"line":92},"12":{"loc":{"start":{"line":102,"column":21},"end":{"line":102,"column":67}},"type":"binary-expr","locations":[{"start":{"line":102,"column":21},"end":{"line":102,"column":41}},{"start":{"line":102,"column":41},"end":{"line":102,"column":67}}],"line":102},"13":{"loc":{"start":{"line":106,"column":56},"end":{"line":106,"column":81}},"type":"binary-expr","locations":[{"start":{"line":106,"column":56},"end":{"line":106,"column":79}},{"start":{"line":106,"column":79},"end":{"line":106,"column":81}}],"line":106},"14":{"loc":{"start":{"line":106,"column":83},"end":{"line":106,"column":107}},"type":"binary-expr","locations":[{"start":{"line":106,"column":83},"end":{"line":106,"column":105}},{"start":{"line":106,"column":105},"end":{"line":106,"column":107}}],"line":106}},"s":{"0":5,"1":5,"2":5,"3":5,"4":5,"5":5,"6":3,"7":5,"8":5,"9":5,"10":5,"11":5,"12":5,"13":5,"14":1,"15":4,"16":1,"17":3,"18":1,"19":2,"20":2,"21":4,"22":1,"23":1},"f":{"0":5,"1":5,"2":5,"3":5,"4":3,"5":5,"6":5,"7":5,"8":4,"9":1},"b":{"0":[1,4],"1":[1,3],"2":[1,2],"3":[2,1],"4":[1,0],"5":[1,0],"6":[1,0],"7":[1,0],"8":[5,1],"9":[1,0],"10":[0,0],"11":[0,0],"12":[1,1],"13":[1,0],"14":[1,0]},"meta":{"lastBranch":15,"lastFunction":10,"lastStatement":24,"seen":{"f:10:24:10:38":0,"s:11:8:11:Infinity":0,"f:11:36:11:41":1,"s:11:41:11:64":1,"s:12:8:12:Infinity":2,"f:12:36:12:41":2,"s:12:41:12:47":3,"s:13:8:13:Infinity":4,"f:13:23:13:29":3,"s:13:29:13:77":5,"f:13:44:13:49":4,"s:13:49:13:74":6,"s:14:8:14:Infinity":7,"f:14:36:14:41":5,"s:14:41:14:50":8,"s:15:8:15:Infinity":9,"f:15:34:15:39":6,"s:15:39:15:46":10,"s:16:8:16:Infinity":11,"f:16:34:16:39":7,"s:16:39:16:46":12,"b:18:2:20:Infinity:undefined:undefined:undefined:undefined":0,"s:18:2:20:Infinity":13,"s:19:4:19:Infinity":14,"b:22:2:39:Infinity:undefined:undefined:undefined:undefined":1,"s:22:2:39:Infinity":15,"s:23:4:37:Infinity":16,"b:41:2:48:Infinity:undefined:undefined:undefined:undefined":2,"s:41:2:48:Infinity":17,"s:42:4:46:Infinity":18,"s:50:20:50:Infinity":19,"s:52:2:115:Infinity":20,"b:67:7:67:Infinity:68:8:80:Infinity":3,"b:70:37:70:65:70:65:70:68":4,"b:71:38:71:67:71:67:71:70":5,"b:72:38:72:67:72:67:72:70":6,"b:73:39:73:69:73:69:73:72":7,"f:74:16:74:Infinity":8,"s:75:12:78:Infinity":21,"b:86:11:86:Infinity:87:12:89:Infinity":8,"f:91:20:91:21":9,"s:92:34:92:Infinity":22,"b:92:34:92:49:92:49:92:Infinity":9,"b:92:75:92:86:92:86:92:Infinity":10,"b:92:113:92:125:92:125:92:Infinity":11,"s:93:12:110:Infinity":23,"b:102:21:102:41:102:41:102:67":12,"b:106:56:106:79:106:79:106:81":13,"b:106:83:106:105:106:105:106:107":14}}}
,"/home/ubuntu/.openclaw/workspace/projects/bdd-test-dashboard/src/app/project/[projectId]/page.tsx": {"path":"/home/ubuntu/.openclaw/workspace/projects/bdd-test-dashboard/src/app/project/[projectId]/page.tsx","statementMap":{"0":{"start":{"line":4,"column":2},"end":{"line":9,"column":null}},"1":{"start":{"line":13,"column":24},"end":{"line":13,"column":null}},"2":{"start":{"line":14,"column":2},"end":{"line":14,"column":null}}},"fnMap":{"0":{"name":"generateStaticParams","decl":{"start":{"line":3,"column":16},"end":{"line":3,"column":39}},"loc":{"start":{"line":3,"column":39},"end":{"line":10,"column":null}},"line":3},"1":{"name":"ProjectPage","decl":{"start":{"line":12,"column":30},"end":{"line":12,"column":42}},"loc":{"start":{"line":12,"column":98},"end":{"line":15,"column":null}},"line":12}},"branchMap":{},"s":{"0":0,"1":0,"2":0},"f":{"0":0,"1":0},"b":{},"meta":{"lastBranch":0,"lastFunction":2,"lastStatement":3,"seen":{"f:3:16:3:39":0,"s:4:2:9:Infinity":0,"f:12:30:12:42":1,"s:13:24:13:Infinity":1,"s:14:2:14:Infinity":2}}}
,"/home/ubuntu/.openclaw/workspace/projects/bdd-test-dashboard/src/app/project/[projectId]/run/[runId]/client.tsx": {"path":"/home/ubuntu/.openclaw/workspace/projects/bdd-test-dashboard/src/app/project/[projectId]/run/[runId]/client.tsx","statementMap":{"0":{"start":{"line":14,"column":39},"end":{"line":14,"column":null}},"1":{"start":{"line":15,"column":2},"end":{"line":28,"column":null}},"2":{"start":{"line":16,"column":4},"end":{"line":27,"column":null}},"3":{"start":{"line":17,"column":6},"end":{"line":17,"column":null}},"4":{"start":{"line":18,"column":4},"end":{"line":27,"column":null}},"5":{"start":{"line":19,"column":6},"end":{"line":19,"column":null}},"6":{"start":{"line":20,"column":4},"end":{"line":27,"column":null}},"7":{"start":{"line":21,"column":6},"end":{"line":24,"column":null}},"8":{"start":{"line":22,"column":8},"end":{"line":23,"column":null}},"9":{"start":{"line":26,"column":6},"end":{"line":26,"column":null}},"10":{"start":{"line":29,"column":2},"end":{"line":29,"column":null}},"11":{"start":{"line":33,"column":30},"end":{"line":33,"column":null}},"12":{"start":{"line":34,"column":16},"end":{"line":34,"column":null}},"13":{"start":{"line":35,"column":20},"end":{"line":35,"column":null}},"14":{"start":{"line":36,"column":18},"end":{"line":36,"column":null}},"15":{"start":{"line":37,"column":2},"end":{"line":45,"column":null}},"16":{"start":{"line":41,"column":31},"end":{"line":41,"column":55}},"17":{"start":{"line":50,"column":8},"end":{"line":50,"column":null}},"18":{"start":{"line":50,"column":41},"end":{"line":50,"column":64}},"19":{"start":{"line":51,"column":20},"end":{"line":51,"column":null}},"20":{"start":{"line":52,"column":34},"end":{"line":52,"column":null}},"21":{"start":{"line":54,"column":2},"end":{"line":70,"column":null}},"22":{"start":{"line":56,"column":6},"end":{"line":67,"column":null}},"23":{"start":{"line":57,"column":14},"end":{"line":57,"column":null}},"24":{"start":{"line":58,"column":23},"end":{"line":58,"column":null}},"25":{"start":{"line":59,"column":8},"end":{"line":59,"column":null}},"26":{"start":{"line":59,"column":32},"end":{"line":59,"column":54}},"27":{"start":{"line":59,"column":54},"end":{"line":59,"column":62}},"28":{"start":{"line":60,"column":29},"end":{"line":60,"column":null}},"29":{"start":{"line":61,"column":25},"end":{"line":61,"column":null}},"30":{"start":{"line":61,"column":53},"end":{"line":61,"column":89}},"31":{"start":{"line":62,"column":8},"end":{"line":62,"column":null}},"32":{"start":{"line":64,"column":8},"end":{"line":64,"column":null}},"33":{"start":{"line":66,"column":8},"end":{"line":66,"column":null}},"34":{"start":{"line":69,"column":4},"end":{"line":69,"column":null}},"35":{"start":{"line":69,"column":34},"end":{"line":69,"column":51}},"36":{"start":{"line":69,"column":60},"end":{"line":69,"column":82}},"37":{"start":{"line":72,"column":2},"end":{"line":74,"column":null}},"38":{"start":{"line":73,"column":4},"end":{"line":73,"column":null}},"39":{"start":{"line":75,"column":2},"end":{"line":77,"column":null}},"40":{"start":{"line":76,"column":4},"end":{"line":76,"column":null}},"41":{"start":{"line":79,"column":24},"end":{"line":79,"column":null}},"42":{"start":{"line":81,"column":2},"end":{"line":149,"column":null}},"43":{"start":{"line":108,"column":10},"end":{"line":111,"column":null}},"44":{"start":{"line":117,"column":10},"end":{"line":144,"column":null}},"45":{"start":{"line":122,"column":16},"end":{"line":141,"column":null}},"46":{"start":{"line":129,"column":22},"end":{"line":138,"column":null}}},"fnMap":{"0":{"name":"sanitize","decl":{"start":{"line":13,"column":9},"end":{"line":13,"column":18}},"loc":{"start":{"line":13,"column":73},"end":{"line":30,"column":null}},"line":13},"1":{"name":"(anonymous_1)","decl":{"start":{"line":21,"column":21},"end":{"line":21,"column":null}},"loc":{"start":{"line":22,"column":8},"end":{"line":23,"column":null}},"line":22},"2":{"name":"StepError","decl":{"start":{"line":32,"column":9},"end":{"line":32,"column":19}},"loc":{"start":{"line":32,"column":49},"end":{"line":47,"column":null}},"line":32},"3":{"name":"(anonymous_3)","decl":{"start":{"line":41,"column":25},"end":{"line":41,"column":31}},"loc":{"start":{"line":41,"column":31},"end":{"line":41,"column":55}},"line":41},"4":{"name":"RunClient","decl":{"start":{"line":49,"column":24},"end":{"line":49,"column":34}},"loc":{"start":{"line":49,"column":94},"end":{"line":151,"column":null}},"line":49},"5":{"name":"(anonymous_5)","decl":{"start":{"line":50,"column":36},"end":{"line":50,"column":41}},"loc":{"start":{"line":50,"column":41},"end":{"line":50,"column":64}},"line":50},"6":{"name":"(anonymous_6)","decl":{"start":{"line":54,"column":12},"end":{"line":54,"column":18}},"loc":{"start":{"line":54,"column":18},"end":{"line":70,"column":5}},"line":54},"7":{"name":"loadRunDetail","decl":{"start":{"line":55,"column":19},"end":{"line":55,"column":35}},"loc":{"start":{"line":55,"column":35},"end":{"line":68,"column":null}},"line":55},"8":{"name":"(anonymous_8)","decl":{"start":{"line":61,"column":47},"end":{"line":61,"column":53}},"loc":{"start":{"line":61,"column":53},"end":{"line":61,"column":89}},"line":61},"9":{"name":"(anonymous_9)","decl":{"start":{"line":107,"column":14},"end":{"line":107,"column":null}},"loc":{"start":{"line":108,"column":10},"end":{"line":111,"column":null}},"line":108},"10":{"name":"(anonymous_10)","decl":{"start":{"line":116,"column":25},"end":{"line":116,"column":26}},"loc":{"start":{"line":117,"column":10},"end":{"line":144,"column":null}},"line":117},"11":{"name":"(anonymous_11)","decl":{"start":{"line":121,"column":45},"end":{"line":121,"column":46}},"loc":{"start":{"line":122,"column":16},"end":{"line":141,"column":null}},"line":122},"12":{"name":"(anonymous_12)","decl":{"start":{"line":128,"column":48},"end":{"line":128,"column":49}},"loc":{"start":{"line":129,"column":22},"end":{"line":138,"column":null}},"line":129}},"branchMap":{"0":{"loc":{"start":{"line":16,"column":4},"end":{"line":27,"column":null}},"type":"if","locations":[{"start":{"line":16,"column":4},"end":{"line":27,"column":null}},{"start":{"line":18,"column":4},"end":{"line":27,"column":null}}],"line":16},"1":{"loc":{"start":{"line":18,"column":4},"end":{"line":27,"column":null}},"type":"if","locations":[{"start":{"line":18,"column":4},"end":{"line":27,"column":null}},{"start":{"line":20,"column":4},"end":{"line":27,"column":null}}],"line":18},"2":{"loc":{"start":{"line":18,"column":15},"end":{"line":18,"column":64}},"type":"binary-expr","locations":[{"start":{"line":18,"column":15},"end":{"line":18,"column":20}},{"start":{"line":18,"column":20},"end":{"line":18,"column":45}},{"start":{"line":18,"column":45},"end":{"line":18,"column":64}}],"line":18},"3":{"loc":{"start":{"line":20,"column":4},"end":{"line":27,"column":null}},"type":"if","locations":[{"start":{"line":20,"column":4},"end":{"line":27,"column":null}},{"start":{"line":25,"column":11},"end":{"line":27,"column":null}}],"line":20},"4":{"loc":{"start":{"line":22,"column":8},"end":{"line":23,"column":null}},"type":"cond-expr","locations":[{"start":{"line":22,"column":36},"end":{"line":22,"column":null}},{"start":{"line":23,"column":8},"end":{"line":23,"column":null}}],"line":22},"5":{"loc":{"start":{"line":23,"column":8},"end":{"line":23,"column":null}},"type":"cond-expr","locations":[{"start":{"line":23,"column":43},"end":{"line":23,"column":87}},{"start":{"line":23,"column":87},"end":{"line":23,"column":null}}],"line":23},"6":{"loc":{"start":{"line":23,"column":8},"end":{"line":23,"column":43}},"type":"binary-expr","locations":[{"start":{"line":23,"column":8},"end":{"line":23,"column":16}},{"start":{"line":23,"column":16},"end":{"line":23,"column":43}}],"line":23},"7":{"loc":{"start":{"line":35,"column":20},"end":{"line":35,"column":null}},"type":"binary-expr","locations":[{"start":{"line":35,"column":20},"end":{"line":35,"column":40}},{"start":{"line":35,"column":40},"end":{"line":35,"column":null}}],"line":35},"8":{"loc":{"start":{"line":36,"column":18},"end":{"line":36,"column":null}},"type":"cond-expr","locations":[{"start":{"line":36,"column":30},"end":{"line":36,"column":61}},{"start":{"line":36,"column":61},"end":{"line":36,"column":null}}],"line":36},"9":{"loc":{"start":{"line":40,"column":7},"end":{"line":43,"column":null}},"type":"binary-expr","locations":[{"start":{"line":40,"column":7},"end":{"line":40,"column":null}},{"start":{"line":41,"column":8},"end":{"line":43,"column":null}}],"line":40},"10":{"loc":{"start":{"line":42,"column":11},"end":{"line":42,"column":null}},"type":"cond-expr","locations":[{"start":{"line":42,"column":22},"end":{"line":42,"column":36}},{"start":{"line":42,"column":36},"end":{"line":42,"column":null}}],"line":42},"11":{"loc":{"start":{"line":59,"column":8},"end":{"line":59,"column":null}},"type":"if","locations":[{"start":{"line":59,"column":8},"end":{"line":59,"column":null}},{"start":{},"end":{}}],"line":59},"12":{"loc":{"start":{"line":69,"column":4},"end":{"line":69,"column":null}},"type":"if","locations":[{"start":{"line":69,"column":4},"end":{"line":69,"column":null}},{"start":{"line":69,"column":58},"end":{"line":69,"column":null}}],"line":69},"13":{"loc":{"start":{"line":69,"column":8},"end":{"line":69,"column":32}},"type":"binary-expr","locations":[{"start":{"line":69,"column":8},"end":{"line":69,"column":17}},{"start":{"line":69,"column":17},"end":{"line":69,"column":32}}],"line":69},"14":{"loc":{"start":{"line":72,"column":2},"end":{"line":74,"column":null}},"type":"if","locations":[{"start":{"line":72,"column":2},"end":{"line":74,"column":null}},{"start":{},"end":{}}],"line":72},"15":{"loc":{"start":{"line":75,"column":2},"end":{"line":77,"column":null}},"type":"if","locations":[{"start":{"line":75,"column":2},"end":{"line":77,"column":null}},{"start":{},"end":{}}],"line":75},"16":{"loc":{"start":{"line":79,"column":24},"end":{"line":79,"column":null}},"type":"binary-expr","locations":[{"start":{"line":79,"column":24},"end":{"line":79,"column":39}},{"start":{"line":79,"column":39},"end":{"line":79,"column":null}}],"line":79},"17":{"loc":{"start":{"line":79,"column":39},"end":{"line":79,"column":null}},"type":"cond-expr","locations":[{"start":{"line":79,"column":65},"end":{"line":79,"column":76}},{"start":{"line":79,"column":76},"end":{"line":79,"column":null}}],"line":79},"18":{"loc":{"start":{"line":79,"column":76},"end":{"line":79,"column":null}},"type":"cond-expr","locations":[{"start":{"line":79,"column":103},"end":{"line":79,"column":115}},{"start":{"line":79,"column":115},"end":{"line":79,"column":null}}],"line":79},"19":{"loc":{"start":{"line":90,"column":48},"end":{"line":90,"column":75}},"type":"binary-expr","locations":[{"start":{"line":90,"column":48},"end":{"line":90,"column":65}},{"start":{"line":90,"column":65},"end":{"line":90,"column":75}}],"line":90},"20":{"loc":{"start":{"line":96,"column":13},"end":{"line":96,"column":null}},"type":"binary-expr","locations":[{"start":{"line":96,"column":13},"end":{"line":96,"column":33}},{"start":{"line":96,"column":33},"end":{"line":96,"column":null}}],"line":96},"21":{"loc":{"start":{"line":103,"column":35},"end":{"line":103,"column":60}},"type":"binary-expr","locations":[{"start":{"line":103,"column":35},"end":{"line":103,"column":57}},{"start":{"line":103,"column":57},"end":{"line":103,"column":60}}],"line":103},"22":{"loc":{"start":{"line":104,"column":36},"end":{"line":104,"column":62}},"type":"binary-expr","locations":[{"start":{"line":104,"column":36},"end":{"line":104,"column":59}},{"start":{"line":104,"column":59},"end":{"line":104,"column":62}}],"line":104},"23":{"loc":{"start":{"line":105,"column":36},"end":{"line":105,"column":62}},"type":"binary-expr","locations":[{"start":{"line":105,"column":36},"end":{"line":105,"column":59}},{"start":{"line":105,"column":59},"end":{"line":105,"column":62}}],"line":105},"24":{"loc":{"start":{"line":106,"column":37},"end":{"line":106,"column":64}},"type":"binary-expr","locations":[{"start":{"line":106,"column":37},"end":{"line":106,"column":61}},{"start":{"line":106,"column":61},"end":{"line":106,"column":64}}],"line":106},"25":{"loc":{"start":{"line":115,"column":7},"end":{"line":147,"column":null}},"type":"cond-expr","locations":[{"start":{"line":116,"column":8},"end":{"line":145,"column":null}},{"start":{"line":147,"column":8},"end":{"line":147,"column":null}}],"line":115},"26":{"loc":{"start":{"line":115,"column":7},"end":{"line":115,"column":null}},"type":"binary-expr","locations":[{"start":{"line":115,"column":7},"end":{"line":115,"column":23}},{"start":{"line":115,"column":23},"end":{"line":115,"column":null}}],"line":115},"27":{"loc":{"start":{"line":121,"column":16},"end":{"line":121,"column":41}},"type":"binary-expr","locations":[{"start":{"line":121,"column":16},"end":{"line":121,"column":37}},{"start":{"line":121,"column":37},"end":{"line":121,"column":41}}],"line":121},"28":{"loc":{"start":{"line":128,"column":22},"end":{"line":128,"column":44}},"type":"binary-expr","locations":[{"start":{"line":128,"column":22},"end":{"line":128,"column":40}},{"start":{"line":128,"column":40},"end":{"line":128,"column":44}}],"line":128},"29":{"loc":{"start":{"line":135,"column":25},"end":{"line":136,"column":null}},"type":"binary-expr","locations":[{"start":{"line":135,"column":25},"end":{"line":135,"column":54}},{"start":{"line":135,"column":54},"end":{"line":135,"column":68}},{"start":{"line":135,"column":68},"end":{"line":135,"column":null}},{"start":{"line":136,"column":26},"end":{"line":136,"column":null}}],"line":135},"30":{"loc":{"start":{"line":136,"column":45},"end":{"line":136,"column":80}},"type":"binary-expr","locations":[{"start":{"line":136,"column":45},"end":{"line":136,"column":59}},{"start":{"line":136,"column":59},"end":{"line":136,"column":80}}],"line":136},"31":{"loc":{"start":{"line":117,"column":27},"end":{"line":117,"column":45}},"type":"binary-expr","locations":[{"start":{"line":117,"column":27},"end":{"line":117,"column":41}},{"start":{"line":117,"column":41},"end":{"line":117,"column":45}}],"line":117}},"s":{"0":12,"1":12,"2":53,"3":0,"4":53,"5":3,"6":50,"7":6,"8":4,"9":44,"10":12,"11":2,"12":2,"13":2,"14":2,"15":2,"16":1,"17":10,"18":10,"19":10,"20":10,"21":10,"22":4,"23":4,"24":4,"25":4,"26":1,"27":1,"28":3,"29":3,"30":2,"31":3,"32":0,"33":4,"34":5,"35":4,"36":1,"37":10,"38":5,"39":5,"40":2,"41":3,"42":10,"43":12,"44":2,"45":2,"46":2},"f":{"0":12,"1":4,"2":2,"3":1,"4":10,"5":10,"6":5,"7":4,"8":2,"9":12,"10":2,"11":2,"12":2},"b":{"0":[0,53],"1":[3,50],"2":[53,46,9],"3":[6,44],"4":[0,4],"5":[4,0],"6":[4,4],"7":[2,2],"8":[1,1],"9":[2,2],"10":[1,1],"11":[1,3],"12":[4,1],"13":[5,5],"14":[5,5],"15":[2,3],"16":[3,2],"17":[1,1],"18":[0,1],"19":[10,0],"20":[10,2],"21":[10,0],"22":[10,0],"23":[10,0],"24":[10,0],"25":[2,1],"26":[10,3],"27":[2,0],"28":[2,0],"29":[2,1,0,1],"30":[1,0],"31":[2,0]},"meta":{"lastBranch":32,"lastFunction":13,"lastStatement":47,"seen":{"f:13:9:13:18":0,"s:14:39:14:Infinity":0,"s:15:2:28:Infinity":1,"b:16:4:27:Infinity:18:4:27:Infinity":0,"s:16:4:27:Infinity":2,"s:17:6:17:Infinity":3,"b:18:4:27:Infinity:20:4:27:Infinity":1,"s:18:4:27:Infinity":4,"b:18:15:18:20:18:20:18:45:18:45:18:64":2,"s:19:6:19:Infinity":5,"b:20:4:27:Infinity:25:11:27:Infinity":3,"s:20:4:27:Infinity":6,"s:21:6:24:Infinity":7,"f:21:21:21:Infinity":1,"s:22:8:23:Infinity":8,"b:22:36:22:Infinity:23:8:23:Infinity":4,"b:23:43:23:87:23:87:23:Infinity":5,"b:23:8:23:16:23:16:23:43":6,"s:26:6:26:Infinity":9,"s:29:2:29:Infinity":10,"f:32:9:32:19":2,"s:33:30:33:Infinity":11,"s:34:16:34:Infinity":12,"s:35:20:35:Infinity":13,"b:35:20:35:40:35:40:35:Infinity":7,"s:36:18:36:Infinity":14,"b:36:30:36:61:36:61:36:Infinity":8,"s:37:2:45:Infinity":15,"b:40:7:40:Infinity:41:8:43:Infinity":9,"f:41:25:41:31":3,"s:41:31:41:55":16,"b:42:22:42:36:42:36:42:Infinity":10,"f:49:24:49:34":4,"s:50:8:50:Infinity":17,"f:50:36:50:41":5,"s:50:41:50:64":18,"s:51:20:51:Infinity":19,"s:52:34:52:Infinity":20,"s:54:2:70:Infinity":21,"f:54:12:54:18":6,"f:55:19:55:35":7,"s:56:6:67:Infinity":22,"s:57:14:57:Infinity":23,"s:58:23:58:Infinity":24,"b:59:8:59:Infinity:undefined:undefined:undefined:undefined":11,"s:59:8:59:Infinity":25,"s:59:32:59:54":26,"s:59:54:59:62":27,"s:60:29:60:Infinity":28,"s:61:25:61:Infinity":29,"f:61:47:61:53":8,"s:61:53:61:89":30,"s:62:8:62:Infinity":31,"s:64:8:64:Infinity":32,"s:66:8:66:Infinity":33,"b:69:4:69:Infinity:69:58:69:Infinity":12,"s:69:4:69:Infinity":34,"b:69:8:69:17:69:17:69:32":13,"s:69:34:69:51":35,"s:69:60:69:82":36,"b:72:2:74:Infinity:undefined:undefined:undefined:undefined":14,"s:72:2:74:Infinity":37,"s:73:4:73:Infinity":38,"b:75:2:77:Infinity:undefined:undefined:undefined:undefined":15,"s:75:2:77:Infinity":39,"s:76:4:76:Infinity":40,"s:79:24:79:Infinity":41,"b:79:24:79:39:79:39:79:Infinity":16,"b:79:65:79:76:79:76:79:Infinity":17,"b:79:103:79:115:79:115:79:Infinity":18,"s:81:2:149:Infinity":42,"b:90:48:90:65:90:65:90:75":19,"b:96:13:96:33:96:33:96:Infinity":20,"b:103:35:103:57:103:57:103:60":21,"b:104:36:104:59:104:59:104:62":22,"b:105:36:105:59:105:59:105:62":23,"b:106:37:106:61:106:61:106:64":24,"f:107:14:107:Infinity":9,"s:108:10:111:Infinity":43,"b:116:8:145:Infinity:147:8:147:Infinity":25,"b:115:7:115:23:115:23:115:Infinity":26,"f:116:25:116:26":10,"s:117:10:144:Infinity":44,"b:121:16:121:37:121:37:121:41":27,"f:121:45:121:46":11,"s:122:16:141:Infinity":45,"b:128:22:128:40:128:40:128:44":28,"f:128:48:128:49":12,"s:129:22:138:Infinity":46,"b:135:25:135:54:135:54:135:68:135:68:135:Infinity:136:26:136:Infinity":29,"b:136:45:136:59:136:59:136:80":30,"b:117:27:117:41:117:41:117:45":31}}}
,"/home/ubuntu/.openclaw/workspace/projects/bdd-test-dashboard/src/app/project/[projectId]/run/[runId]/page.tsx": {"path":"/home/ubuntu/.openclaw/workspace/projects/bdd-test-dashboard/src/app/project/[projectId]/run/[runId]/page.tsx","statementMap":{"0":{"start":{"line":4,"column":2},"end":{"line":9,"column":null}},"1":{"start":{"line":13,"column":31},"end":{"line":13,"column":null}},"2":{"start":{"line":14,"column":2},"end":{"line":14,"column":null}}},"fnMap":{"0":{"name":"generateStaticParams","decl":{"start":{"line":3,"column":16},"end":{"line":3,"column":39}},"loc":{"start":{"line":3,"column":39},"end":{"line":10,"column":null}},"line":3},"1":{"name":"RunPage","decl":{"start":{"line":12,"column":30},"end":{"line":12,"column":38}},"loc":{"start":{"line":12,"column":109},"end":{"line":15,"column":null}},"line":12}},"branchMap":{},"s":{"0":0,"1":0,"2":0},"f":{"0":0,"1":0},"b":{},"meta":{"lastBranch":0,"lastFunction":2,"lastStatement":3,"seen":{"f:3:16:3:39":0,"s:4:2:9:Infinity":0,"f:12:30:12:38":1,"s:13:31:13:Infinity":1,"s:14:2:14:Infinity":2}}}
,"/home/ubuntu/.openclaw/workspace/projects/bdd-test-dashboard/src/components/dashboard-skeleton.tsx": {"path":"/home/ubuntu/.openclaw/workspace/projects/bdd-test-dashboard/src/components/dashboard-skeleton.tsx","statementMap":{"0":{"start":{"line":4,"column":2},"end":{"line":38,"column":null}},"1":{"start":{"line":9,"column":10},"end":{"line":12,"column":null}},"2":{"start":{"line":27,"column":12},"end":{"line":34,"column":null}}},"fnMap":{"0":{"name":"DashboardSkeleton","decl":{"start":{"line":3,"column":16},"end":{"line":3,"column":36}},"loc":{"start":{"line":3,"column":36},"end":{"line":40,"column":null}},"line":3},"1":{"name":"(anonymous_1)","decl":{"start":{"line":8,"column":39},"end":{"line":8,"column":40}},"loc":{"start":{"line":9,"column":10},"end":{"line":12,"column":null}},"line":9},"2":{"name":"(anonymous_2)","decl":{"start":{"line":26,"column":41},"end":{"line":26,"column":42}},"loc":{"start":{"line":27,"column":12},"end":{"line":34,"column":null}},"line":27}},"branchMap":{},"s":{"0":3,"1":12,"2":9},"f":{"0":3,"1":12,"2":9},"b":{},"meta":{"lastBranch":0,"lastFunction":3,"lastStatement":3,"seen":{"f:3:16:3:36":0,"s:4:2:38:Infinity":0,"f:8:39:8:40":1,"s:9:10:12:Infinity":1,"f:26:41:26:42":2,"s:27:12:34:Infinity":2}}}
,"/home/ubuntu/.openclaw/workspace/projects/bdd-test-dashboard/src/components/data-provider.tsx": {"path":"/home/ubuntu/.openclaw/workspace/projects/bdd-test-dashboard/src/components/data-provider.tsx","statementMap":{"0":{"start":{"line":10,"column":39},"end":{"line":10,"column":null}},"1":{"start":{"line":11,"column":2},"end":{"line":24,"column":null}},"2":{"start":{"line":12,"column":4},"end":{"line":23,"column":null}},"3":{"start":{"line":13,"column":6},"end":{"line":13,"column":null}},"4":{"start":{"line":14,"column":4},"end":{"line":23,"column":null}},"5":{"start":{"line":15,"column":6},"end":{"line":15,"column":null}},"6":{"start":{"line":16,"column":4},"end":{"line":23,"column":null}},"7":{"start":{"line":17,"column":6},"end":{"line":20,"column":null}},"8":{"start":{"line":18,"column":8},"end":{"line":19,"column":null}},"9":{"start":{"line":22,"column":6},"end":{"line":22,"column":null}},"10":{"start":{"line":25,"column":2},"end":{"line":25,"column":null}},"11":{"start":{"line":29,"column":8},"end":{"line":29,"column":null}},"12":{"start":{"line":30,"column":8},"end":{"line":30,"column":null}},"13":{"start":{"line":30,"column":44},"end":{"line":30,"column":56}},"14":{"start":{"line":32,"column":2},"end":{"line":70,"column":null}},"15":{"start":{"line":33,"column":4},"end":{"line":33,"column":null}},"16":{"start":{"line":33,"column":44},"end":{"line":33,"column":null}},"17":{"start":{"line":34,"column":4},"end":{"line":34,"column":null}},"18":{"start":{"line":37,"column":20},"end":{"line":37,"column":null}},"19":{"start":{"line":38,"column":6},"end":{"line":67,"column":null}},"20":{"start":{"line":39,"column":8},"end":{"line":39,"column":null}},"21":{"start":{"line":40,"column":14},"end":{"line":40,"column":null}},"22":{"start":{"line":42,"column":25},"end":{"line":42,"column":null}},"23":{"start":{"line":43,"column":25},"end":{"line":43,"column":null}},"24":{"start":{"line":43,"column":49},"end":{"line":43,"column":107}},"25":{"start":{"line":44,"column":8},"end":{"line":44,"column":null}},"26":{"start":{"line":45,"column":8},"end":{"line":45,"column":null}},"27":{"start":{"line":47,"column":8},"end":{"line":60,"column":null}},"28":{"start":{"line":48,"column":16},"end":{"line":48,"column":null}},"29":{"start":{"line":49,"column":27},"end":{"line":49,"column":null}},"30":{"start":{"line":50,"column":23},"end":{"line":50,"column":null}},"31":{"start":{"line":50,"column":47},"end":{"line":50,"column":105}},"32":{"start":{"line":51,"column":10},"end":{"line":51,"column":null}},"33":{"start":{"line":53,"column":10},"end":{"line":59,"column":null}},"34":{"start":{"line":54,"column":29},"end":{"line":54,"column":null}},"35":{"start":{"line":55,"column":25},"end":{"line":55,"column":null}},"36":{"start":{"line":55,"column":49},"end":{"line":55,"column":107}},"37":{"start":{"line":56,"column":12},"end":{"line":56,"column":null}},"38":{"start":{"line":58,"column":12},"end":{"line":58,"column":null}},"39":{"start":{"line":62,"column":24},"end":{"line":62,"column":null}},"40":{"start":{"line":63,"column":8},"end":{"line":63,"column":null}},"41":{"start":{"line":64,"column":8},"end":{"line":64,"column":null}},"42":{"start":{"line":66,"column":8},"end":{"line":66,"column":null}},"43":{"start":{"line":69,"column":4},"end":{"line":69,"column":null}},"44":{"start":{"line":72,"column":2},"end":{"line":72,"column":null}}},"fnMap":{"0":{"name":"sanitize","decl":{"start":{"line":9,"column":9},"end":{"line":9,"column":18}},"loc":{"start":{"line":9,"column":73},"end":{"line":26,"column":null}},"line":9},"1":{"name":"(anonymous_1)","decl":{"start":{"line":17,"column":21},"end":{"line":17,"column":null}},"loc":{"start":{"line":18,"column":8},"end":{"line":19,"column":null}},"line":18},"2":{"name":"DataProvider","decl":{"start":{"line":28,"column":16},"end":{"line":28,"column":29}},"loc":{"start":{"line":28,"column":74},"end":{"line":73,"column":null}},"line":28},"3":{"name":"(anonymous_3)","decl":{"start":{"line":30,"column":39},"end":{"line":30,"column":44}},"loc":{"start":{"line":30,"column":44},"end":{"line":30,"column":56}},"line":30},"4":{"name":"(anonymous_4)","decl":{"start":{"line":32,"column":12},"end":{"line":32,"column":18}},"loc":{"start":{"line":32,"column":18},"end":{"line":70,"column":5}},"line":32},"5":{"name":"loadData","decl":{"start":{"line":36,"column":19},"end":{"line":36,"column":30}},"loc":{"start":{"line":36,"column":30},"end":{"line":68,"column":null}},"line":36},"6":{"name":"(anonymous_6)","decl":{"start":{"line":43,"column":43},"end":{"line":43,"column":49}},"loc":{"start":{"line":43,"column":49},"end":{"line":43,"column":107}},"line":43},"7":{"name":"(anonymous_7)","decl":{"start":{"line":50,"column":41},"end":{"line":50,"column":47}},"loc":{"start":{"line":50,"column":47},"end":{"line":50,"column":105}},"line":50},"8":{"name":"(anonymous_8)","decl":{"start":{"line":55,"column":43},"end":{"line":55,"column":49}},"loc":{"start":{"line":55,"column":49},"end":{"line":55,"column":107}},"line":55}},"branchMap":{"0":{"loc":{"start":{"line":12,"column":4},"end":{"line":23,"column":null}},"type":"if","locations":[{"start":{"line":12,"column":4},"end":{"line":23,"column":null}},{"start":{"line":14,"column":4},"end":{"line":23,"column":null}}],"line":12},"1":{"loc":{"start":{"line":14,"column":4},"end":{"line":23,"column":null}},"type":"if","locations":[{"start":{"line":14,"column":4},"end":{"line":23,"column":null}},{"start":{"line":16,"column":4},"end":{"line":23,"column":null}}],"line":14},"2":{"loc":{"start":{"line":14,"column":15},"end":{"line":14,"column":64}},"type":"binary-expr","locations":[{"start":{"line":14,"column":15},"end":{"line":14,"column":20}},{"start":{"line":14,"column":20},"end":{"line":14,"column":45}},{"start":{"line":14,"column":45},"end":{"line":14,"column":64}}],"line":14},"3":{"loc":{"start":{"line":16,"column":4},"end":{"line":23,"column":null}},"type":"if","locations":[{"start":{"line":16,"column":4},"end":{"line":23,"column":null}},{"start":{"line":21,"column":11},"end":{"line":23,"column":null}}],"line":16},"4":{"loc":{"start":{"line":18,"column":8},"end":{"line":19,"column":null}},"type":"cond-expr","locations":[{"start":{"line":18,"column":36},"end":{"line":18,"column":null}},{"start":{"line":19,"column":8},"end":{"line":19,"column":null}}],"line":18},"5":{"loc":{"start":{"line":19,"column":8},"end":{"line":19,"column":null}},"type":"cond-expr","locations":[{"start":{"line":19,"column":43},"end":{"line":19,"column":87}},{"start":{"line":19,"column":87},"end":{"line":19,"column":null}}],"line":19},"6":{"loc":{"start":{"line":19,"column":8},"end":{"line":19,"column":43}},"type":"binary-expr","locations":[{"start":{"line":19,"column":8},"end":{"line":19,"column":16}},{"start":{"line":19,"column":16},"end":{"line":19,"column":43}}],"line":19},"7":{"loc":{"start":{"line":33,"column":4},"end":{"line":33,"column":null}},"type":"if","locations":[{"start":{"line":33,"column":4},"end":{"line":33,"column":null}},{"start":{},"end":{}}],"line":33},"8":{"loc":{"start":{"line":33,"column":8},"end":{"line":33,"column":44}},"type":"binary-expr","locations":[{"start":{"line":33,"column":8},"end":{"line":33,"column":26}},{"start":{"line":33,"column":26},"end":{"line":33,"column":44}}],"line":33},"9":{"loc":{"start":{"line":62,"column":24},"end":{"line":62,"column":null}},"type":"cond-expr","locations":[{"start":{"line":62,"column":47},"end":{"line":62,"column":61}},{"start":{"line":62,"column":61},"end":{"line":62,"column":null}}],"line":62}},"s":{"0":6,"1":6,"2":13,"3":3,"4":10,"5":1,"6":9,"7":1,"8":3,"9":8,"10":6,"11":7,"12":7,"13":52,"14":7,"15":7,"16":0,"17":7,"18":7,"19":7,"20":7,"21":7,"22":7,"23":5,"24":2,"25":5,"26":5,"27":5,"28":5,"29":5,"30":3,"31":1,"32":3,"33":2,"34":2,"35":1,"36":1,"37":1,"38":1,"39":2,"40":2,"41":2,"42":7,"43":7,"44":7},"f":{"0":6,"1":3,"2":7,"3":52,"4":7,"5":7,"6":2,"7":1,"8":1},"b":{"0":[3,10],"1":[1,9],"2":[10,10,2],"3":[1,8],"4":[1,2],"5":[1,1],"6":[2,2],"7":[0,7],"8":[7,0],"9":[1,1]},"meta":{"lastBranch":10,"lastFunction":9,"lastStatement":45,"seen":{"f:9:9:9:18":0,"s:10:39:10:Infinity":0,"s:11:2:24:Infinity":1,"b:12:4:23:Infinity:14:4:23:Infinity":0,"s:12:4:23:Infinity":2,"s:13:6:13:Infinity":3,"b:14:4:23:Infinity:16:4:23:Infinity":1,"s:14:4:23:Infinity":4,"b:14:15:14:20:14:20:14:45:14:45:14:64":2,"s:15:6:15:Infinity":5,"b:16:4:23:Infinity:21:11:23:Infinity":3,"s:16:4:23:Infinity":6,"s:17:6:20:Infinity":7,"f:17:21:17:Infinity":1,"s:18:8:19:Infinity":8,"b:18:36:18:Infinity:19:8:19:Infinity":4,"b:19:43:19:87:19:87:19:Infinity":5,"b:19:8:19:16:19:16:19:43":6,"s:22:6:22:Infinity":9,"s:25:2:25:Infinity":10,"f:28:16:28:29":2,"s:29:8:29:Infinity":11,"s:30:8:30:Infinity":12,"f:30:39:30:44":3,"s:30:44:30:56":13,"s:32:2:70:Infinity":14,"f:32:12:32:18":4,"b:33:4:33:Infinity:undefined:undefined:undefined:undefined":7,"s:33:4:33:Infinity":15,"b:33:8:33:26:33:26:33:44":8,"s:33:44:33:Infinity":16,"s:34:4:34:Infinity":17,"f:36:19:36:30":5,"s:37:20:37:Infinity":18,"s:38:6:67:Infinity":19,"s:39:8:39:Infinity":20,"s:40:14:40:Infinity":21,"s:42:25:42:Infinity":22,"s:43:25:43:Infinity":23,"f:43:43:43:49":6,"s:43:49:43:107":24,"s:44:8:44:Infinity":25,"s:45:8:45:Infinity":26,"s:47:8:60:Infinity":27,"s:48:16:48:Infinity":28,"s:49:27:49:Infinity":29,"s:50:23:50:Infinity":30,"f:50:41:50:47":7,"s:50:47:50:105":31,"s:51:10:51:Infinity":32,"s:53:10:59:Infinity":33,"s:54:29:54:Infinity":34,"s:55:25:55:Infinity":35,"f:55:43:55:49":8,"s:55:49:55:107":36,"s:56:12:56:Infinity":37,"s:58:12:58:Infinity":38,"s:62:24:62:Infinity":39,"b:62:47:62:61:62:61:62:Infinity":9,"s:63:8:63:Infinity":40,"s:64:8:64:Infinity":41,"s:66:8:66:Infinity":42,"s:69:4:69:Infinity":43,"s:72:2:72:Infinity":44}}}
,"/home/ubuntu/.openclaw/workspace/projects/bdd-test-dashboard/src/components/error-boundary.tsx": {"path":"/home/ubuntu/.openclaw/workspace/projects/bdd-test-dashboard/src/components/error-boundary.tsx","statementMap":{"0":{"start":{"line":9,"column":4},"end":{"line":9,"column":null}},"1":{"start":{"line":10,"column":4},"end":{"line":10,"column":null}},"2":{"start":{"line":13,"column":4},"end":{"line":13,"column":null}},"3":{"start":{"line":16,"column":4},"end":{"line":24,"column":null}},"4":{"start":{"line":17,"column":6},"end":{"line":22,"column":null}},"5":{"start":{"line":21,"column":33},"end":{"line":21,"column":59}},"6":{"start":{"line":25,"column":4},"end":{"line":25,"column":null}}},"fnMap":{"0":{"name":"(anonymous_0)","decl":{"start":{"line":8,"column":2},"end":{"line":8,"column":14}},"loc":{"start":{"line":8,"column":28},"end":{"line":11,"column":null}},"line":8},"1":{"name":"(anonymous_1)","decl":{"start":{"line":12,"column":9},"end":{"line":12,"column":34}},"loc":{"start":{"line":12,"column":48},"end":{"line":14,"column":null}},"line":12},"2":{"name":"(anonymous_2)","decl":{"start":{"line":15,"column":2},"end":{"line":15,"column":11}},"loc":{"start":{"line":15,"column":11},"end":{"line":26,"column":null}},"line":15},"3":{"name":"(anonymous_3)","decl":{"start":{"line":21,"column":27},"end":{"line":21,"column":33}},"loc":{"start":{"line":21,"column":33},"end":{"line":21,"column":59}},"line":21}},"branchMap":{"0":{"loc":{"start":{"line":16,"column":4},"end":{"line":24,"column":null}},"type":"if","locations":[{"start":{"line":16,"column":4},"end":{"line":24,"column":null}},{"start":{},"end":{}}],"line":16}},"s":{"0":8,"1":8,"2":6,"3":13,"4":6,"5":1,"6":7},"f":{"0":8,"1":1,"2":13,"3":1},"b":{"0":[6,7]},"meta":{"lastBranch":1,"lastFunction":4,"lastStatement":7,"seen":{"f:8:2:8:14":0,"s:9:4:9:Infinity":0,"s:10:4:10:Infinity":1,"f:12:9:12:34":1,"s:13:4:13:Infinity":2,"f:15:2:15:11":2,"b:16:4:24:Infinity:undefined:undefined:undefined:undefined":0,"s:16:4:24:Infinity":3,"s:17:6:22:Infinity":4,"f:21:27:21:33":3,"s:21:33:21:59":5,"s:25:4:25:Infinity":6}}}
,"/home/ubuntu/.openclaw/workspace/projects/bdd-test-dashboard/src/components/header.tsx": {"path":"/home/ubuntu/.openclaw/workspace/projects/bdd-test-dashboard/src/components/header.tsx","statementMap":{"0":{"start":{"line":8,"column":29},"end":{"line":8,"column":null}},"1":{"start":{"line":9,"column":2},"end":{"line":30,"column":null}}},"fnMap":{"0":{"name":"Header","decl":{"start":{"line":7,"column":16},"end":{"line":7,"column":25}},"loc":{"start":{"line":7,"column":25},"end":{"line":32,"column":null}},"line":7}},"branchMap":{"0":{"loc":{"start":{"line":27,"column":11},"end":{"line":27,"column":null}},"type":"cond-expr","locations":[{"start":{"line":27,"column":30},"end":{"line":27,"column":60}},{"start":{"line":27,"column":60},"end":{"line":27,"column":null}}],"line":27}},"s":{"0":4,"1":4},"f":{"0":4},"b":{"0":[4,0]},"meta":{"lastBranch":1,"lastFunction":1,"lastStatement":2,"seen":{"f:7:16:7:25":0,"s:8:29:8:Infinity":0,"s:9:2:30:Infinity":1,"b:27:30:27:60:27:60:27:Infinity":0}}}
,"/home/ubuntu/.openclaw/workspace/projects/bdd-test-dashboard/src/components/project-cards.tsx": {"path":"/home/ubuntu/.openclaw/workspace/projects/bdd-test-dashboard/src/components/project-cards.tsx","statementMap":{"0":{"start":{"line":9,"column":8},"end":{"line":9,"column":null}},"1":{"start":{"line":9,"column":42},"end":{"line":9,"column":52}},"2":{"start":{"line":10,"column":8},"end":{"line":10,"column":null}},"3":{"start":{"line":10,"column":38},"end":{"line":10,"column":44}},"4":{"start":{"line":12,"column":2},"end":{"line":12,"column":null}},"5":{"start":{"line":12,"column":29},"end":{"line":12,"column":null}},"6":{"start":{"line":14,"column":2},"end":{"line":67,"column":null}},"7":{"start":{"line":19,"column":28},"end":{"line":19,"column":null}},"8":{"start":{"line":19,"column":43},"end":{"line":19,"column":63}},"9":{"start":{"line":20,"column":23},"end":{"line":22,"column":null}},"10":{"start":{"line":23,"column":10},"end":{"line":63,"column":null}}},"fnMap":{"0":{"name":"ProjectCards","decl":{"start":{"line":8,"column":16},"end":{"line":8,"column":31}},"loc":{"start":{"line":8,"column":31},"end":{"line":69,"column":null}},"line":8},"1":{"name":"(anonymous_1)","decl":{"start":{"line":9,"column":37},"end":{"line":9,"column":42}},"loc":{"start":{"line":9,"column":42},"end":{"line":9,"column":52}},"line":9},"2":{"name":"(anonymous_2)","decl":{"start":{"line":10,"column":33},"end":{"line":10,"column":38}},"loc":{"start":{"line":10,"column":38},"end":{"line":10,"column":44}},"line":10},"3":{"name":"(anonymous_3)","decl":{"start":{"line":18,"column":22},"end":{"line":18,"column":23}},"loc":{"start":{"line":18,"column":32},"end":{"line":65,"column":9}},"line":18},"4":{"name":"(anonymous_4)","decl":{"start":{"line":19,"column":38},"end":{"line":19,"column":43}},"loc":{"start":{"line":19,"column":43},"end":{"line":19,"column":63}},"line":19}},"branchMap":{"0":{"loc":{"start":{"line":12,"column":2},"end":{"line":12,"column":null}},"type":"if","locations":[{"start":{"line":12,"column":2},"end":{"line":12,"column":null}},{"start":{},"end":{}}],"line":12},"1":{"loc":{"start":{"line":20,"column":23},"end":{"line":22,"column":null}},"type":"cond-expr","locations":[{"start":{"line":21,"column":14},"end":{"line":21,"column":null}},{"start":{"line":22,"column":14},"end":{"line":22,"column":null}}],"line":20},"2":{"loc":{"start":{"line":44,"column":17},"end":{"line":60,"column":null}},"type":"cond-expr","locations":[{"start":{"line":45,"column":18},"end":{"line":58,"column":null}},{"start":{"line":60,"column":18},"end":{"line":60,"column":null}}],"line":44}},"s":{"0":8,"1":8,"2":8,"3":8,"4":8,"5":1,"6":7,"7":8,"8":4,"9":8,"10":8},"f":{"0":8,"1":8,"2":8,"3":8,"4":4},"b":{"0":[1,7],"1":[3,5],"2":[4,4]},"meta":{"lastBranch":3,"lastFunction":5,"lastStatement":11,"seen":{"f:8:16:8:31":0,"s:9:8:9:Infinity":0,"f:9:37:9:42":1,"s:9:42:9:52":1,"s:10:8:10:Infinity":2,"f:10:33:10:38":2,"s:10:38:10:44":3,"b:12:2:12:Infinity:undefined:undefined:undefined:undefined":0,"s:12:2:12:Infinity":4,"s:12:29:12:Infinity":5,"s:14:2:67:Infinity":6,"f:18:22:18:23":3,"s:19:28:19:Infinity":7,"f:19:38:19:43":4,"s:19:43:19:63":8,"s:20:23:22:Infinity":9,"b:21:14:21:Infinity:22:14:22:Infinity":1,"s:23:10:63:Infinity":10,"b:45:18:58:Infinity:60:18:60:Infinity":2}}}
,"/home/ubuntu/.openclaw/workspace/projects/bdd-test-dashboard/src/components/project-skeleton.tsx": {"path":"/home/ubuntu/.openclaw/workspace/projects/bdd-test-dashboard/src/components/project-skeleton.tsx","statementMap":{"0":{"start":{"line":4,"column":2},"end":{"line":46,"column":null}},"1":{"start":{"line":21,"column":10},"end":{"line":24,"column":null}},"2":{"start":{"line":33,"column":12},"end":{"line":42,"column":null}}},"fnMap":{"0":{"name":"ProjectSkeleton","decl":{"start":{"line":3,"column":16},"end":{"line":3,"column":34}},"loc":{"start":{"line":3,"column":34},"end":{"line":48,"column":null}},"line":3},"1":{"name":"(anonymous_1)","decl":{"start":{"line":20,"column":39},"end":{"line":20,"column":40}},"loc":{"start":{"line":21,"column":10},"end":{"line":24,"column":null}},"line":21},"2":{"name":"(anonymous_2)","decl":{"start":{"line":32,"column":41},"end":{"line":32,"column":42}},"loc":{"start":{"line":33,"column":12},"end":{"line":42,"column":null}},"line":33}},"branchMap":{},"s":{"0":3,"1":12,"2":15},"f":{"0":3,"1":12,"2":15},"b":{},"meta":{"lastBranch":0,"lastFunction":3,"lastStatement":3,"seen":{"f:3:16:3:34":0,"s:4:2:46:Infinity":0,"f:20:39:20:40":1,"s:21:10:24:Infinity":1,"f:32:41:32:42":2,"s:33:12:42:Infinity":2}}}
,"/home/ubuntu/.openclaw/workspace/projects/bdd-test-dashboard/src/components/recent-runs.tsx": {"path":"/home/ubuntu/.openclaw/workspace/projects/bdd-test-dashboard/src/components/recent-runs.tsx","statementMap":{"0":{"start":{"line":8,"column":8},"end":{"line":8,"column":null}},"1":{"start":{"line":8,"column":38},"end":{"line":8,"column":44}},"2":{"start":{"line":9,"column":8},"end":{"line":9,"column":null}},"3":{"start":{"line":9,"column":42},"end":{"line":9,"column":52}},"4":{"start":{"line":11,"column":2},"end":{"line":58,"column":null}},"5":{"start":{"line":22,"column":25},"end":{"line":22,"column":null}},"6":{"start":{"line":22,"column":44},"end":{"line":22,"column":66}},"7":{"start":{"line":23,"column":34},"end":{"line":23,"column":null}},"8":{"start":{"line":24,"column":12},"end":{"line":53,"column":null}}},"fnMap":{"0":{"name":"RecentRuns","decl":{"start":{"line":7,"column":16},"end":{"line":7,"column":29}},"loc":{"start":{"line":7,"column":29},"end":{"line":60,"column":null}},"line":7},"1":{"name":"(anonymous_1)","decl":{"start":{"line":8,"column":33},"end":{"line":8,"column":38}},"loc":{"start":{"line":8,"column":38},"end":{"line":8,"column":44}},"line":8},"2":{"name":"(anonymous_2)","decl":{"start":{"line":9,"column":37},"end":{"line":9,"column":42}},"loc":{"start":{"line":9,"column":42},"end":{"line":9,"column":52}},"line":9},"3":{"name":"(anonymous_3)","decl":{"start":{"line":21,"column":20},"end":{"line":21,"column":21}},"loc":{"start":{"line":21,"column":32},"end":{"line":55,"column":11}},"line":21},"4":{"name":"(anonymous_4)","decl":{"start":{"line":22,"column":39},"end":{"line":22,"column":44}},"loc":{"start":{"line":22,"column":44},"end":{"line":22,"column":66}},"line":22}},"branchMap":{"0":{"loc":{"start":{"line":16,"column":11},"end":{"line":19,"column":null}},"type":"binary-expr","locations":[{"start":{"line":16,"column":11},"end":{"line":16,"column":null}},{"start":{"line":17,"column":12},"end":{"line":19,"column":null}}],"line":16},"1":{"loc":{"start":{"line":23,"column":34},"end":{"line":23,"column":null}},"type":"binary-expr","locations":[{"start":{"line":23,"column":34},"end":{"line":23,"column":49}},{"start":{"line":23,"column":49},"end":{"line":23,"column":null}}],"line":23},"2":{"loc":{"start":{"line":23,"column":49},"end":{"line":23,"column":null}},"type":"cond-expr","locations":[{"start":{"line":23,"column":75},"end":{"line":23,"column":86}},{"start":{"line":23,"column":86},"end":{"line":23,"column":null}}],"line":23},"3":{"loc":{"start":{"line":23,"column":86},"end":{"line":23,"column":null}},"type":"cond-expr","locations":[{"start":{"line":23,"column":113},"end":{"line":23,"column":125}},{"start":{"line":23,"column":125},"end":{"line":23,"column":null}}],"line":23},"4":{"loc":{"start":{"line":38,"column":61},"end":{"line":38,"column":89}},"type":"binary-expr","locations":[{"start":{"line":38,"column":61},"end":{"line":38,"column":75}},{"start":{"line":38,"column":75},"end":{"line":38,"column":89}}],"line":38},"5":{"loc":{"start":{"line":41,"column":25},"end":{"line":41,"column":null}},"type":"binary-expr","locations":[{"start":{"line":41,"column":25},"end":{"line":41,"column":44}},{"start":{"line":41,"column":44},"end":{"line":41,"column":null}}],"line":41},"6":{"loc":{"start":{"line":47,"column":58},"end":{"line":47,"column":83}},"type":"binary-expr","locations":[{"start":{"line":47,"column":58},"end":{"line":47,"column":81}},{"start":{"line":47,"column":81},"end":{"line":47,"column":83}}],"line":47},"7":{"loc":{"start":{"line":47,"column":85},"end":{"line":47,"column":109}},"type":"binary-expr","locations":[{"start":{"line":47,"column":85},"end":{"line":47,"column":107}},{"start":{"line":47,"column":107},"end":{"line":47,"column":109}}],"line":47}},"s":{"0":5,"1":5,"2":5,"3":5,"4":5,"5":4,"6":4,"7":4,"8":4},"f":{"0":5,"1":5,"2":5,"3":4,"4":4},"b":{"0":[5,1],"1":[4,4],"2":[1,3],"3":[1,2],"4":[4,0],"5":[4,0],"6":[4,0],"7":[4,0]},"meta":{"lastBranch":8,"lastFunction":5,"lastStatement":9,"seen":{"f:7:16:7:29":0,"s:8:8:8:Infinity":0,"f:8:33:8:38":1,"s:8:38:8:44":1,"s:9:8:9:Infinity":2,"f:9:37:9:42":2,"s:9:42:9:52":3,"s:11:2:58:Infinity":4,"b:16:11:16:Infinity:17:12:19:Infinity":0,"f:21:20:21:21":3,"s:22:25:22:Infinity":5,"f:22:39:22:44":4,"s:22:44:22:66":6,"s:23:34:23:Infinity":7,"b:23:34:23:49:23:49:23:Infinity":1,"b:23:75:23:86:23:86:23:Infinity":2,"b:23:113:23:125:23:125:23:Infinity":3,"s:24:12:53:Infinity":8,"b:38:61:38:75:38:75:38:89":4,"b:41:25:41:44:41:44:41:Infinity":5,"b:47:58:47:81:47:81:47:83":6,"b:47:85:47:107:47:107:47:109":7}}}
,"/home/ubuntu/.openclaw/workspace/projects/bdd-test-dashboard/src/components/run-detail-skeleton.tsx": {"path":"/home/ubuntu/.openclaw/workspace/projects/bdd-test-dashboard/src/components/run-detail-skeleton.tsx","statementMap":{"0":{"start":{"line":4,"column":2},"end":{"line":55,"column":null}},"1":{"start":{"line":26,"column":10},"end":{"line":29,"column":null}},"2":{"start":{"line":35,"column":8},"end":{"line":53,"column":null}},"3":{"start":{"line":40,"column":14},"end":{"line":50,"column":null}},"4":{"start":{"line":47,"column":20},"end":{"line":47,"column":null}}},"fnMap":{"0":{"name":"RunDetailSkeleton","decl":{"start":{"line":3,"column":16},"end":{"line":3,"column":36}},"loc":{"start":{"line":3,"column":36},"end":{"line":57,"column":null}},"line":3},"1":{"name":"(anonymous_1)","decl":{"start":{"line":25,"column":39},"end":{"line":25,"column":40}},"loc":{"start":{"line":26,"column":10},"end":{"line":29,"column":null}},"line":26},"2":{"name":"(anonymous_2)","decl":{"start":{"line":34,"column":37},"end":{"line":34,"column":38}},"loc":{"start":{"line":35,"column":8},"end":{"line":53,"column":null}},"line":35},"3":{"name":"(anonymous_3)","decl":{"start":{"line":39,"column":43},"end":{"line":39,"column":44}},"loc":{"start":{"line":40,"column":14},"end":{"line":50,"column":null}},"line":40},"4":{"name":"(anonymous_4)","decl":{"start":{"line":46,"column":49},"end":{"line":46,"column":50}},"loc":{"start":{"line":47,"column":20},"end":{"line":47,"column":null}},"line":47}},"branchMap":{},"s":{"0":3,"1":12,"2":6,"3":18,"4":72},"f":{"0":3,"1":12,"2":6,"3":18,"4":72},"b":{},"meta":{"lastBranch":0,"lastFunction":5,"lastStatement":5,"seen":{"f:3:16:3:36":0,"s:4:2:55:Infinity":0,"f:25:39:25:40":1,"s:26:10:29:Infinity":1,"f:34:37:34:38":2,"s:35:8:53:Infinity":2,"f:39:43:39:44":3,"s:40:14:50:Infinity":3,"f:46:49:46:50":4,"s:47:20:47:Infinity":4}}}
,"/home/ubuntu/.openclaw/workspace/projects/bdd-test-dashboard/src/components/run-tests-dialog.tsx": {"path":"/home/ubuntu/.openclaw/workspace/projects/bdd-test-dashboard/src/components/run-tests-dialog.tsx","statementMap":{"0":{"start":{"line":15,"column":38},"end":{"line":15,"column":null}},"1":{"start":{"line":16,"column":26},"end":{"line":16,"column":null}},"2":{"start":{"line":18,"column":17},"end":{"line":18,"column":null}},"3":{"start":{"line":19,"column":21},"end":{"line":19,"column":null}},"4":{"start":{"line":21,"column":20},"end":{"line":25,"column":null}},"5":{"start":{"line":22,"column":4},"end":{"line":24,"column":null}},"6":{"start":{"line":23,"column":6},"end":{"line":23,"column":null}},"7":{"start":{"line":23,"column":44},"end":{"line":23,"column":53}},"8":{"start":{"line":28,"column":2},"end":{"line":28,"column":null}},"9":{"start":{"line":30,"column":2},"end":{"line":122,"column":null}},"10":{"start":{"line":45,"column":26},"end":{"line":45,"column":null}},"11":{"start":{"line":74,"column":18},"end":{"line":84,"column":null}},"12":{"start":{"line":76,"column":35},"end":{"line":76,"column":null}},"13":{"start":{"line":95,"column":31},"end":{"line":95,"column":null}}},"fnMap":{"0":{"name":"RunTestsDialog","decl":{"start":{"line":14,"column":16},"end":{"line":14,"column":31}},"loc":{"start":{"line":14,"column":93},"end":{"line":124,"column":null}},"line":14},"1":{"name":"(anonymous_1)","decl":{"start":{"line":21,"column":20},"end":{"line":21,"column":21}},"loc":{"start":{"line":21,"column":37},"end":{"line":25,"column":null}},"line":21},"2":{"name":"(anonymous_2)","decl":{"start":{"line":22,"column":20},"end":{"line":22,"column":null}},"loc":{"start":{"line":23,"column":6},"end":{"line":23,"column":null}},"line":23},"3":{"name":"(anonymous_3)","decl":{"start":{"line":23,"column":39},"end":{"line":23,"column":44}},"loc":{"start":{"line":23,"column":44},"end":{"line":23,"column":53}},"line":23},"4":{"name":"(anonymous_4)","decl":{"start":{"line":45,"column":21},"end":{"line":45,"column":26}},"loc":{"start":{"line":45,"column":26},"end":{"line":45,"column":null}},"line":45},"5":{"name":"(anonymous_5)","decl":{"start":{"line":73,"column":42},"end":{"line":73,"column":null}},"loc":{"start":{"line":74,"column":18},"end":{"line":84,"column":null}},"line":74},"6":{"name":"(anonymous_6)","decl":{"start":{"line":76,"column":29},"end":{"line":76,"column":35}},"loc":{"start":{"line":76,"column":35},"end":{"line":76,"column":null}},"line":76},"7":{"name":"(anonymous_7)","decl":{"start":{"line":95,"column":26},"end":{"line":95,"column":31}},"loc":{"start":{"line":95,"column":31},"end":{"line":95,"column":null}},"line":95}},"branchMap":{"0":{"loc":{"start":{"line":18,"column":17},"end":{"line":18,"column":null}},"type":"cond-expr","locations":[{"start":{"line":18,"column":43},"end":{"line":18,"column":72}},{"start":{"line":18,"column":72},"end":{"line":18,"column":null}}],"line":18},"1":{"loc":{"start":{"line":19,"column":50},"end":{"line":19,"column":83}},"type":"cond-expr","locations":[{"start":{"line":19,"column":59},"end":{"line":19,"column":81}},{"start":{"line":19,"column":81},"end":{"line":19,"column":83}}],"line":19},"2":{"loc":{"start":{"line":23,"column":6},"end":{"line":23,"column":null}},"type":"cond-expr","locations":[{"start":{"line":23,"column":27},"end":{"line":23,"column":57}},{"start":{"line":23,"column":57},"end":{"line":23,"column":null}}],"line":23},"3":{"loc":{"start":{"line":32,"column":7},"end":{"line":120,"column":null}},"type":"binary-expr","locations":[{"start":{"line":32,"column":7},"end":{"line":32,"column":null}},{"start":{"line":33,"column":8},"end":{"line":120,"column":null}}],"line":32},"4":{"loc":{"start":{"line":73,"column":18},"end":{"line":73,"column":38}},"type":"binary-expr","locations":[{"start":{"line":73,"column":18},"end":{"line":73,"column":34}},{"start":{"line":73,"column":34},"end":{"line":73,"column":38}}],"line":73},"5":{"loc":{"start":{"line":78,"column":22},"end":{"line":80,"column":null}},"type":"cond-expr","locations":[{"start":{"line":79,"column":26},"end":{"line":79,"column":null}},{"start":{"line":80,"column":26},"end":{"line":80,"column":null}}],"line":78}},"s":{"0":19,"1":19,"2":19,"3":19,"4":19,"5":5,"6":5,"7":1,"8":19,"9":19,"10":6,"11":51,"12":5,"13":1},"f":{"0":19,"1":5,"2":5,"3":1,"4":6,"5":51,"6":5,"7":1},"b":{"0":[4,15],"1":[4,15],"2":[1,4],"3":[19,18],"4":[18,1],"5":[5,46]},"meta":{"lastBranch":6,"lastFunction":8,"lastStatement":14,"seen":{"f:14:16:14:31":0,"s:15:38:15:Infinity":0,"s:16:26:16:Infinity":1,"s:18:17:18:Infinity":2,"b:18:43:18:72:18:72:18:Infinity":0,"s:19:21:19:Infinity":3,"b:19:59:19:81:19:81:19:83":1,"s:21:20:25:Infinity":4,"f:21:20:21:21":1,"s:22:4:24:Infinity":5,"f:22:20:22:Infinity":2,"s:23:6:23:Infinity":6,"b:23:27:23:57:23:57:23:Infinity":2,"f:23:39:23:44":3,"s:23:44:23:53":7,"s:28:2:28:Infinity":8,"s:30:2:122:Infinity":9,"b:32:7:32:Infinity:33:8:120:Infinity":3,"f:45:21:45:26":4,"s:45:26:45:Infinity":10,"b:73:18:73:34:73:34:73:38":4,"f:73:42:73:Infinity":5,"s:74:18:84:Infinity":11,"f:76:29:76:35":6,"s:76:35:76:Infinity":12,"b:79:26:79:Infinity:80:26:80:Infinity":5,"f:95:26:95:31":7,"s:95:31:95:Infinity":13}}}
,"/home/ubuntu/.openclaw/workspace/projects/bdd-test-dashboard/src/components/skeleton.tsx": {"path":"/home/ubuntu/.openclaw/workspace/projects/bdd-test-dashboard/src/components/skeleton.tsx","statementMap":{"0":{"start":{"line":4,"column":2},"end":{"line":10,"column":null}}},"fnMap":{"0":{"name":"Skeleton","decl":{"start":{"line":3,"column":16},"end":{"line":3,"column":25}},"loc":{"start":{"line":3,"column":64},"end":{"line":12,"column":null}},"line":3}},"branchMap":{},"s":{"0":335},"f":{"0":335},"b":{},"meta":{"lastBranch":0,"lastFunction":1,"lastStatement":1,"seen":{"f:3:16:3:25":0,"s:4:2:10:Infinity":0}}}
,"/home/ubuntu/.openclaw/workspace/projects/bdd-test-dashboard/src/components/summary-cards.tsx": {"path":"/home/ubuntu/.openclaw/workspace/projects/bdd-test-dashboard/src/components/summary-cards.tsx","statementMap":{"0":{"start":{"line":7,"column":17},"end":{"line":12,"column":null}},"1":{"start":{"line":15,"column":8},"end":{"line":15,"column":null}},"2":{"start":{"line":15,"column":42},"end":{"line":15,"column":52}},"3":{"start":{"line":16,"column":8},"end":{"line":16,"column":null}},"4":{"start":{"line":16,"column":38},"end":{"line":16,"column":44}},"5":{"start":{"line":18,"column":8},"end":{"line":29,"column":null}},"6":{"start":{"line":19,"column":23},"end":{"line":21,"column":null}},"7":{"start":{"line":20,"column":6},"end":{"line":20,"column":null}},"8":{"start":{"line":20,"column":21},"end":{"line":20,"column":41}},"9":{"start":{"line":22,"column":14},"end":{"line":27,"column":null}},"10":{"start":{"line":22,"column":45},"end":{"line":27,"column":8}},"11":{"start":{"line":28,"column":4},"end":{"line":28,"column":null}},"12":{"start":{"line":31,"column":2},"end":{"line":50,"column":null}},"13":{"start":{"line":34,"column":8},"end":{"line":48,"column":null}}},"fnMap":{"0":{"name":"SummaryCards","decl":{"start":{"line":14,"column":16},"end":{"line":14,"column":31}},"loc":{"start":{"line":14,"column":31},"end":{"line":52,"column":null}},"line":14},"1":{"name":"(anonymous_1)","decl":{"start":{"line":15,"column":37},"end":{"line":15,"column":42}},"loc":{"start":{"line":15,"column":42},"end":{"line":15,"column":52}},"line":15},"2":{"name":"(anonymous_2)","decl":{"start":{"line":16,"column":33},"end":{"line":16,"column":38}},"loc":{"start":{"line":16,"column":38},"end":{"line":16,"column":44}},"line":16},"3":{"name":"(anonymous_3)","decl":{"start":{"line":18,"column":26},"end":{"line":18,"column":32}},"loc":{"start":{"line":18,"column":32},"end":{"line":29,"column":5}},"line":18},"4":{"name":"(anonymous_4)","decl":{"start":{"line":19,"column":36},"end":{"line":19,"column":null}},"loc":{"start":{"line":20,"column":6},"end":{"line":20,"column":null}},"line":20},"5":{"name":"(anonymous_5)","decl":{"start":{"line":20,"column":16},"end":{"line":20,"column":21}},"loc":{"start":{"line":20,"column":21},"end":{"line":20,"column":41}},"line":20},"6":{"name":"(anonymous_6)","decl":{"start":{"line":22,"column":32},"end":{"line":22,"column":33}},"loc":{"start":{"line":22,"column":45},"end":{"line":27,"column":8}},"line":22},"7":{"name":"(anonymous_7)","decl":{"start":{"line":33,"column":20},"end":{"line":33,"column":21}},"loc":{"start":{"line":34,"column":8},"end":{"line":48,"column":null}},"line":34}},"branchMap":{"0":{"loc":{"start":{"line":23,"column":28},"end":{"line":23,"column":null}},"type":"binary-expr","locations":[{"start":{"line":23,"column":28},"end":{"line":23,"column":50}},{"start":{"line":23,"column":50},"end":{"line":23,"column":null}}],"line":23},"1":{"loc":{"start":{"line":24,"column":28},"end":{"line":24,"column":null}},"type":"binary-expr","locations":[{"start":{"line":24,"column":28},"end":{"line":24,"column":50}},{"start":{"line":24,"column":50},"end":{"line":24,"column":null}}],"line":24},"2":{"loc":{"start":{"line":25,"column":30},"end":{"line":25,"column":null}},"type":"binary-expr","locations":[{"start":{"line":25,"column":30},"end":{"line":25,"column":53}},{"start":{"line":25,"column":53},"end":{"line":25,"column":null}}],"line":25},"3":{"loc":{"start":{"line":26,"column":26},"end":{"line":26,"column":null}},"type":"binary-expr","locations":[{"start":{"line":26,"column":26},"end":{"line":26,"column":47}},{"start":{"line":26,"column":47},"end":{"line":26,"column":null}}],"line":26},"4":{"loc":{"start":{"line":28,"column":29},"end":{"line":28,"column":86}},"type":"cond-expr","locations":[{"start":{"line":28,"column":43},"end":{"line":28,"column":84}},{"start":{"line":28,"column":84},"end":{"line":28,"column":86}}],"line":28}},"s":{"0":1,"1":3,"2":3,"3":3,"4":3,"5":3,"6":3,"7":3,"8":4,"9":3,"10":3,"11":3,"12":3,"13":12},"f":{"0":3,"1":3,"2":3,"3":3,"4":3,"5":4,"6":3,"7":12},"b":{"0":[3,1],"1":[3,2],"2":[3,2],"3":[3,1],"4":[1,2]},"meta":{"lastBranch":5,"lastFunction":8,"lastStatement":14,"seen":{"s:7:17:12:Infinity":0,"f:14:16:14:31":0,"s:15:8:15:Infinity":1,"f:15:37:15:42":1,"s:15:42:15:52":2,"s:16:8:16:Infinity":3,"f:16:33:16:38":2,"s:16:38:16:44":4,"s:18:8:29:Infinity":5,"f:18:26:18:32":3,"s:19:23:21:Infinity":6,"f:19:36:19:Infinity":4,"s:20:6:20:Infinity":7,"f:20:16:20:21":5,"s:20:21:20:41":8,"s:22:14:27:Infinity":9,"f:22:32:22:33":6,"s:22:45:27:8":10,"b:23:28:23:50:23:50:23:Infinity":0,"b:24:28:24:50:24:50:24:Infinity":1,"b:25:30:25:53:25:53:25:Infinity":2,"b:26:26:26:47:26:47:26:Infinity":3,"s:28:4:28:Infinity":11,"b:28:43:28:84:28:84:28:86":4,"s:31:2:50:Infinity":12,"f:33:20:33:21":7,"s:34:8:48:Infinity":13}}}
,"/home/ubuntu/.openclaw/workspace/projects/bdd-test-dashboard/src/components/theme-provider.tsx": {"path":"/home/ubuntu/.openclaw/workspace/projects/bdd-test-dashboard/src/components/theme-provider.tsx","statementMap":{"0":{"start":{"line":6,"column":8},"end":{"line":6,"column":null}},"1":{"start":{"line":6,"column":39},"end":{"line":6,"column":46}},"2":{"start":{"line":7,"column":2},"end":{"line":9,"column":null}},"3":{"start":{"line":8,"column":4},"end":{"line":8,"column":null}},"4":{"start":{"line":10,"column":2},"end":{"line":10,"column":null}}},"fnMap":{"0":{"name":"ThemeProvider","decl":{"start":{"line":5,"column":16},"end":{"line":5,"column":30}},"loc":{"start":{"line":5,"column":75},"end":{"line":11,"column":null}},"line":5},"1":{"name":"(anonymous_1)","decl":{"start":{"line":6,"column":34},"end":{"line":6,"column":39}},"loc":{"start":{"line":6,"column":39},"end":{"line":6,"column":46}},"line":6},"2":{"name":"(anonymous_2)","decl":{"start":{"line":7,"column":12},"end":{"line":7,"column":18}},"loc":{"start":{"line":7,"column":18},"end":{"line":9,"column":5}},"line":7}},"branchMap":{},"s":{"0":3,"1":9,"2":3,"3":3,"4":3},"f":{"0":3,"1":9,"2":3},"b":{},"meta":{"lastBranch":0,"lastFunction":3,"lastStatement":5,"seen":{"f:5:16:5:30":0,"s:6:8:6:Infinity":0,"f:6:34:6:39":1,"s:6:39:6:46":1,"s:7:2:9:Infinity":2,"f:7:12:7:18":2,"s:8:4:8:Infinity":3,"s:10:2:10:Infinity":4}}}
,"/home/ubuntu/.openclaw/workspace/projects/bdd-test-dashboard/src/components/trend-chart.tsx": {"path":"/home/ubuntu/.openclaw/workspace/projects/bdd-test-dashboard/src/components/trend-chart.tsx","statementMap":{"0":{"start":{"line":7,"column":8},"end":{"line":7,"column":null}},"1":{"start":{"line":7,"column":38},"end":{"line":7,"column":44}},"2":{"start":{"line":9,"column":8},"end":{"line":33,"column":null}},"3":{"start":{"line":10,"column":16},"end":{"line":10,"column":null}},"4":{"start":{"line":11,"column":17},"end":{"line":11,"column":null}},"5":{"start":{"line":12,"column":72},"end":{"line":12,"column":null}},"6":{"start":{"line":13,"column":4},"end":{"line":31,"column":null}},"7":{"start":{"line":13,"column":17},"end":{"line":13,"column":27}},"8":{"start":{"line":14,"column":23},"end":{"line":14,"column":null}},"9":{"start":{"line":15,"column":21},"end":{"line":15,"column":null}},"10":{"start":{"line":16,"column":24},"end":{"line":19,"column":null}},"11":{"start":{"line":17,"column":18},"end":{"line":17,"column":null}},"12":{"start":{"line":18,"column":8},"end":{"line":18,"column":null}},"13":{"start":{"line":20,"column":6},"end":{"line":30,"column":null}},"14":{"start":{"line":21,"column":23},"end":{"line":24,"column":null}},"15":{"start":{"line":21,"column":51},"end":{"line":24,"column":12}},"16":{"start":{"line":25,"column":8},"end":{"line":29,"column":null}},"17":{"start":{"line":32,"column":4},"end":{"line":32,"column":null}},"18":{"start":{"line":35,"column":2},"end":{"line":35,"column":null}},"19":{"start":{"line":35,"column":25},"end":{"line":35,"column":null}},"20":{"start":{"line":37,"column":2},"end":{"line":60,"column":null}},"21":{"start":{"line":47,"column":10},"end":{"line":57,"column":null}}},"fnMap":{"0":{"name":"TrendChart","decl":{"start":{"line":6,"column":16},"end":{"line":6,"column":29}},"loc":{"start":{"line":6,"column":29},"end":{"line":62,"column":null}},"line":6},"1":{"name":"(anonymous_1)","decl":{"start":{"line":7,"column":33},"end":{"line":7,"column":38}},"loc":{"start":{"line":7,"column":38},"end":{"line":7,"column":44}},"line":7},"2":{"name":"(anonymous_2)","decl":{"start":{"line":9,"column":23},"end":{"line":9,"column":29}},"loc":{"start":{"line":9,"column":29},"end":{"line":33,"column":5}},"line":9},"3":{"name":"(anonymous_3)","decl":{"start":{"line":16,"column":36},"end":{"line":16,"column":41}},"loc":{"start":{"line":16,"column":41},"end":{"line":19,"column":7}},"line":16},"4":{"name":"(anonymous_4)","decl":{"start":{"line":21,"column":40},"end":{"line":21,"column":41}},"loc":{"start":{"line":21,"column":51},"end":{"line":24,"column":12}},"line":21},"5":{"name":"(anonymous_5)","decl":{"start":{"line":46,"column":18},"end":{"line":46,"column":19}},"loc":{"start":{"line":47,"column":10},"end":{"line":57,"column":null}},"line":47}},"branchMap":{"0":{"loc":{"start":{"line":18,"column":15},"end":{"line":18,"column":null}},"type":"binary-expr","locations":[{"start":{"line":18,"column":15},"end":{"line":18,"column":32}},{"start":{"line":18,"column":32},"end":{"line":18,"column":null}}],"line":18},"1":{"loc":{"start":{"line":20,"column":6},"end":{"line":30,"column":null}},"type":"if","locations":[{"start":{"line":20,"column":6},"end":{"line":30,"column":null}},{"start":{},"end":{}}],"line":20},"2":{"loc":{"start":{"line":22,"column":20},"end":{"line":22,"column":null}},"type":"binary-expr","locations":[{"start":{"line":22,"column":20},"end":{"line":22,"column":41}},{"start":{"line":22,"column":41},"end":{"line":22,"column":null}}],"line":22},"3":{"loc":{"start":{"line":23,"column":20},"end":{"line":23,"column":null}},"type":"binary-expr","locations":[{"start":{"line":23,"column":20},"end":{"line":23,"column":40}},{"start":{"line":23,"column":40},"end":{"line":23,"column":null}}],"line":23},"4":{"loc":{"start":{"line":27,"column":20},"end":{"line":27,"column":null}},"type":"cond-expr","locations":[{"start":{"line":27,"column":35},"end":{"line":27,"column":77}},{"start":{"line":27,"column":77},"end":{"line":27,"column":null}}],"line":27},"5":{"loc":{"start":{"line":35,"column":2},"end":{"line":35,"column":null}},"type":"if","locations":[{"start":{"line":35,"column":2},"end":{"line":35,"column":null}},{"start":{},"end":{}}],"line":35},"6":{"loc":{"start":{"line":53,"column":48},"end":{"line":53,"column":135}},"type":"cond-expr","locations":[{"start":{"line":53,"column":67},"end":{"line":53,"column":86}},{"start":{"line":53,"column":86},"end":{"line":53,"column":135}}],"line":53},"7":{"loc":{"start":{"line":53,"column":86},"end":{"line":53,"column":135}},"type":"cond-expr","locations":[{"start":{"line":53,"column":105},"end":{"line":53,"column":123}},{"start":{"line":53,"column":123},"end":{"line":53,"column":135}}],"line":53}},"s":{"0":7,"1":7,"2":7,"3":7,"4":7,"5":7,"6":7,"7":7,"8":98,"9":98,"10":98,"11":112,"12":112,"13":98,"14":6,"15":7,"16":6,"17":98,"18":7,"19":2,"20":5,"21":6},"f":{"0":7,"1":7,"2":7,"3":112,"4":7,"5":6},"b":{"0":[112,97],"1":[6,92],"2":[7,1],"3":[7,1],"4":[5,1],"5":[2,5],"6":[2,4],"7":[3,1]},"meta":{"lastBranch":8,"lastFunction":6,"lastStatement":22,"seen":{"f:6:16:6:29":0,"s:7:8:7:Infinity":0,"f:7:33:7:38":1,"s:7:38:7:44":1,"s:9:8:33:Infinity":2,"f:9:23:9:29":2,"s:10:16:10:Infinity":3,"s:11:17:11:Infinity":4,"s:12:72:12:Infinity":5,"s:13:4:31:Infinity":6,"s:13:17:13:27":7,"s:14:23:14:Infinity":8,"s:15:21:15:Infinity":9,"s:16:24:19:Infinity":10,"f:16:36:16:41":3,"s:17:18:17:Infinity":11,"s:18:8:18:Infinity":12,"b:18:15:18:32:18:32:18:Infinity":0,"b:20:6:30:Infinity:undefined:undefined:undefined:undefined":1,"s:20:6:30:Infinity":13,"s:21:23:24:Infinity":14,"f:21:40:21:41":4,"s:21:51:24:12":15,"b:22:20:22:41:22:41:22:Infinity":2,"b:23:20:23:40:23:40:23:Infinity":3,"s:25:8:29:Infinity":16,"b:27:35:27:77:27:77:27:Infinity":4,"s:32:4:32:Infinity":17,"b:35:2:35:Infinity:undefined:undefined:undefined:undefined":5,"s:35:2:35:Infinity":18,"s:35:25:35:Infinity":19,"s:37:2:60:Infinity":20,"f:46:18:46:19":5,"s:47:10:57:Infinity":21,"b:53:67:53:86:53:86:53:135":6,"b:53:105:53:123:53:123:53:135":7}}}
,"/home/ubuntu/.openclaw/workspace/projects/bdd-test-dashboard/src/lib/utils.ts": {"path":"/home/ubuntu/.openclaw/workspace/projects/bdd-test-dashboard/src/lib/utils.ts","statementMap":{"0":{"start":{"line":5,"column":2},"end":{"line":5,"column":null}},"1":{"start":{"line":9,"column":2},"end":{"line":9,"column":null}},"2":{"start":{"line":9,"column":17},"end":{"line":9,"column":null}},"3":{"start":{"line":10,"column":12},"end":{"line":10,"column":null}},"4":{"start":{"line":11,"column":2},"end":{"line":11,"column":null}},"5":{"start":{"line":11,"column":14},"end":{"line":11,"column":null}},"6":{"start":{"line":12,"column":12},"end":{"line":12,"column":null}},"7":{"start":{"line":13,"column":14},"end":{"line":13,"column":null}},"8":{"start":{"line":14,"column":2},"end":{"line":14,"column":null}},"9":{"start":{"line":18,"column":15},"end":{"line":18,"column":null}},"10":{"start":{"line":19,"column":18},"end":{"line":19,"column":null}},"11":{"start":{"line":20,"column":2},"end":{"line":20,"column":null}},"12":{"start":{"line":20,"column":20},"end":{"line":20,"column":null}},"13":{"start":{"line":21,"column":18},"end":{"line":21,"column":null}},"14":{"start":{"line":22,"column":2},"end":{"line":22,"column":null}},"15":{"start":{"line":22,"column":20},"end":{"line":22,"column":null}},"16":{"start":{"line":23,"column":16},"end":{"line":23,"column":null}},"17":{"start":{"line":24,"column":2},"end":{"line":24,"column":null}},"18":{"start":{"line":24,"column":18},"end":{"line":24,"column":null}},"19":{"start":{"line":25,"column":15},"end":{"line":25,"column":null}},"20":{"start":{"line":26,"column":2},"end":{"line":26,"column":null}},"21":{"start":{"line":26,"column":17},"end":{"line":26,"column":null}},"22":{"start":{"line":27,"column":2},"end":{"line":27,"column":null}},"23":{"start":{"line":31,"column":2},"end":{"line":31,"column":null}},"24":{"start":{"line":35,"column":2},"end":{"line":35,"column":null}},"25":{"start":{"line":39,"column":2},"end":{"line":44,"column":null}},"26":{"start":{"line":40,"column":19},"end":{"line":40,"column":null}},"27":{"start":{"line":41,"column":19},"end":{"line":41,"column":null}},"28":{"start":{"line":42,"column":20},"end":{"line":42,"column":null}},"29":{"start":{"line":43,"column":13},"end":{"line":43,"column":null}},"30":{"start":{"line":48,"column":2},"end":{"line":55,"column":null}},"31":{"start":{"line":49,"column":19},"end":{"line":49,"column":null}},"32":{"start":{"line":50,"column":19},"end":{"line":50,"column":null}},"33":{"start":{"line":51,"column":20},"end":{"line":51,"column":null}},"34":{"start":{"line":52,"column":20},"end":{"line":52,"column":null}},"35":{"start":{"line":53,"column":20},"end":{"line":53,"column":null}},"36":{"start":{"line":54,"column":13},"end":{"line":54,"column":null}}},"fnMap":{"0":{"name":"cn","decl":{"start":{"line":4,"column":16},"end":{"line":4,"column":22}},"loc":{"start":{"line":4,"column":44},"end":{"line":6,"column":null}},"line":4},"1":{"name":"formatDuration","decl":{"start":{"line":8,"column":16},"end":{"line":8,"column":31}},"loc":{"start":{"line":8,"column":51},"end":{"line":15,"column":null}},"line":8},"2":{"name":"formatRelativeTime","decl":{"start":{"line":17,"column":16},"end":{"line":17,"column":35}},"loc":{"start":{"line":17,"column":56},"end":{"line":28,"column":null}},"line":17},"3":{"name":"formatDate","decl":{"start":{"line":30,"column":16},"end":{"line":30,"column":27}},"loc":{"start":{"line":30,"column":48},"end":{"line":32,"column":null}},"line":30},"4":{"name":"formatTime","decl":{"start":{"line":34,"column":16},"end":{"line":34,"column":27}},"loc":{"start":{"line":34,"column":48},"end":{"line":36,"column":null}},"line":34},"5":{"name":"statusColor","decl":{"start":{"line":38,"column":16},"end":{"line":38,"column":28}},"loc":{"start":{"line":38,"column":52},"end":{"line":45,"column":null}},"line":38},"6":{"name":"statusBg","decl":{"start":{"line":47,"column":16},"end":{"line":47,"column":25}},"loc":{"start":{"line":47,"column":49},"end":{"line":56,"column":null}},"line":47}},"branchMap":{"0":{"loc":{"start":{"line":9,"column":2},"end":{"line":9,"column":null}},"type":"if","locations":[{"start":{"line":9,"column":2},"end":{"line":9,"column":null}},{"start":{},"end":{}}],"line":9},"1":{"loc":{"start":{"line":11,"column":2},"end":{"line":11,"column":null}},"type":"if","locations":[{"start":{"line":11,"column":2},"end":{"line":11,"column":null}},{"start":{},"end":{}}],"line":11},"2":{"loc":{"start":{"line":20,"column":2},"end":{"line":20,"column":null}},"type":"if","locations":[{"start":{"line":20,"column":2},"end":{"line":20,"column":null}},{"start":{},"end":{}}],"line":20},"3":{"loc":{"start":{"line":22,"column":2},"end":{"line":22,"column":null}},"type":"if","locations":[{"start":{"line":22,"column":2},"end":{"line":22,"column":null}},{"start":{},"end":{}}],"line":22},"4":{"loc":{"start":{"line":24,"column":2},"end":{"line":24,"column":null}},"type":"if","locations":[{"start":{"line":24,"column":2},"end":{"line":24,"column":null}},{"start":{},"end":{}}],"line":24},"5":{"loc":{"start":{"line":26,"column":2},"end":{"line":26,"column":null}},"type":"if","locations":[{"start":{"line":26,"column":2},"end":{"line":26,"column":null}},{"start":{},"end":{}}],"line":26},"6":{"loc":{"start":{"line":39,"column":2},"end":{"line":44,"column":null}},"type":"switch","locations":[{"start":{"line":40,"column":4},"end":{"line":40,"column":null}},{"start":{"line":41,"column":4},"end":{"line":41,"column":null}},{"start":{"line":42,"column":4},"end":{"line":42,"column":null}},{"start":{"line":43,"column":4},"end":{"line":43,"column":null}}],"line":39},"7":{"loc":{"start":{"line":48,"column":2},"end":{"line":55,"column":null}},"type":"switch","locations":[{"start":{"line":49,"column":4},"end":{"line":49,"column":null}},{"start":{"line":50,"column":4},"end":{"line":50,"column":null}},{"start":{"line":51,"column":4},"end":{"line":51,"column":null}},{"start":{"line":52,"column":4},"end":{"line":52,"column":null}},{"start":{"line":53,"column":4},"end":{"line":53,"column":null}},{"start":{"line":54,"column":4},"end":{"line":54,"column":null}}],"line":48}},"s":{"0":338,"1":9,"2":2,"3":7,"4":7,"5":7,"6":2,"7":2,"8":2,"9":9,"10":9,"11":9,"12":5,"13":4,"14":4,"15":1,"16":3,"17":3,"18":1,"19":2,"20":2,"21":1,"22":1,"23":6,"24":5,"25":6,"26":2,"27":2,"28":1,"29":1,"30":12,"31":5,"32":3,"33":1,"34":1,"35":1,"36":1},"f":{"0":338,"1":9,"2":9,"3":6,"4":5,"5":6,"6":12},"b":{"0":[2,7],"1":[5,2],"2":[5,4],"3":[1,3],"4":[1,2],"5":[1,1],"6":[2,2,1,1],"7":[5,3,1,1,1,1]},"meta":{"lastBranch":8,"lastFunction":7,"lastStatement":37,"seen":{"f:4:16:4:22":0,"s:5:2:5:Infinity":0,"f:8:16:8:31":1,"b:9:2:9:Infinity:undefined:undefined:undefined:undefined":0,"s:9:2:9:Infinity":1,"s:9:17:9:Infinity":2,"s:10:12:10:Infinity":3,"b:11:2:11:Infinity:undefined:undefined:undefined:undefined":1,"s:11:2:11:Infinity":4,"s:11:14:11:Infinity":5,"s:12:12:12:Infinity":6,"s:13:14:13:Infinity":7,"s:14:2:14:Infinity":8,"f:17:16:17:35":2,"s:18:15:18:Infinity":9,"s:19:18:19:Infinity":10,"b:20:2:20:Infinity:undefined:undefined:undefined:undefined":2,"s:20:2:20:Infinity":11,"s:20:20:20:Infinity":12,"s:21:18:21:Infinity":13,"b:22:2:22:Infinity:undefined:undefined:undefined:undefined":3,"s:22:2:22:Infinity":14,"s:22:20:22:Infinity":15,"s:23:16:23:Infinity":16,"b:24:2:24:Infinity:undefined:undefined:undefined:undefined":4,"s:24:2:24:Infinity":17,"s:24:18:24:Infinity":18,"s:25:15:25:Infinity":19,"b:26:2:26:Infinity:undefined:undefined:undefined:undefined":5,"s:26:2:26:Infinity":20,"s:26:17:26:Infinity":21,"s:27:2:27:Infinity":22,"f:30:16:30:27":3,"s:31:2:31:Infinity":23,"f:34:16:34:27":4,"s:35:2:35:Infinity":24,"f:38:16:38:28":5,"b:40:4:40:Infinity:41:4:41:Infinity:42:4:42:Infinity:43:4:43:Infinity":6,"s:39:2:44:Infinity":25,"s:40:19:40:Infinity":26,"s:41:19:41:Infinity":27,"s:42:20:42:Infinity":28,"s:43:13:43:Infinity":29,"f:47:16:47:25":6,"b:49:4:49:Infinity:50:4:50:Infinity:51:4:51:Infinity:52:4:52:Infinity:53:4:53:Infinity:54:4:54:Infinity":7,"s:48:2:55:Infinity":30,"s:49:19:49:Infinity":31,"s:50:19:50:Infinity":32,"s:51:20:51:Infinity":33,"s:52:20:52:Infinity":34,"s:53:20:53:Infinity":35,"s:54:13:54:Infinity":36}}}
,"/home/ubuntu/.openclaw/workspace/projects/bdd-test-dashboard/src/store/use-dashboard-store.ts": {"path":"/home/ubuntu/.openclaw/workspace/projects/bdd-test-dashboard/src/store/use-dashboard-store.ts","statementMap":{"0":{"start":{"line":77,"column":13},"end":{"line":132,"column":null}},"1":{"start":{"line":77,"column":71},"end":{"line":132,"column":2}},"2":{"start":{"line":83,"column":21},"end":{"line":83,"column":null}},"3":{"start":{"line":83,"column":31},"end":{"line":83,"column":80}},"4":{"start":{"line":84,"column":29},"end":{"line":84,"column":null}},"5":{"start":{"line":85,"column":21},"end":{"line":85,"column":null}},"6":{"start":{"line":86,"column":27},"end":{"line":86,"column":null}},"7":{"start":{"line":87,"column":23},"end":{"line":87,"column":null}},"8":{"start":{"line":89,"column":15},"end":{"line":89,"column":null}},"9":{"start":{"line":89,"column":25},"end":{"line":89,"column":86}},"10":{"start":{"line":90,"column":22},"end":{"line":90,"column":null}},"11":{"start":{"line":90,"column":47},"end":{"line":90,"column":58}},"12":{"start":{"line":91,"column":32},"end":{"line":91,"column":null}},"13":{"start":{"line":91,"column":53},"end":{"line":91,"column":96}},"14":{"start":{"line":94,"column":31},"end":{"line":94,"column":null}},"15":{"start":{"line":95,"column":23},"end":{"line":97,"column":null}},"16":{"start":{"line":96,"column":6},"end":{"line":96,"column":null}},"17":{"start":{"line":96,"column":21},"end":{"line":96,"column":41}},"18":{"start":{"line":98,"column":14},"end":{"line":103,"column":null}},"19":{"start":{"line":98,"column":45},"end":{"line":103,"column":8}},"20":{"start":{"line":104,"column":4},"end":{"line":104,"column":null}},"21":{"start":{"line":108,"column":21},"end":{"line":108,"column":null}},"22":{"start":{"line":109,"column":16},"end":{"line":109,"column":null}},"23":{"start":{"line":110,"column":72},"end":{"line":110,"column":null}},"24":{"start":{"line":111,"column":4},"end":{"line":129,"column":null}},"25":{"start":{"line":111,"column":17},"end":{"line":111,"column":27}},"26":{"start":{"line":112,"column":23},"end":{"line":112,"column":null}},"27":{"start":{"line":113,"column":21},"end":{"line":113,"column":null}},"28":{"start":{"line":114,"column":24},"end":{"line":117,"column":null}},"29":{"start":{"line":115,"column":18},"end":{"line":115,"column":null}},"30":{"start":{"line":116,"column":8},"end":{"line":116,"column":null}},"31":{"start":{"line":118,"column":6},"end":{"line":128,"column":null}},"32":{"start":{"line":119,"column":23},"end":{"line":122,"column":null}},"33":{"start":{"line":119,"column":51},"end":{"line":122,"column":12}},"34":{"start":{"line":123,"column":8},"end":{"line":127,"column":null}},"35":{"start":{"line":130,"column":4},"end":{"line":130,"column":null}}},"fnMap":{"0":{"name":"(anonymous_0)","decl":{"start":{"line":77,"column":56},"end":{"line":77,"column":57}},"loc":{"start":{"line":77,"column":71},"end":{"line":132,"column":2}},"line":77},"1":{"name":"(anonymous_1)","decl":{"start":{"line":83,"column":15},"end":{"line":83,"column":21}},"loc":{"start":{"line":83,"column":21},"end":{"line":83,"column":null}},"line":83},"2":{"name":"(anonymous_2)","decl":{"start":{"line":83,"column":25},"end":{"line":83,"column":31}},"loc":{"start":{"line":83,"column":31},"end":{"line":83,"column":80}},"line":83},"3":{"name":"(anonymous_3)","decl":{"start":{"line":84,"column":15},"end":{"line":84,"column":16}},"loc":{"start":{"line":84,"column":29},"end":{"line":84,"column":null}},"line":84},"4":{"name":"(anonymous_4)","decl":{"start":{"line":85,"column":11},"end":{"line":85,"column":12}},"loc":{"start":{"line":85,"column":21},"end":{"line":85,"column":null}},"line":85},"5":{"name":"(anonymous_5)","decl":{"start":{"line":86,"column":14},"end":{"line":86,"column":15}},"loc":{"start":{"line":86,"column":27},"end":{"line":86,"column":null}},"line":86},"6":{"name":"(anonymous_6)","decl":{"start":{"line":87,"column":12},"end":{"line":87,"column":13}},"loc":{"start":{"line":87,"column":23},"end":{"line":87,"column":null}},"line":87},"7":{"name":"(anonymous_7)","decl":{"start":{"line":89,"column":9},"end":{"line":89,"column":15}},"loc":{"start":{"line":89,"column":15},"end":{"line":89,"column":null}},"line":89},"8":{"name":"(anonymous_8)","decl":{"start":{"line":89,"column":19},"end":{"line":89,"column":25}},"loc":{"start":{"line":89,"column":25},"end":{"line":89,"column":86}},"line":89},"9":{"name":"(anonymous_9)","decl":{"start":{"line":90,"column":14},"end":{"line":90,"column":15}},"loc":{"start":{"line":90,"column":22},"end":{"line":90,"column":null}},"line":90},"10":{"name":"(anonymous_10)","decl":{"start":{"line":90,"column":42},"end":{"line":90,"column":47}},"loc":{"start":{"line":90,"column":47},"end":{"line":90,"column":58}},"line":90},"11":{"name":"(anonymous_11)","decl":{"start":{"line":91,"column":10},"end":{"line":91,"column":11}},"loc":{"start":{"line":91,"column":32},"end":{"line":91,"column":null}},"line":91},"12":{"name":"(anonymous_12)","decl":{"start":{"line":91,"column":48},"end":{"line":91,"column":53}},"loc":{"start":{"line":91,"column":53},"end":{"line":91,"column":96}},"line":91},"13":{"name":"(anonymous_13)","decl":{"start":{"line":93,"column":20},"end":{"line":93,"column":26}},"loc":{"start":{"line":93,"column":26},"end":{"line":105,"column":null}},"line":93},"14":{"name":"(anonymous_14)","decl":{"start":{"line":95,"column":36},"end":{"line":95,"column":null}},"loc":{"start":{"line":96,"column":6},"end":{"line":96,"column":null}},"line":96},"15":{"name":"(anonymous_15)","decl":{"start":{"line":96,"column":16},"end":{"line":96,"column":21}},"loc":{"start":{"line":96,"column":21},"end":{"line":96,"column":41}},"line":96},"16":{"name":"(anonymous_16)","decl":{"start":{"line":98,"column":32},"end":{"line":98,"column":33}},"loc":{"start":{"line":98,"column":45},"end":{"line":103,"column":8}},"line":98},"17":{"name":"(anonymous_17)","decl":{"start":{"line":107,"column":16},"end":{"line":107,"column":17}},"loc":{"start":{"line":107,"column":26},"end":{"line":131,"column":null}},"line":107},"18":{"name":"(anonymous_18)","decl":{"start":{"line":114,"column":36},"end":{"line":114,"column":41}},"loc":{"start":{"line":114,"column":41},"end":{"line":117,"column":7}},"line":114},"19":{"name":"(anonymous_19)","decl":{"start":{"line":119,"column":40},"end":{"line":119,"column":41}},"loc":{"start":{"line":119,"column":51},"end":{"line":122,"column":12}},"line":119}},"branchMap":{"0":{"loc":{"start":{"line":83,"column":40},"end":{"line":83,"column":78}},"type":"cond-expr","locations":[{"start":{"line":83,"column":61},"end":{"line":83,"column":71}},{"start":{"line":83,"column":71},"end":{"line":83,"column":78}}],"line":83},"1":{"loc":{"start":{"line":91,"column":53},"end":{"line":91,"column":96}},"type":"binary-expr","locations":[{"start":{"line":91,"column":53},"end":{"line":91,"column":82}},{"start":{"line":91,"column":82},"end":{"line":91,"column":96}}],"line":91},"2":{"loc":{"start":{"line":99,"column":28},"end":{"line":99,"column":null}},"type":"binary-expr","locations":[{"start":{"line":99,"column":28},"end":{"line":99,"column":49}},{"start":{"line":99,"column":49},"end":{"line":99,"column":null}}],"line":99},"3":{"loc":{"start":{"line":100,"column":28},"end":{"line":100,"column":null}},"type":"binary-expr","locations":[{"start":{"line":100,"column":28},"end":{"line":100,"column":49}},{"start":{"line":100,"column":49},"end":{"line":100,"column":null}}],"line":100},"4":{"loc":{"start":{"line":101,"column":30},"end":{"line":101,"column":null}},"type":"binary-expr","locations":[{"start":{"line":101,"column":30},"end":{"line":101,"column":52}},{"start":{"line":101,"column":52},"end":{"line":101,"column":null}}],"line":101},"5":{"loc":{"start":{"line":102,"column":26},"end":{"line":102,"column":null}},"type":"binary-expr","locations":[{"start":{"line":102,"column":26},"end":{"line":102,"column":46}},{"start":{"line":102,"column":46},"end":{"line":102,"column":null}}],"line":102},"6":{"loc":{"start":{"line":104,"column":29},"end":{"line":104,"column":86}},"type":"cond-expr","locations":[{"start":{"line":104,"column":43},"end":{"line":104,"column":84}},{"start":{"line":104,"column":84},"end":{"line":104,"column":86}}],"line":104},"7":{"loc":{"start":{"line":116,"column":15},"end":{"line":116,"column":null}},"type":"binary-expr","locations":[{"start":{"line":116,"column":15},"end":{"line":116,"column":32}},{"start":{"line":116,"column":32},"end":{"line":116,"column":null}}],"line":116},"8":{"loc":{"start":{"line":118,"column":6},"end":{"line":128,"column":null}},"type":"if","locations":[{"start":{"line":118,"column":6},"end":{"line":128,"column":null}},{"start":{},"end":{}}],"line":118},"9":{"loc":{"start":{"line":120,"column":20},"end":{"line":120,"column":null}},"type":"binary-expr","locations":[{"start":{"line":120,"column":20},"end":{"line":120,"column":41}},{"start":{"line":120,"column":41},"end":{"line":120,"column":null}}],"line":120},"10":{"loc":{"start":{"line":121,"column":20},"end":{"line":121,"column":null}},"type":"binary-expr","locations":[{"start":{"line":121,"column":20},"end":{"line":121,"column":40}},{"start":{"line":121,"column":40},"end":{"line":121,"column":null}}],"line":121},"11":{"loc":{"start":{"line":125,"column":20},"end":{"line":125,"column":null}},"type":"cond-expr","locations":[{"start":{"line":125,"column":35},"end":{"line":125,"column":77}},{"start":{"line":125,"column":77},"end":{"line":125,"column":null}}],"line":125}},"s":{"0":3,"1":3,"2":2,"3":2,"4":8,"5":8,"6":15,"7":10,"8":1,"9":1,"10":2,"11":3,"12":2,"13":4,"14":3,"15":3,"16":6,"17":6,"18":3,"19":4,"20":3,"21":4,"22":4,"23":4,"24":4,"25":4,"26":28,"27":28,"28":28,"29":49,"30":49,"31":28,"32":5,"33":7,"34":5,"35":28},"f":{"0":3,"1":2,"2":2,"3":8,"4":8,"5":15,"6":10,"7":1,"8":1,"9":2,"10":3,"11":2,"12":4,"13":3,"14":6,"15":6,"16":4,"17":4,"18":49,"19":7},"b":{"0":[1,1],"1":[4,3],"2":[4,2],"3":[4,3],"4":[4,3],"5":[4,2],"6":[1,2],"7":[49,47],"8":[5,23],"9":[7,1],"10":[7,1],"11":[4,1]},"meta":{"lastBranch":12,"lastFunction":20,"lastStatement":36,"seen":{"s:77:13:132:Infinity":0,"f:77:56:77:57":0,"s:77:71:132:2":1,"f:83:15:83:21":1,"s:83:21:83:Infinity":2,"f:83:25:83:31":2,"s:83:31:83:80":3,"b:83:61:83:71:83:71:83:78":0,"f:84:15:84:16":3,"s:84:29:84:Infinity":4,"f:85:11:85:12":4,"s:85:21:85:Infinity":5,"f:86:14:86:15":5,"s:86:27:86:Infinity":6,"f:87:12:87:13":6,"s:87:23:87:Infinity":7,"f:89:9:89:15":7,"s:89:15:89:Infinity":8,"f:89:19:89:25":8,"s:89:25:89:86":9,"f:90:14:90:15":9,"s:90:22:90:Infinity":10,"f:90:42:90:47":10,"s:90:47:90:58":11,"f:91:10:91:11":11,"s:91:32:91:Infinity":12,"f:91:48:91:53":12,"s:91:53:91:96":13,"b:91:53:91:82:91:82:91:96":1,"f:93:20:93:26":13,"s:94:31:94:Infinity":14,"s:95:23:97:Infinity":15,"f:95:36:95:Infinity":14,"s:96:6:96:Infinity":16,"f:96:16:96:21":15,"s:96:21:96:41":17,"s:98:14:103:Infinity":18,"f:98:32:98:33":16,"s:98:45:103:8":19,"b:99:28:99:49:99:49:99:Infinity":2,"b:100:28:100:49:100:49:100:Infinity":3,"b:101:30:101:52:101:52:101:Infinity":4,"b:102:26:102:46:102:46:102:Infinity":5,"s:104:4:104:Infinity":20,"b:104:43:104:84:104:84:104:86":6,"f:107:16:107:17":17,"s:108:21:108:Infinity":21,"s:109:16:109:Infinity":22,"s:110:72:110:Infinity":23,"s:111:4:129:Infinity":24,"s:111:17:111:27":25,"s:112:23:112:Infinity":26,"s:113:21:113:Infinity":27,"s:114:24:117:Infinity":28,"f:114:36:114:41":18,"s:115:18:115:Infinity":29,"s:116:8:116:Infinity":30,"b:116:15:116:32:116:32:116:Infinity":7,"b:118:6:128:Infinity:undefined:undefined:undefined:undefined":8,"s:118:6:128:Infinity":31,"s:119:23:122:Infinity":32,"f:119:40:119:41":19,"s:119:51:122:12":33,"b:120:20:120:41:120:41:120:Infinity":9,"b:121:20:121:40:121:40:121:Infinity":10,"s:123:8:127:Infinity":34,"b:125:35:125:77:125:77:125:Infinity":11,"s:130:4:130:Infinity":35}}}
}
