{"/home/ubuntu/.openclaw/workspace/projects/bdd-test-dashboard/src/app/page.tsx": {"path":"/home/ubuntu/.openclaw/workspace/projects/bdd-test-dashboard/src/app/page.tsx","statementMap":{"0":{"start":{"line":11,"column":8},"end":{"line":11,"column":null}},"1":{"start":{"line":11,"column":41},"end":{"line":11,"column":50}},"2":{"start":{"line":12,"column":8},"end":{"line":12,"column":null}},"3":{"start":{"line":12,"column":42},"end":{"line":12,"column":52}},"4":{"start":{"line":13,"column":8},"end":{"line":13,"column":null}},"5":{"start":{"line":13,"column":39},"end":{"line":13,"column":46}},"6":{"start":{"line":14,"column":8},"end":{"line":14,"column":null}},"7":{"start":{"line":14,"column":39},"end":{"line":14,"column":46}},"8":{"start":{"line":16,"column":2},"end":{"line":18,"column":null}},"9":{"start":{"line":17,"column":4},"end":{"line":17,"column":null}},"10":{"start":{"line":20,"column":2},"end":{"line":37,"column":null}},"11":{"start":{"line":21,"column":4},"end":{"line":35,"column":null}},"12":{"start":{"line":39,"column":2},"end":{"line":46,"column":null}},"13":{"start":{"line":40,"column":4},"end":{"line":44,"column":null}},"14":{"start":{"line":48,"column":2},"end":{"line":54,"column":null}}},"fnMap":{"0":{"name":"Home","decl":{"start":{"line":10,"column":24},"end":{"line":10,"column":31}},"loc":{"start":{"line":10,"column":31},"end":{"line":56,"column":null}},"line":10},"1":{"name":"(anonymous_1)","decl":{"start":{"line":11,"column":36},"end":{"line":11,"column":41}},"loc":{"start":{"line":11,"column":41},"end":{"line":11,"column":50}},"line":11},"2":{"name":"(anonymous_2)","decl":{"start":{"line":12,"column":37},"end":{"line":12,"column":42}},"loc":{"start":{"line":12,"column":42},"end":{"line":12,"column":52}},"line":12},"3":{"name":"(anonymous_3)","decl":{"start":{"line":13,"column":34},"end":{"line":13,"column":39}},"loc":{"start":{"line":13,"column":39},"end":{"line":13,"column":46}},"line":13},"4":{"name":"(anonymous_4)","decl":{"start":{"line":14,"column":34},"end":{"line":14,"column":39}},"loc":{"start":{"line":14,"column":39},"end":{"line":14,"column":46}},"line":14}},"branchMap":{"0":{"loc":{"start":{"line":16,"column":2},"end":{"line":18,"column":null}},"type":"if","locations":[{"start":{"line":16,"column":2},"end":{"line":18,"column":null}},{"start":{},"end":{}}],"line":16},"1":{"loc":{"start":{"line":20,"column":2},"end":{"line":37,"column":null}},"type":"if","locations":[{"start":{"line":20,"column":2},"end":{"line":37,"column":null}},{"start":{},"end":{}}],"line":20},"2":{"loc":{"start":{"line":39,"column":2},"end":{"line":46,"column":null}},"type":"if","locations":[{"start":{"line":39,"column":2},"end":{"line":46,"column":null}},{"start":{},"end":{}}],"line":39}},"s":{"0":4,"1":4,"2":4,"3":4,"4":4,"5":4,"6":4,"7":4,"8":4,"9":1,"10":3,"11":1,"12":2,"13":1,"14":1},"f":{"0":4,"1":4,"2":4,"3":4,"4":4},"b":{"0":[1,3],"1":[1,2],"2":[1,1]},"meta":{"lastBranch":3,"lastFunction":5,"lastStatement":15,"seen":{"f:10:24:10:31":0,"s:11:8:11:Infinity":0,"f:11:36:11:41":1,"s:11:41:11:50":1,"s:12:8:12:Infinity":2,"f:12:37:12:42":2,"s:12:42:12:52":3,"s:13:8:13:Infinity":4,"f:13:34:13:39":3,"s:13:39:13:46":5,"s:14:8:14:Infinity":6,"f:14:34:14:39":4,"s:14:39:14:46":7,"b:16:2:18:Infinity:undefined:undefined:undefined:undefined":0,"s:16:2:18:Infinity":8,"s:17:4:17:Infinity":9,"b:20:2:37:Infinity:undefined:undefined:undefined:undefined":1,"s:20:2:37:Infinity":10,"s:21:4:35:Infinity":11,"b:39:2:46:Infinity:undefined:undefined:undefined:undefined":2,"s:39:2:46:Infinity":12,"s:40:4:44:Infinity":13,"s:48:2:54:Infinity":14}}}
,"/home/ubuntu/.openclaw/workspace/projects/bdd-test-dashboard/src/app/project/[projectId]/client.tsx": {"path":"/home/ubuntu/.openclaw/workspace/projects/bdd-test-dashboard/src/app/project/[projectId]/client.tsx","statementMap":{"0":{"start":{"line":12,"column":23},"end":{"line":12,"column":null}},"1":{"start":{"line":16,"column":8},"end":{"line":16,"column":null}},"2":{"start":{"line":16,"column":41},"end":{"line":16,"column":64}},"3":{"start":{"line":17,"column":8},"end":{"line":17,"column":null}},"4":{"start":{"line":17,"column":41},"end":{"line":17,"column":47}},"5":{"start":{"line":18,"column":8},"end":{"line":18,"column":null}},"6":{"start":{"line":18,"column":36},"end":{"line":18,"column":84}},"7":{"start":{"line":18,"column":56},"end":{"line":18,"column":81}},"8":{"start":{"line":19,"column":8},"end":{"line":19,"column":null}},"9":{"start":{"line":19,"column":41},"end":{"line":19,"column":50}},"10":{"start":{"line":20,"column":8},"end":{"line":20,"column":null}},"11":{"start":{"line":20,"column":39},"end":{"line":20,"column":46}},"12":{"start":{"line":21,"column":8},"end":{"line":21,"column":null}},"13":{"start":{"line":21,"column":39},"end":{"line":21,"column":46}},"14":{"start":{"line":22,"column":40},"end":{"line":22,"column":null}},"15":{"start":{"line":23,"column":38},"end":{"line":23,"column":null}},"16":{"start":{"line":24,"column":38},"end":{"line":24,"column":null}},"17":{"start":{"line":25,"column":36},"end":{"line":25,"column":null}},"18":{"start":{"line":27,"column":8},"end":{"line":27,"column":null}},"19":{"start":{"line":27,"column":33},"end":{"line":27,"column":102}},"20":{"start":{"line":27,"column":66},"end":{"line":27,"column":74}},"21":{"start":{"line":29,"column":8},"end":{"line":38,"column":null}},"22":{"start":{"line":30,"column":4},"end":{"line":37,"column":null}},"23":{"start":{"line":31,"column":6},"end":{"line":34,"column":null}},"24":{"start":{"line":32,"column":18},"end":{"line":32,"column":null}},"25":{"start":{"line":33,"column":8},"end":{"line":33,"column":null}},"26":{"start":{"line":33,"column":32},"end":{"line":33,"column":null}},"27":{"start":{"line":35,"column":6},"end":{"line":35,"column":null}},"28":{"start":{"line":35,"column":55},"end":{"line":35,"column":null}},"29":{"start":{"line":36,"column":6},"end":{"line":36,"column":null}},"30":{"start":{"line":40,"column":2},"end":{"line":42,"column":null}},"31":{"start":{"line":41,"column":4},"end":{"line":41,"column":null}},"32":{"start":{"line":44,"column":2},"end":{"line":61,"column":null}},"33":{"start":{"line":45,"column":4},"end":{"line":59,"column":null}},"34":{"start":{"line":63,"column":2},"end":{"line":70,"column":null}},"35":{"start":{"line":64,"column":4},"end":{"line":68,"column":null}},"36":{"start":{"line":72,"column":20},"end":{"line":72,"column":null}},"37":{"start":{"line":74,"column":2},"end":{"line":215,"column":null}},"38":{"start":{"line":90,"column":25},"end":{"line":90,"column":null}},"39":{"start":{"line":101,"column":23},"end":{"line":101,"column":null}},"40":{"start":{"line":113,"column":12},"end":{"line":116,"column":null}},"41":{"start":{"line":127,"column":27},"end":{"line":127,"column":null}},"42":{"start":{"line":127,"column":47},"end":{"line":127,"column":49}},"43":{"start":{"line":145,"column":41},"end":{"line":145,"column":65}},"44":{"start":{"line":145,"column":65},"end":{"line":145,"column":86}},"45":{"start":{"line":152,"column":18},"end":{"line":158,"column":null}},"46":{"start":{"line":154,"column":35},"end":{"line":154,"column":null}},"47":{"start":{"line":168,"column":33},"end":{"line":168,"column":null}},"48":{"start":{"line":172,"column":37},"end":{"line":172,"column":75}},"49":{"start":{"line":184,"column":43},"end":{"line":184,"column":67}},"50":{"start":{"line":184,"column":67},"end":{"line":184,"column":88}},"51":{"start":{"line":192,"column":34},"end":{"line":192,"column":null}},"52":{"start":{"line":193,"column":12},"end":{"line":210,"column":null}}},"fnMap":{"0":{"name":"ProjectClient","decl":{"start":{"line":15,"column":24},"end":{"line":15,"column":38}},"loc":{"start":{"line":15,"column":76},"end":{"line":217,"column":null}},"line":15},"1":{"name":"(anonymous_1)","decl":{"start":{"line":16,"column":36},"end":{"line":16,"column":41}},"loc":{"start":{"line":16,"column":41},"end":{"line":16,"column":64}},"line":16},"2":{"name":"(anonymous_2)","decl":{"start":{"line":17,"column":36},"end":{"line":17,"column":41}},"loc":{"start":{"line":17,"column":41},"end":{"line":17,"column":47}},"line":17},"3":{"name":"(anonymous_3)","decl":{"start":{"line":18,"column":30},"end":{"line":18,"column":36}},"loc":{"start":{"line":18,"column":36},"end":{"line":18,"column":84}},"line":18},"4":{"name":"(anonymous_4)","decl":{"start":{"line":18,"column":51},"end":{"line":18,"column":56}},"loc":{"start":{"line":18,"column":56},"end":{"line":18,"column":81}},"line":18},"5":{"name":"(anonymous_5)","decl":{"start":{"line":19,"column":36},"end":{"line":19,"column":41}},"loc":{"start":{"line":19,"column":41},"end":{"line":19,"column":50}},"line":19},"6":{"name":"(anonymous_6)","decl":{"start":{"line":20,"column":34},"end":{"line":20,"column":39}},"loc":{"start":{"line":20,"column":39},"end":{"line":20,"column":46}},"line":20},"7":{"name":"(anonymous_7)","decl":{"start":{"line":21,"column":34},"end":{"line":21,"column":39}},"loc":{"start":{"line":21,"column":39},"end":{"line":21,"column":46}},"line":21},"8":{"name":"(anonymous_8)","decl":{"start":{"line":27,"column":27},"end":{"line":27,"column":33}},"loc":{"start":{"line":27,"column":33},"end":{"line":27,"column":102}},"line":27},"9":{"name":"(anonymous_9)","decl":{"start":{"line":27,"column":61},"end":{"line":27,"column":66}},"loc":{"start":{"line":27,"column":66},"end":{"line":27,"column":74}},"line":27},"10":{"name":"(anonymous_10)","decl":{"start":{"line":29,"column":23},"end":{"line":29,"column":29}},"loc":{"start":{"line":29,"column":29},"end":{"line":38,"column":5}},"line":29},"11":{"name":"(anonymous_11)","decl":{"start":{"line":30,"column":30},"end":{"line":30,"column":37}},"loc":{"start":{"line":30,"column":37},"end":{"line":37,"column":5}},"line":30},"12":{"name":"(anonymous_12)","decl":{"start":{"line":90,"column":19},"end":{"line":90,"column":25}},"loc":{"start":{"line":90,"column":25},"end":{"line":90,"column":null}},"line":90},"13":{"name":"(anonymous_13)","decl":{"start":{"line":101,"column":17},"end":{"line":101,"column":23}},"loc":{"start":{"line":101,"column":23},"end":{"line":101,"column":null}},"line":101},"14":{"name":"(anonymous_14)","decl":{"start":{"line":102,"column":21},"end":{"line":102,"column":27}},"loc":{"start":{"line":102,"column":27},"end":{"line":102,"column":null}},"line":102},"15":{"name":"(anonymous_15)","decl":{"start":{"line":112,"column":16},"end":{"line":112,"column":null}},"loc":{"start":{"line":113,"column":12},"end":{"line":116,"column":null}},"line":113},"16":{"name":"(anonymous_16)","decl":{"start":{"line":127,"column":21},"end":{"line":127,"column":27}},"loc":{"start":{"line":127,"column":27},"end":{"line":127,"column":null}},"line":127},"17":{"name":"(anonymous_17)","decl":{"start":{"line":127,"column":42},"end":{"line":127,"column":47}},"loc":{"start":{"line":127,"column":47},"end":{"line":127,"column":49}},"line":127},"18":{"name":"(anonymous_18)","decl":{"start":{"line":145,"column":33},"end":{"line":145,"column":39}},"loc":{"start":{"line":145,"column":39},"end":{"line":145,"column":89}},"line":145},"19":{"name":"(anonymous_19)","decl":{"start":{"line":151,"column":36},"end":{"line":151,"column":null}},"loc":{"start":{"line":152,"column":18},"end":{"line":158,"column":null}},"line":152},"20":{"name":"(anonymous_20)","decl":{"start":{"line":154,"column":29},"end":{"line":154,"column":35}},"loc":{"start":{"line":154,"column":35},"end":{"line":154,"column":null}},"line":154},"21":{"name":"(anonymous_21)","decl":{"start":{"line":168,"column":28},"end":{"line":168,"column":33}},"loc":{"start":{"line":168,"column":33},"end":{"line":168,"column":null}},"line":168},"22":{"name":"(anonymous_22)","decl":{"start":{"line":172,"column":32},"end":{"line":172,"column":37}},"loc":{"start":{"line":172,"column":37},"end":{"line":172,"column":75}},"line":172},"23":{"name":"(anonymous_23)","decl":{"start":{"line":184,"column":35},"end":{"line":184,"column":41}},"loc":{"start":{"line":184,"column":41},"end":{"line":184,"column":91}},"line":184},"24":{"name":"(anonymous_24)","decl":{"start":{"line":191,"column":20},"end":{"line":191,"column":21}},"loc":{"start":{"line":191,"column":29},"end":{"line":212,"column":11}},"line":191}},"branchMap":{"0":{"loc":{"start":{"line":31,"column":6},"end":{"line":34,"column":null}},"type":"if","locations":[{"start":{"line":31,"column":6},"end":{"line":34,"column":null}},{"start":{},"end":{}}],"line":31},"1":{"loc":{"start":{"line":32,"column":18},"end":{"line":32,"column":null}},"type":"binary-expr","locations":[{"start":{"line":32,"column":18},"end":{"line":32,"column":33}},{"start":{"line":32,"column":33},"end":{"line":32,"column":null}}],"line":32},"2":{"loc":{"start":{"line":32,"column":33},"end":{"line":32,"column":null}},"type":"cond-expr","locations":[{"start":{"line":32,"column":59},"end":{"line":32,"column":70}},{"start":{"line":32,"column":70},"end":{"line":32,"column":null}}],"line":32},"3":{"loc":{"start":{"line":32,"column":70},"end":{"line":32,"column":null}},"type":"cond-expr","locations":[{"start":{"line":32,"column":97},"end":{"line":32,"column":109}},{"start":{"line":32,"column":109},"end":{"line":32,"column":null}}],"line":32},"4":{"loc":{"start":{"line":33,"column":8},"end":{"line":33,"column":null}},"type":"if","locations":[{"start":{"line":33,"column":8},"end":{"line":33,"column":null}},{"start":{},"end":{}}],"line":33},"5":{"loc":{"start":{"line":35,"column":6},"end":{"line":35,"column":null}},"type":"if","locations":[{"start":{"line":35,"column":6},"end":{"line":35,"column":null}},{"start":{},"end":{}}],"line":35},"6":{"loc":{"start":{"line":35,"column":10},"end":{"line":35,"column":55}},"type":"binary-expr","locations":[{"start":{"line":35,"column":10},"end":{"line":35,"column":26}},{"start":{"line":35,"column":26},"end":{"line":35,"column":55}}],"line":35},"7":{"loc":{"start":{"line":40,"column":2},"end":{"line":42,"column":null}},"type":"if","locations":[{"start":{"line":40,"column":2},"end":{"line":42,"column":null}},{"start":{},"end":{}}],"line":40},"8":{"loc":{"start":{"line":44,"column":2},"end":{"line":61,"column":null}},"type":"if","locations":[{"start":{"line":44,"column":2},"end":{"line":61,"column":null}},{"start":{},"end":{}}],"line":44},"9":{"loc":{"start":{"line":63,"column":2},"end":{"line":70,"column":null}},"type":"if","locations":[{"start":{"line":63,"column":2},"end":{"line":70,"column":null}},{"start":{},"end":{}}],"line":63},"10":{"loc":{"start":{"line":105,"column":7},"end":{"line":118,"column":null}},"type":"binary-expr","locations":[{"start":{"line":105,"column":7},"end":{"line":105,"column":null}},{"start":{"line":106,"column":8},"end":{"line":118,"column":null}}],"line":105},"11":{"loc":{"start":{"line":108,"column":37},"end":{"line":108,"column":68}},"type":"binary-expr","locations":[{"start":{"line":108,"column":37},"end":{"line":108,"column":65}},{"start":{"line":108,"column":65},"end":{"line":108,"column":68}}],"line":108},"12":{"loc":{"start":{"line":109,"column":38},"end":{"line":109,"column":70}},"type":"binary-expr","locations":[{"start":{"line":109,"column":38},"end":{"line":109,"column":67}},{"start":{"line":109,"column":67},"end":{"line":109,"column":70}}],"line":109},"13":{"loc":{"start":{"line":110,"column":38},"end":{"line":110,"column":70}},"type":"binary-expr","locations":[{"start":{"line":110,"column":38},"end":{"line":110,"column":67}},{"start":{"line":110,"column":67},"end":{"line":110,"column":70}}],"line":110},"14":{"loc":{"start":{"line":111,"column":39},"end":{"line":111,"column":72}},"type":"binary-expr","locations":[{"start":{"line":111,"column":39},"end":{"line":111,"column":69}},{"start":{"line":111,"column":69},"end":{"line":111,"column":72}}],"line":111},"15":{"loc":{"start":{"line":130,"column":123},"end":{"line":130,"column":null}},"type":"cond-expr","locations":[{"start":{"line":130,"column":179},"end":{"line":130,"column":208}},{"start":{"line":130,"column":208},"end":{"line":130,"column":null}}],"line":130},"16":{"loc":{"start":{"line":130,"column":123},"end":{"line":130,"column":179}},"type":"binary-expr","locations":[{"start":{"line":130,"column":123},"end":{"line":130,"column":138}},{"start":{"line":130,"column":138},"end":{"line":130,"column":164}},{"start":{"line":130,"column":164},"end":{"line":130,"column":179}}],"line":130},"17":{"loc":{"start":{"line":132,"column":46},"end":{"line":135,"column":null}},"type":"binary-expr","locations":[{"start":{"line":134,"column":14},"end":{"line":134,"column":40}},{"start":{"line":134,"column":40},"end":{"line":134,"column":null}},{"start":{"line":135,"column":14},"end":{"line":135,"column":null}}],"line":132},"18":{"loc":{"start":{"line":140,"column":9},"end":{"line":176,"column":null}},"type":"binary-expr","locations":[{"start":{"line":140,"column":9},"end":{"line":140,"column":null}},{"start":{"line":141,"column":10},"end":{"line":176,"column":null}}],"line":140},"19":{"loc":{"start":{"line":143,"column":70},"end":{"line":145,"column":null}},"type":"binary-expr","locations":[{"start":{"line":144,"column":16},"end":{"line":144,"column":42}},{"start":{"line":144,"column":42},"end":{"line":144,"column":null}},{"start":{"line":145,"column":16},"end":{"line":145,"column":null}}],"line":143},"20":{"loc":{"start":{"line":155,"column":105},"end":{"line":155,"column":null}},"type":"cond-expr","locations":[{"start":{"line":155,"column":126},"end":{"line":155,"column":172}},{"start":{"line":155,"column":172},"end":{"line":155,"column":null}}],"line":155},"21":{"loc":{"start":{"line":179,"column":11},"end":{"line":189,"column":null}},"type":"binary-expr","locations":[{"start":{"line":179,"column":11},"end":{"line":179,"column":null}},{"start":{"line":180,"column":12},"end":{"line":189,"column":null}}],"line":179},"22":{"loc":{"start":{"line":181,"column":16},"end":{"line":187,"column":null}},"type":"cond-expr","locations":[{"start":{"line":182,"column":16},"end":{"line":185,"column":null}},{"start":{"line":187,"column":16},"end":{"line":187,"column":null}}],"line":181},"23":{"loc":{"start":{"line":181,"column":16},"end":{"line":181,"column":null}},"type":"binary-expr","locations":[{"start":{"line":181,"column":16},"end":{"line":181,"column":42}},{"start":{"line":181,"column":42},"end":{"line":181,"column":null}}],"line":181},"24":{"loc":{"start":{"line":192,"column":34},"end":{"line":192,"column":null}},"type":"binary-expr","locations":[{"start":{"line":192,"column":34},"end":{"line":192,"column":49}},{"start":{"line":192,"column":49},"end":{"line":192,"column":null}}],"line":192},"25":{"loc":{"start":{"line":192,"column":49},"end":{"line":192,"column":null}},"type":"cond-expr","locations":[{"start":{"line":192,"column":75},"end":{"line":192,"column":86}},{"start":{"line":192,"column":86},"end":{"line":192,"column":null}}],"line":192},"26":{"loc":{"start":{"line":192,"column":86},"end":{"line":192,"column":null}},"type":"cond-expr","locations":[{"start":{"line":192,"column":113},"end":{"line":192,"column":125}},{"start":{"line":192,"column":125},"end":{"line":192,"column":null}}],"line":192},"27":{"loc":{"start":{"line":202,"column":21},"end":{"line":202,"column":67}},"type":"binary-expr","locations":[{"start":{"line":202,"column":21},"end":{"line":202,"column":41}},{"start":{"line":202,"column":41},"end":{"line":202,"column":67}}],"line":202},"28":{"loc":{"start":{"line":206,"column":56},"end":{"line":206,"column":81}},"type":"binary-expr","locations":[{"start":{"line":206,"column":56},"end":{"line":206,"column":79}},{"start":{"line":206,"column":79},"end":{"line":206,"column":81}}],"line":206},"29":{"loc":{"start":{"line":206,"column":83},"end":{"line":206,"column":107}},"type":"binary-expr","locations":[{"start":{"line":206,"column":83},"end":{"line":206,"column":105}},{"start":{"line":206,"column":105},"end":{"line":206,"column":107}}],"line":206}},"s":{"0":1,"1":27,"2":27,"3":27,"4":27,"5":27,"6":14,"7":15,"8":27,"9":27,"10":27,"11":27,"12":27,"13":27,"14":27,"15":27,"16":27,"17":27,"18":27,"19":14,"20":15,"21":27,"22":20,"23":25,"24":5,"25":5,"26":3,"27":22,"28":1,"29":21,"30":27,"31":1,"32":26,"33":1,"34":25,"35":1,"36":24,"37":24,"38":1,"39":0,"40":92,"41":6,"42":6,"43":1,"44":1,"45":44,"46":3,"47":1,"48":18,"49":1,"50":1,"51":29,"52":29},"f":{"0":27,"1":27,"2":27,"3":14,"4":15,"5":27,"6":27,"7":27,"8":14,"9":15,"10":20,"11":25,"12":1,"13":0,"14":0,"15":92,"16":6,"17":6,"18":1,"19":44,"20":3,"21":1,"22":18,"23":1,"24":29},"b":{"0":[5,20],"1":[5,0],"2":[0,0],"3":[0,0],"4":[3,2],"5":[1,21],"6":[22,2],"7":[1,26],"8":[1,25],"9":[1,24],"10":[24,23],"11":[23,0],"12":[23,0],"13":[23,0],"14":[23,0],"15":[11,13],"16":[27,13,13],"17":[27,21,4],"18":[27,11],"19":[11,8,4],"20":[11,33],"21":[27,2],"22":[1,1],"23":[2,1],"24":[29,2],"25":[0,2],"26":[1,1],"27":[29,27],"28":[29,0],"29":[29,0]},"meta":{"lastBranch":30,"lastFunction":25,"lastStatement":53,"seen":{"s:12:23:12:Infinity":0,"f:15:24:15:38":0,"s:16:8:16:Infinity":1,"f:16:36:16:41":1,"s:16:41:16:64":2,"s:17:8:17:Infinity":3,"f:17:36:17:41":2,"s:17:41:17:47":4,"s:18:8:18:Infinity":5,"f:18:30:18:36":3,"s:18:36:18:84":6,"f:18:51:18:56":4,"s:18:56:18:81":7,"s:19:8:19:Infinity":8,"f:19:36:19:41":5,"s:19:41:19:50":9,"s:20:8:20:Infinity":10,"f:20:34:20:39":6,"s:20:39:20:46":11,"s:21:8:21:Infinity":12,"f:21:34:21:39":7,"s:21:39:21:46":13,"s:22:40:22:Infinity":14,"s:23:38:23:Infinity":15,"s:24:38:24:Infinity":16,"s:25:36:25:Infinity":17,"s:27:8:27:Infinity":18,"f:27:27:27:33":8,"s:27:33:27:102":19,"f:27:61:27:66":9,"s:27:66:27:74":20,"s:29:8:38:Infinity":21,"f:29:23:29:29":10,"s:30:4:37:Infinity":22,"f:30:30:30:37":11,"b:31:6:34:Infinity:undefined:undefined:undefined:undefined":0,"s:31:6:34:Infinity":23,"s:32:18:32:Infinity":24,"b:32:18:32:33:32:33:32:Infinity":1,"b:32:59:32:70:32:70:32:Infinity":2,"b:32:97:32:109:32:109:32:Infinity":3,"b:33:8:33:Infinity:undefined:undefined:undefined:undefined":4,"s:33:8:33:Infinity":25,"s:33:32:33:Infinity":26,"b:35:6:35:Infinity:undefined:undefined:undefined:undefined":5,"s:35:6:35:Infinity":27,"b:35:10:35:26:35:26:35:55":6,"s:35:55:35:Infinity":28,"s:36:6:36:Infinity":29,"b:40:2:42:Infinity:undefined:undefined:undefined:undefined":7,"s:40:2:42:Infinity":30,"s:41:4:41:Infinity":31,"b:44:2:61:Infinity:undefined:undefined:undefined:undefined":8,"s:44:2:61:Infinity":32,"s:45:4:59:Infinity":33,"b:63:2:70:Infinity:undefined:undefined:undefined:undefined":9,"s:63:2:70:Infinity":34,"s:64:4:68:Infinity":35,"s:72:20:72:Infinity":36,"s:74:2:215:Infinity":37,"f:90:19:90:25":12,"s:90:25:90:Infinity":38,"f:101:17:101:23":13,"s:101:23:101:Infinity":39,"f:102:21:102:27":14,"b:105:7:105:Infinity:106:8:118:Infinity":10,"b:108:37:108:65:108:65:108:68":11,"b:109:38:109:67:109:67:109:70":12,"b:110:38:110:67:110:67:110:70":13,"b:111:39:111:69:111:69:111:72":14,"f:112:16:112:Infinity":15,"s:113:12:116:Infinity":40,"f:127:21:127:27":16,"s:127:27:127:Infinity":41,"f:127:42:127:47":17,"s:127:47:127:49":42,"b:130:179:130:208:130:208:130:Infinity":15,"b:130:123:130:138:130:138:130:164:130:164:130:179":16,"b:134:14:134:40:134:40:134:Infinity:135:14:135:Infinity":17,"b:140:9:140:Infinity:141:10:176:Infinity":18,"b:144:16:144:42:144:42:144:Infinity:145:16:145:Infinity":19,"f:145:33:145:39":18,"s:145:41:145:65":43,"s:145:65:145:86":44,"f:151:36:151:Infinity":19,"s:152:18:158:Infinity":45,"f:154:29:154:35":20,"s:154:35:154:Infinity":46,"b:155:126:155:172:155:172:155:Infinity":20,"f:168:28:168:33":21,"s:168:33:168:Infinity":47,"f:172:32:172:37":22,"s:172:37:172:75":48,"b:179:11:179:Infinity:180:12:189:Infinity":21,"b:182:16:185:Infinity:187:16:187:Infinity":22,"b:181:16:181:42:181:42:181:Infinity":23,"f:184:35:184:41":23,"s:184:43:184:67":49,"s:184:67:184:88":50,"f:191:20:191:21":24,"s:192:34:192:Infinity":51,"b:192:34:192:49:192:49:192:Infinity":24,"b:192:75:192:86:192:86:192:Infinity":25,"b:192:113:192:125:192:125:192:Infinity":26,"s:193:12:210:Infinity":52,"b:202:21:202:41:202:41:202:67":27,"b:206:56:206:79:206:79:206:81":28,"b:206:83:206:105:206:105:206:107":29}}}
,"/home/ubuntu/.openclaw/workspace/projects/bdd-test-dashboard/src/app/project/[projectId]/page.tsx": {"path":"/home/ubuntu/.openclaw/workspace/projects/bdd-test-dashboard/src/app/project/[projectId]/page.tsx","statementMap":{"0":{"start":{"line":4,"column":2},"end":{"line":9,"column":null}},"1":{"start":{"line":13,"column":24},"end":{"line":13,"column":null}},"2":{"start":{"line":14,"column":2},"end":{"line":14,"column":null}}},"fnMap":{"0":{"name":"generateStaticParams","decl":{"start":{"line":3,"column":16},"end":{"line":3,"column":39}},"loc":{"start":{"line":3,"column":39},"end":{"line":10,"column":null}},"line":3},"1":{"name":"ProjectPage","decl":{"start":{"line":12,"column":30},"end":{"line":12,"column":42}},"loc":{"start":{"line":12,"column":98},"end":{"line":15,"column":null}},"line":12}},"branchMap":{},"s":{"0":2,"1":2,"2":2},"f":{"0":2,"1":2},"b":{},"meta":{"lastBranch":0,"lastFunction":2,"lastStatement":3,"seen":{"f:3:16:3:39":0,"s:4:2:9:Infinity":0,"f:12:30:12:42":1,"s:13:24:13:Infinity":1,"s:14:2:14:Infinity":2}}}
,"/home/ubuntu/.openclaw/workspace/projects/bdd-test-dashboard/src/app/project/[projectId]/run/[runId]/client.tsx": {"path":"/home/ubuntu/.openclaw/workspace/projects/bdd-test-dashboard/src/app/project/[projectId]/run/[runId]/client.tsx","statementMap":{"0":{"start":{"line":14,"column":39},"end":{"line":14,"column":null}},"1":{"start":{"line":15,"column":2},"end":{"line":28,"column":null}},"2":{"start":{"line":16,"column":4},"end":{"line":27,"column":null}},"3":{"start":{"line":17,"column":6},"end":{"line":17,"column":null}},"4":{"start":{"line":18,"column":4},"end":{"line":27,"column":null}},"5":{"start":{"line":19,"column":6},"end":{"line":19,"column":null}},"6":{"start":{"line":20,"column":4},"end":{"line":27,"column":null}},"7":{"start":{"line":21,"column":6},"end":{"line":24,"column":null}},"8":{"start":{"line":22,"column":8},"end":{"line":23,"column":null}},"9":{"start":{"line":26,"column":6},"end":{"line":26,"column":null}},"10":{"start":{"line":29,"column":2},"end":{"line":29,"column":null}},"11":{"start":{"line":33,"column":30},"end":{"line":33,"column":null}},"12":{"start":{"line":34,"column":16},"end":{"line":34,"column":null}},"13":{"start":{"line":35,"column":20},"end":{"line":35,"column":null}},"14":{"start":{"line":36,"column":18},"end":{"line":36,"column":null}},"15":{"start":{"line":37,"column":2},"end":{"line":45,"column":null}},"16":{"start":{"line":41,"column":31},"end":{"line":41,"column":55}},"17":{"start":{"line":52,"column":8},"end":{"line":52,"column":null}},"18":{"start":{"line":52,"column":41},"end":{"line":52,"column":64}},"19":{"start":{"line":53,"column":20},"end":{"line":53,"column":null}},"20":{"start":{"line":54,"column":34},"end":{"line":54,"column":null}},"21":{"start":{"line":55,"column":38},"end":{"line":55,"column":null}},"22":{"start":{"line":57,"column":2},"end":{"line":73,"column":null}},"23":{"start":{"line":59,"column":6},"end":{"line":70,"column":null}},"24":{"start":{"line":60,"column":14},"end":{"line":60,"column":null}},"25":{"start":{"line":61,"column":23},"end":{"line":61,"column":null}},"26":{"start":{"line":62,"column":8},"end":{"line":62,"column":null}},"27":{"start":{"line":62,"column":32},"end":{"line":62,"column":54}},"28":{"start":{"line":62,"column":54},"end":{"line":62,"column":62}},"29":{"start":{"line":63,"column":29},"end":{"line":63,"column":null}},"30":{"start":{"line":64,"column":25},"end":{"line":64,"column":null}},"31":{"start":{"line":64,"column":53},"end":{"line":64,"column":89}},"32":{"start":{"line":65,"column":8},"end":{"line":65,"column":null}},"33":{"start":{"line":67,"column":8},"end":{"line":67,"column":null}},"34":{"start":{"line":69,"column":8},"end":{"line":69,"column":null}},"35":{"start":{"line":72,"column":4},"end":{"line":72,"column":null}},"36":{"start":{"line":72,"column":34},"end":{"line":72,"column":51}},"37":{"start":{"line":72,"column":60},"end":{"line":72,"column":82}},"38":{"start":{"line":75,"column":2},"end":{"line":77,"column":null}},"39":{"start":{"line":76,"column":4},"end":{"line":76,"column":null}},"40":{"start":{"line":78,"column":2},"end":{"line":80,"column":null}},"41":{"start":{"line":79,"column":4},"end":{"line":79,"column":null}},"42":{"start":{"line":82,"column":24},"end":{"line":82,"column":null}},"43":{"start":{"line":84,"column":2},"end":{"line":223,"column":null}},"44":{"start":{"line":111,"column":10},"end":{"line":114,"column":null}},"45":{"start":{"line":119,"column":31},"end":{"line":119,"column":null}},"46":{"start":{"line":120,"column":8},"end":{"line":124,"column":null}},"47":{"start":{"line":121,"column":10},"end":{"line":123,"column":null}},"48":{"start":{"line":122,"column":12},"end":{"line":122,"column":null}},"49":{"start":{"line":122,"column":44},"end":{"line":122,"column":null}},"50":{"start":{"line":125,"column":25},"end":{"line":125,"column":null}},"51":{"start":{"line":126,"column":110},"end":{"line":131,"column":null}},"52":{"start":{"line":133,"column":33},"end":{"line":135,"column":null}},"53":{"start":{"line":134,"column":21},"end":{"line":134,"column":101}},"54":{"start":{"line":134,"column":72},"end":{"line":134,"column":97}},"55":{"start":{"line":135,"column":23},"end":{"line":135,"column":45}},"56":{"start":{"line":137,"column":8},"end":{"line":217,"column":null}},"57":{"start":{"line":140,"column":14},"end":{"line":149,"column":null}},"58":{"start":{"line":142,"column":31},"end":{"line":142,"column":null}},"59":{"start":{"line":153,"column":10},"end":{"line":211,"column":null}},"60":{"start":{"line":157,"column":20},"end":{"line":160,"column":null}},"61":{"start":{"line":158,"column":29},"end":{"line":158,"column":null}},"62":{"start":{"line":161,"column":20},"end":{"line":161,"column":null}},"63":{"start":{"line":162,"column":31},"end":{"line":162,"column":null}},"64":{"start":{"line":163,"column":14},"end":{"line":184,"column":null}},"65":{"start":{"line":189,"column":16},"end":{"line":208,"column":null}},"66":{"start":{"line":196,"column":22},"end":{"line":205,"column":null}}},"fnMap":{"0":{"name":"sanitize","decl":{"start":{"line":13,"column":9},"end":{"line":13,"column":18}},"loc":{"start":{"line":13,"column":73},"end":{"line":30,"column":null}},"line":13},"1":{"name":"(anonymous_1)","decl":{"start":{"line":21,"column":21},"end":{"line":21,"column":null}},"loc":{"start":{"line":22,"column":8},"end":{"line":23,"column":null}},"line":22},"2":{"name":"StepError","decl":{"start":{"line":32,"column":9},"end":{"line":32,"column":19}},"loc":{"start":{"line":32,"column":49},"end":{"line":47,"column":null}},"line":32},"3":{"name":"(anonymous_3)","decl":{"start":{"line":41,"column":25},"end":{"line":41,"column":31}},"loc":{"start":{"line":41,"column":31},"end":{"line":41,"column":55}},"line":41},"4":{"name":"RunClient","decl":{"start":{"line":51,"column":24},"end":{"line":51,"column":34}},"loc":{"start":{"line":51,"column":94},"end":{"line":225,"column":null}},"line":51},"5":{"name":"(anonymous_5)","decl":{"start":{"line":52,"column":36},"end":{"line":52,"column":41}},"loc":{"start":{"line":52,"column":41},"end":{"line":52,"column":64}},"line":52},"6":{"name":"(anonymous_6)","decl":{"start":{"line":57,"column":12},"end":{"line":57,"column":18}},"loc":{"start":{"line":57,"column":18},"end":{"line":73,"column":5}},"line":57},"7":{"name":"loadRunDetail","decl":{"start":{"line":58,"column":19},"end":{"line":58,"column":35}},"loc":{"start":{"line":58,"column":35},"end":{"line":71,"column":null}},"line":58},"8":{"name":"(anonymous_8)","decl":{"start":{"line":64,"column":47},"end":{"line":64,"column":53}},"loc":{"start":{"line":64,"column":53},"end":{"line":64,"column":89}},"line":64},"9":{"name":"(anonymous_9)","decl":{"start":{"line":110,"column":14},"end":{"line":110,"column":null}},"loc":{"start":{"line":111,"column":10},"end":{"line":114,"column":null}},"line":111},"10":{"name":"(anonymous_10)","decl":{"start":{"line":118,"column":51},"end":{"line":118,"column":57}},"loc":{"start":{"line":118,"column":57},"end":{"line":218,"column":9}},"line":118},"11":{"name":"(anonymous_11)","decl":{"start":{"line":134,"column":15},"end":{"line":134,"column":21}},"loc":{"start":{"line":134,"column":21},"end":{"line":134,"column":101}},"line":134},"12":{"name":"(anonymous_12)","decl":{"start":{"line":134,"column":67},"end":{"line":134,"column":72}},"loc":{"start":{"line":134,"column":72},"end":{"line":134,"column":97}},"line":134},"13":{"name":"(anonymous_13)","decl":{"start":{"line":135,"column":18},"end":{"line":135,"column":23}},"loc":{"start":{"line":135,"column":23},"end":{"line":135,"column":45}},"line":135},"14":{"name":"(anonymous_14)","decl":{"start":{"line":139,"column":23},"end":{"line":139,"column":null}},"loc":{"start":{"line":140,"column":14},"end":{"line":149,"column":null}},"line":140},"15":{"name":"(anonymous_15)","decl":{"start":{"line":142,"column":25},"end":{"line":142,"column":31}},"loc":{"start":{"line":142,"column":31},"end":{"line":142,"column":null}},"line":142},"16":{"name":"(anonymous_16)","decl":{"start":{"line":152,"column":62},"end":{"line":152,"column":63}},"loc":{"start":{"line":153,"column":10},"end":{"line":211,"column":null}},"line":153},"17":{"name":"(anonymous_17)","decl":{"start":{"line":156,"column":14},"end":{"line":156,"column":20}},"loc":{"start":{"line":156,"column":20},"end":{"line":186,"column":15}},"line":156},"18":{"name":"(anonymous_18)","decl":{"start":{"line":158,"column":16},"end":{"line":158,"column":17}},"loc":{"start":{"line":158,"column":29},"end":{"line":158,"column":null}},"line":158},"19":{"name":"(anonymous_19)","decl":{"start":{"line":188,"column":45},"end":{"line":188,"column":46}},"loc":{"start":{"line":189,"column":16},"end":{"line":208,"column":null}},"line":189},"20":{"name":"(anonymous_20)","decl":{"start":{"line":195,"column":48},"end":{"line":195,"column":49}},"loc":{"start":{"line":196,"column":22},"end":{"line":205,"column":null}},"line":196}},"branchMap":{"0":{"loc":{"start":{"line":16,"column":4},"end":{"line":27,"column":null}},"type":"if","locations":[{"start":{"line":16,"column":4},"end":{"line":27,"column":null}},{"start":{"line":18,"column":4},"end":{"line":27,"column":null}}],"line":16},"1":{"loc":{"start":{"line":18,"column":4},"end":{"line":27,"column":null}},"type":"if","locations":[{"start":{"line":18,"column":4},"end":{"line":27,"column":null}},{"start":{"line":20,"column":4},"end":{"line":27,"column":null}}],"line":18},"2":{"loc":{"start":{"line":18,"column":15},"end":{"line":18,"column":64}},"type":"binary-expr","locations":[{"start":{"line":18,"column":15},"end":{"line":18,"column":20}},{"start":{"line":18,"column":20},"end":{"line":18,"column":45}},{"start":{"line":18,"column":45},"end":{"line":18,"column":64}}],"line":18},"3":{"loc":{"start":{"line":20,"column":4},"end":{"line":27,"column":null}},"type":"if","locations":[{"start":{"line":20,"column":4},"end":{"line":27,"column":null}},{"start":{"line":25,"column":11},"end":{"line":27,"column":null}}],"line":20},"4":{"loc":{"start":{"line":22,"column":8},"end":{"line":23,"column":null}},"type":"cond-expr","locations":[{"start":{"line":22,"column":36},"end":{"line":22,"column":null}},{"start":{"line":23,"column":8},"end":{"line":23,"column":null}}],"line":22},"5":{"loc":{"start":{"line":23,"column":8},"end":{"line":23,"column":null}},"type":"cond-expr","locations":[{"start":{"line":23,"column":43},"end":{"line":23,"column":87}},{"start":{"line":23,"column":87},"end":{"line":23,"column":null}}],"line":23},"6":{"loc":{"start":{"line":23,"column":8},"end":{"line":23,"column":43}},"type":"binary-expr","locations":[{"start":{"line":23,"column":8},"end":{"line":23,"column":16}},{"start":{"line":23,"column":16},"end":{"line":23,"column":43}}],"line":23},"7":{"loc":{"start":{"line":35,"column":20},"end":{"line":35,"column":null}},"type":"binary-expr","locations":[{"start":{"line":35,"column":20},"end":{"line":35,"column":40}},{"start":{"line":35,"column":40},"end":{"line":35,"column":null}}],"line":35},"8":{"loc":{"start":{"line":36,"column":18},"end":{"line":36,"column":null}},"type":"cond-expr","locations":[{"start":{"line":36,"column":30},"end":{"line":36,"column":61}},{"start":{"line":36,"column":61},"end":{"line":36,"column":null}}],"line":36},"9":{"loc":{"start":{"line":40,"column":7},"end":{"line":43,"column":null}},"type":"binary-expr","locations":[{"start":{"line":40,"column":7},"end":{"line":40,"column":null}},{"start":{"line":41,"column":8},"end":{"line":43,"column":null}}],"line":40},"10":{"loc":{"start":{"line":42,"column":11},"end":{"line":42,"column":null}},"type":"cond-expr","locations":[{"start":{"line":42,"column":22},"end":{"line":42,"column":36}},{"start":{"line":42,"column":36},"end":{"line":42,"column":null}}],"line":42},"11":{"loc":{"start":{"line":62,"column":8},"end":{"line":62,"column":null}},"type":"if","locations":[{"start":{"line":62,"column":8},"end":{"line":62,"column":null}},{"start":{},"end":{}}],"line":62},"12":{"loc":{"start":{"line":72,"column":4},"end":{"line":72,"column":null}},"type":"if","locations":[{"start":{"line":72,"column":4},"end":{"line":72,"column":null}},{"start":{"line":72,"column":58},"end":{"line":72,"column":null}}],"line":72},"13":{"loc":{"start":{"line":72,"column":8},"end":{"line":72,"column":32}},"type":"binary-expr","locations":[{"start":{"line":72,"column":8},"end":{"line":72,"column":17}},{"start":{"line":72,"column":17},"end":{"line":72,"column":32}}],"line":72},"14":{"loc":{"start":{"line":75,"column":2},"end":{"line":77,"column":null}},"type":"if","locations":[{"start":{"line":75,"column":2},"end":{"line":77,"column":null}},{"start":{},"end":{}}],"line":75},"15":{"loc":{"start":{"line":78,"column":2},"end":{"line":80,"column":null}},"type":"if","locations":[{"start":{"line":78,"column":2},"end":{"line":80,"column":null}},{"start":{},"end":{}}],"line":78},"16":{"loc":{"start":{"line":82,"column":24},"end":{"line":82,"column":null}},"type":"binary-expr","locations":[{"start":{"line":82,"column":24},"end":{"line":82,"column":39}},{"start":{"line":82,"column":39},"end":{"line":82,"column":null}}],"line":82},"17":{"loc":{"start":{"line":82,"column":39},"end":{"line":82,"column":null}},"type":"cond-expr","locations":[{"start":{"line":82,"column":65},"end":{"line":82,"column":76}},{"start":{"line":82,"column":76},"end":{"line":82,"column":null}}],"line":82},"18":{"loc":{"start":{"line":82,"column":76},"end":{"line":82,"column":null}},"type":"cond-expr","locations":[{"start":{"line":82,"column":103},"end":{"line":82,"column":115}},{"start":{"line":82,"column":115},"end":{"line":82,"column":null}}],"line":82},"19":{"loc":{"start":{"line":93,"column":48},"end":{"line":93,"column":75}},"type":"binary-expr","locations":[{"start":{"line":93,"column":48},"end":{"line":93,"column":65}},{"start":{"line":93,"column":65},"end":{"line":93,"column":75}}],"line":93},"20":{"loc":{"start":{"line":99,"column":13},"end":{"line":99,"column":null}},"type":"binary-expr","locations":[{"start":{"line":99,"column":13},"end":{"line":99,"column":33}},{"start":{"line":99,"column":33},"end":{"line":99,"column":null}}],"line":99},"21":{"loc":{"start":{"line":106,"column":35},"end":{"line":106,"column":60}},"type":"binary-expr","locations":[{"start":{"line":106,"column":35},"end":{"line":106,"column":57}},{"start":{"line":106,"column":57},"end":{"line":106,"column":60}}],"line":106},"22":{"loc":{"start":{"line":107,"column":36},"end":{"line":107,"column":62}},"type":"binary-expr","locations":[{"start":{"line":107,"column":36},"end":{"line":107,"column":59}},{"start":{"line":107,"column":59},"end":{"line":107,"column":62}}],"line":107},"23":{"loc":{"start":{"line":108,"column":36},"end":{"line":108,"column":62}},"type":"binary-expr","locations":[{"start":{"line":108,"column":36},"end":{"line":108,"column":59}},{"start":{"line":108,"column":59},"end":{"line":108,"column":62}}],"line":108},"24":{"loc":{"start":{"line":109,"column":37},"end":{"line":109,"column":64}},"type":"binary-expr","locations":[{"start":{"line":109,"column":37},"end":{"line":109,"column":61}},{"start":{"line":109,"column":61},"end":{"line":109,"column":64}}],"line":109},"25":{"loc":{"start":{"line":118,"column":7},"end":{"line":218,"column":null}},"type":"binary-expr","locations":[{"start":{"line":118,"column":7},"end":{"line":118,"column":23}},{"start":{"line":118,"column":23},"end":{"line":118,"column":51}},{"start":{"line":118,"column":45},"end":{"line":218,"column":null}}],"line":118},"26":{"loc":{"start":{"line":121,"column":26},"end":{"line":121,"column":45}},"type":"binary-expr","locations":[{"start":{"line":121,"column":26},"end":{"line":121,"column":41}},{"start":{"line":121,"column":41},"end":{"line":121,"column":45}}],"line":121},"27":{"loc":{"start":{"line":122,"column":12},"end":{"line":122,"column":null}},"type":"if","locations":[{"start":{"line":122,"column":12},"end":{"line":122,"column":null}},{"start":{},"end":{}}],"line":122},"28":{"loc":{"start":{"line":133,"column":33},"end":{"line":135,"column":null}},"type":"cond-expr","locations":[{"start":{"line":133,"column":58},"end":{"line":133,"column":73}},{"start":{"line":133,"column":73},"end":{"line":135,"column":null}}],"line":133},"29":{"loc":{"start":{"line":134,"column":41},"end":{"line":134,"column":60}},"type":"binary-expr","locations":[{"start":{"line":134,"column":41},"end":{"line":134,"column":56}},{"start":{"line":134,"column":56},"end":{"line":134,"column":60}}],"line":134},"30":{"loc":{"start":{"line":145,"column":19},"end":{"line":145,"column":null}},"type":"cond-expr","locations":[{"start":{"line":145,"column":44},"end":{"line":145,"column":73}},{"start":{"line":145,"column":73},"end":{"line":145,"column":null}}],"line":145},"31":{"loc":{"start":{"line":152,"column":11},"end":{"line":215,"column":null}},"type":"cond-expr","locations":[{"start":{"line":152,"column":41},"end":{"line":212,"column":null}},{"start":{"line":213,"column":12},"end":{"line":215,"column":null}}],"line":152},"32":{"loc":{"start":{"line":157,"column":30},"end":{"line":157,"column":55}},"type":"binary-expr","locations":[{"start":{"line":157,"column":30},"end":{"line":157,"column":51}},{"start":{"line":157,"column":51},"end":{"line":157,"column":55}}],"line":157},"33":{"loc":{"start":{"line":158,"column":52},"end":{"line":158,"column":74}},"type":"binary-expr","locations":[{"start":{"line":158,"column":52},"end":{"line":158,"column":69}},{"start":{"line":158,"column":69},"end":{"line":158,"column":74}}],"line":158},"34":{"loc":{"start":{"line":161,"column":29},"end":{"line":161,"column":54}},"type":"binary-expr","locations":[{"start":{"line":161,"column":29},"end":{"line":161,"column":50}},{"start":{"line":161,"column":50},"end":{"line":161,"column":54}}],"line":161},"35":{"loc":{"start":{"line":162,"column":31},"end":{"line":162,"column":null}},"type":"cond-expr","locations":[{"start":{"line":162,"column":43},"end":{"line":162,"column":87}},{"start":{"line":162,"column":87},"end":{"line":162,"column":null}}],"line":162},"36":{"loc":{"start":{"line":165,"column":19},"end":{"line":166,"column":null}},"type":"binary-expr","locations":[{"start":{"line":165,"column":19},"end":{"line":165,"column":null}},{"start":{"line":166,"column":20},"end":{"line":166,"column":null}}],"line":165},"37":{"loc":{"start":{"line":168,"column":19},"end":{"line":169,"column":null}},"type":"binary-expr","locations":[{"start":{"line":168,"column":19},"end":{"line":168,"column":null}},{"start":{"line":169,"column":20},"end":{"line":169,"column":null}}],"line":168},"38":{"loc":{"start":{"line":171,"column":19},"end":{"line":172,"column":null}},"type":"binary-expr","locations":[{"start":{"line":171,"column":19},"end":{"line":171,"column":null}},{"start":{"line":172,"column":20},"end":{"line":172,"column":null}}],"line":171},"39":{"loc":{"start":{"line":174,"column":19},"end":{"line":182,"column":null}},"type":"binary-expr","locations":[{"start":{"line":174,"column":19},"end":{"line":174,"column":null}},{"start":{"line":175,"column":20},"end":{"line":182,"column":null}}],"line":174},"40":{"loc":{"start":{"line":178,"column":25},"end":{"line":178,"column":null}},"type":"binary-expr","locations":[{"start":{"line":178,"column":25},"end":{"line":178,"column":46}},{"start":{"line":178,"column":46},"end":{"line":178,"column":null}}],"line":178},"41":{"loc":{"start":{"line":179,"column":25},"end":{"line":179,"column":null}},"type":"binary-expr","locations":[{"start":{"line":179,"column":25},"end":{"line":179,"column":46}},{"start":{"line":179,"column":46},"end":{"line":179,"column":null}}],"line":179},"42":{"loc":{"start":{"line":180,"column":25},"end":{"line":180,"column":null}},"type":"binary-expr","locations":[{"start":{"line":180,"column":25},"end":{"line":180,"column":47}},{"start":{"line":180,"column":47},"end":{"line":180,"column":null}}],"line":180},"43":{"loc":{"start":{"line":188,"column":16},"end":{"line":188,"column":41}},"type":"binary-expr","locations":[{"start":{"line":188,"column":16},"end":{"line":188,"column":37}},{"start":{"line":188,"column":37},"end":{"line":188,"column":41}}],"line":188},"44":{"loc":{"start":{"line":195,"column":22},"end":{"line":195,"column":44}},"type":"binary-expr","locations":[{"start":{"line":195,"column":22},"end":{"line":195,"column":40}},{"start":{"line":195,"column":40},"end":{"line":195,"column":44}}],"line":195},"45":{"loc":{"start":{"line":202,"column":25},"end":{"line":203,"column":null}},"type":"binary-expr","locations":[{"start":{"line":202,"column":25},"end":{"line":202,"column":54}},{"start":{"line":202,"column":54},"end":{"line":202,"column":68}},{"start":{"line":202,"column":68},"end":{"line":202,"column":null}},{"start":{"line":203,"column":26},"end":{"line":203,"column":null}}],"line":202},"46":{"loc":{"start":{"line":203,"column":45},"end":{"line":203,"column":80}},"type":"binary-expr","locations":[{"start":{"line":203,"column":45},"end":{"line":203,"column":59}},{"start":{"line":203,"column":59},"end":{"line":203,"column":80}}],"line":203},"47":{"loc":{"start":{"line":153,"column":27},"end":{"line":153,"column":45}},"type":"binary-expr","locations":[{"start":{"line":153,"column":27},"end":{"line":153,"column":41}},{"start":{"line":153,"column":41},"end":{"line":153,"column":45}}],"line":153},"48":{"loc":{"start":{"line":214,"column":18},"end":{"line":214,"column":67}},"type":"cond-expr","locations":[{"start":{"line":214,"column":43},"end":{"line":214,"column":64}},{"start":{"line":214,"column":64},"end":{"line":214,"column":67}}],"line":214},"49":{"loc":{"start":{"line":218,"column":9},"end":{"line":221,"column":null}},"type":"binary-expr","locations":[{"start":{"line":220,"column":8},"end":{"line":220,"column":25}},{"start":{"line":220,"column":25},"end":{"line":220,"column":null}},{"start":{"line":221,"column":8},"end":{"line":221,"column":null}}],"line":218}},"s":{"0":12,"1":12,"2":53,"3":0,"4":53,"5":3,"6":50,"7":6,"8":4,"9":44,"10":12,"11":2,"12":2,"13":2,"14":2,"15":2,"16":1,"17":10,"18":10,"19":10,"20":10,"21":10,"22":10,"23":4,"24":4,"25":4,"26":4,"27":1,"28":1,"29":3,"30":3,"31":2,"32":3,"33":0,"34":4,"35":5,"36":4,"37":1,"38":10,"39":5,"40":5,"41":2,"42":3,"43":10,"44":12,"45":2,"46":2,"47":2,"48":2,"49":2,"50":2,"51":2,"52":2,"53":0,"54":0,"55":0,"56":2,"57":8,"58":0,"59":2,"60":2,"61":2,"62":2,"63":2,"64":2,"65":2,"66":2},"f":{"0":12,"1":4,"2":2,"3":1,"4":10,"5":10,"6":5,"7":4,"8":2,"9":12,"10":2,"11":0,"12":0,"13":0,"14":8,"15":0,"16":2,"17":2,"18":2,"19":2,"20":2},"b":{"0":[0,53],"1":[3,50],"2":[53,46,9],"3":[6,44],"4":[0,4],"5":[4,0],"6":[4,4],"7":[2,2],"8":[1,1],"9":[2,2],"10":[1,1],"11":[1,3],"12":[4,1],"13":[5,5],"14":[5,5],"15":[2,3],"16":[3,2],"17":[1,1],"18":[0,1],"19":[10,0],"20":[10,2],"21":[10,0],"22":[10,0],"23":[10,0],"24":[10,0],"25":[10,3,2],"26":[2,0],"27":[2,0],"28":[2,0],"29":[0,0],"30":[2,6],"31":[2,0],"32":[2,0],"33":[2,2],"34":[2,0],"35":[2,0],"36":[2,1],"37":[2,1],"38":[2,0],"39":[2,2],"40":[2,1],"41":[2,1],"42":[2,0],"43":[2,0],"44":[2,0],"45":[2,1,0,1],"46":[1,0],"47":[2,0],"48":[0,0],"49":[10,3,1]},"meta":{"lastBranch":50,"lastFunction":21,"lastStatement":67,"seen":{"f:13:9:13:18":0,"s:14:39:14:Infinity":0,"s:15:2:28:Infinity":1,"b:16:4:27:Infinity:18:4:27:Infinity":0,"s:16:4:27:Infinity":2,"s:17:6:17:Infinity":3,"b:18:4:27:Infinity:20:4:27:Infinity":1,"s:18:4:27:Infinity":4,"b:18:15:18:20:18:20:18:45:18:45:18:64":2,"s:19:6:19:Infinity":5,"b:20:4:27:Infinity:25:11:27:Infinity":3,"s:20:4:27:Infinity":6,"s:21:6:24:Infinity":7,"f:21:21:21:Infinity":1,"s:22:8:23:Infinity":8,"b:22:36:22:Infinity:23:8:23:Infinity":4,"b:23:43:23:87:23:87:23:Infinity":5,"b:23:8:23:16:23:16:23:43":6,"s:26:6:26:Infinity":9,"s:29:2:29:Infinity":10,"f:32:9:32:19":2,"s:33:30:33:Infinity":11,"s:34:16:34:Infinity":12,"s:35:20:35:Infinity":13,"b:35:20:35:40:35:40:35:Infinity":7,"s:36:18:36:Infinity":14,"b:36:30:36:61:36:61:36:Infinity":8,"s:37:2:45:Infinity":15,"b:40:7:40:Infinity:41:8:43:Infinity":9,"f:41:25:41:31":3,"s:41:31:41:55":16,"b:42:22:42:36:42:36:42:Infinity":10,"f:51:24:51:34":4,"s:52:8:52:Infinity":17,"f:52:36:52:41":5,"s:52:41:52:64":18,"s:53:20:53:Infinity":19,"s:54:34:54:Infinity":20,"s:55:38:55:Infinity":21,"s:57:2:73:Infinity":22,"f:57:12:57:18":6,"f:58:19:58:35":7,"s:59:6:70:Infinity":23,"s:60:14:60:Infinity":24,"s:61:23:61:Infinity":25,"b:62:8:62:Infinity:undefined:undefined:undefined:undefined":11,"s:62:8:62:Infinity":26,"s:62:32:62:54":27,"s:62:54:62:62":28,"s:63:29:63:Infinity":29,"s:64:25:64:Infinity":30,"f:64:47:64:53":8,"s:64:53:64:89":31,"s:65:8:65:Infinity":32,"s:67:8:67:Infinity":33,"s:69:8:69:Infinity":34,"b:72:4:72:Infinity:72:58:72:Infinity":12,"s:72:4:72:Infinity":35,"b:72:8:72:17:72:17:72:32":13,"s:72:34:72:51":36,"s:72:60:72:82":37,"b:75:2:77:Infinity:undefined:undefined:undefined:undefined":14,"s:75:2:77:Infinity":38,"s:76:4:76:Infinity":39,"b:78:2:80:Infinity:undefined:undefined:undefined:undefined":15,"s:78:2:80:Infinity":40,"s:79:4:79:Infinity":41,"s:82:24:82:Infinity":42,"b:82:24:82:39:82:39:82:Infinity":16,"b:82:65:82:76:82:76:82:Infinity":17,"b:82:103:82:115:82:115:82:Infinity":18,"s:84:2:223:Infinity":43,"b:93:48:93:65:93:65:93:75":19,"b:99:13:99:33:99:33:99:Infinity":20,"b:106:35:106:57:106:57:106:60":21,"b:107:36:107:59:107:59:107:62":22,"b:108:36:108:59:108:59:108:62":23,"b:109:37:109:61:109:61:109:64":24,"f:110:14:110:Infinity":9,"s:111:10:114:Infinity":44,"b:118:7:118:23:118:23:118:51:118:45:218:Infinity":25,"f:118:51:118:57":10,"s:119:31:119:Infinity":45,"s:120:8:124:Infinity":46,"s:121:10:123:Infinity":47,"b:121:26:121:41:121:41:121:45":26,"b:122:12:122:Infinity:undefined:undefined:undefined:undefined":27,"s:122:12:122:Infinity":48,"s:122:44:122:Infinity":49,"s:125:25:125:Infinity":50,"s:126:110:131:Infinity":51,"s:133:33:135:Infinity":52,"b:133:58:133:73:133:73:135:Infinity":28,"f:134:15:134:21":11,"s:134:21:134:101":53,"b:134:41:134:56:134:56:134:60":29,"f:134:67:134:72":12,"s:134:72:134:97":54,"f:135:18:135:23":13,"s:135:23:135:45":55,"s:137:8:217:Infinity":56,"f:139:23:139:Infinity":14,"s:140:14:149:Infinity":57,"f:142:25:142:31":15,"s:142:31:142:Infinity":58,"b:145:44:145:73:145:73:145:Infinity":30,"b:152:41:212:Infinity:213:12:215:Infinity":31,"f:152:62:152:63":16,"s:153:10:211:Infinity":59,"f:156:14:156:20":17,"s:157:20:160:Infinity":60,"b:157:30:157:51:157:51:157:55":32,"f:158:16:158:17":18,"s:158:29:158:Infinity":61,"b:158:52:158:69:158:69:158:74":33,"s:161:20:161:Infinity":62,"b:161:29:161:50:161:50:161:54":34,"s:162:31:162:Infinity":63,"b:162:43:162:87:162:87:162:Infinity":35,"s:163:14:184:Infinity":64,"b:165:19:165:Infinity:166:20:166:Infinity":36,"b:168:19:168:Infinity:169:20:169:Infinity":37,"b:171:19:171:Infinity:172:20:172:Infinity":38,"b:174:19:174:Infinity:175:20:182:Infinity":39,"b:178:25:178:46:178:46:178:Infinity":40,"b:179:25:179:46:179:46:179:Infinity":41,"b:180:25:180:47:180:47:180:Infinity":42,"b:188:16:188:37:188:37:188:41":43,"f:188:45:188:46":19,"s:189:16:208:Infinity":65,"b:195:22:195:40:195:40:195:44":44,"f:195:48:195:49":20,"s:196:22:205:Infinity":66,"b:202:25:202:54:202:54:202:68:202:68:202:Infinity:203:26:203:Infinity":45,"b:203:45:203:59:203:59:203:80":46,"b:153:27:153:41:153:41:153:45":47,"b:214:43:214:64:214:64:214:67":48,"b:220:8:220:25:220:25:220:Infinity:221:8:221:Infinity":49}}}
,"/home/ubuntu/.openclaw/workspace/projects/bdd-test-dashboard/src/app/project/[projectId]/run/[runId]/page.tsx": {"path":"/home/ubuntu/.openclaw/workspace/projects/bdd-test-dashboard/src/app/project/[projectId]/run/[runId]/page.tsx","statementMap":{"0":{"start":{"line":4,"column":2},"end":{"line":9,"column":null}},"1":{"start":{"line":13,"column":31},"end":{"line":13,"column":null}},"2":{"start":{"line":14,"column":2},"end":{"line":14,"column":null}}},"fnMap":{"0":{"name":"generateStaticParams","decl":{"start":{"line":3,"column":16},"end":{"line":3,"column":39}},"loc":{"start":{"line":3,"column":39},"end":{"line":10,"column":null}},"line":3},"1":{"name":"RunPage","decl":{"start":{"line":12,"column":30},"end":{"line":12,"column":38}},"loc":{"start":{"line":12,"column":109},"end":{"line":15,"column":null}},"line":12}},"branchMap":{},"s":{"0":2,"1":2,"2":2},"f":{"0":2,"1":2},"b":{},"meta":{"lastBranch":0,"lastFunction":2,"lastStatement":3,"seen":{"f:3:16:3:39":0,"s:4:2:9:Infinity":0,"f:12:30:12:38":1,"s:13:31:13:Infinity":1,"s:14:2:14:Infinity":2}}}
,"/home/ubuntu/.openclaw/workspace/projects/bdd-test-dashboard/src/components/dashboard-skeleton.tsx": {"path":"/home/ubuntu/.openclaw/workspace/projects/bdd-test-dashboard/src/components/dashboard-skeleton.tsx","statementMap":{"0":{"start":{"line":4,"column":2},"end":{"line":38,"column":null}},"1":{"start":{"line":9,"column":10},"end":{"line":12,"column":null}},"2":{"start":{"line":27,"column":12},"end":{"line":34,"column":null}}},"fnMap":{"0":{"name":"DashboardSkeleton","decl":{"start":{"line":3,"column":16},"end":{"line":3,"column":36}},"loc":{"start":{"line":3,"column":36},"end":{"line":40,"column":null}},"line":3},"1":{"name":"(anonymous_1)","decl":{"start":{"line":8,"column":39},"end":{"line":8,"column":40}},"loc":{"start":{"line":9,"column":10},"end":{"line":12,"column":null}},"line":9},"2":{"name":"(anonymous_2)","decl":{"start":{"line":26,"column":41},"end":{"line":26,"column":42}},"loc":{"start":{"line":27,"column":12},"end":{"line":34,"column":null}},"line":27}},"branchMap":{},"s":{"0":4,"1":16,"2":12},"f":{"0":4,"1":16,"2":12},"b":{},"meta":{"lastBranch":0,"lastFunction":3,"lastStatement":3,"seen":{"f:3:16:3:36":0,"s:4:2:38:Infinity":0,"f:8:39:8:40":1,"s:9:10:12:Infinity":1,"f:26:41:26:42":2,"s:27:12:34:Infinity":2}}}
,"/home/ubuntu/.openclaw/workspace/projects/bdd-test-dashboard/src/components/data-provider.tsx": {"path":"/home/ubuntu/.openclaw/workspace/projects/bdd-test-dashboard/src/components/data-provider.tsx","statementMap":{"0":{"start":{"line":10,"column":39},"end":{"line":10,"column":null}},"1":{"start":{"line":11,"column":2},"end":{"line":24,"column":null}},"2":{"start":{"line":12,"column":4},"end":{"line":23,"column":null}},"3":{"start":{"line":13,"column":6},"end":{"line":13,"column":null}},"4":{"start":{"line":14,"column":4},"end":{"line":23,"column":null}},"5":{"start":{"line":15,"column":6},"end":{"line":15,"column":null}},"6":{"start":{"line":16,"column":4},"end":{"line":23,"column":null}},"7":{"start":{"line":17,"column":6},"end":{"line":20,"column":null}},"8":{"start":{"line":18,"column":8},"end":{"line":19,"column":null}},"9":{"start":{"line":22,"column":6},"end":{"line":22,"column":null}},"10":{"start":{"line":25,"column":2},"end":{"line":25,"column":null}},"11":{"start":{"line":29,"column":8},"end":{"line":29,"column":null}},"12":{"start":{"line":31,"column":2},"end":{"line":117,"column":null}},"13":{"start":{"line":32,"column":18},"end":{"line":32,"column":null}},"14":{"start":{"line":33,"column":4},"end":{"line":33,"column":null}},"15":{"start":{"line":36,"column":4},"end":{"line":43,"column":null}},"16":{"start":{"line":37,"column":6},"end":{"line":37,"column":null}},"17":{"start":{"line":39,"column":22},"end":{"line":39,"column":null}},"18":{"start":{"line":40,"column":6},"end":{"line":40,"column":null}},"19":{"start":{"line":41,"column":6},"end":{"line":41,"column":null}},"20":{"start":{"line":42,"column":6},"end":{"line":42,"column":null}},"21":{"start":{"line":45,"column":24},"end":{"line":45,"column":null}},"22":{"start":{"line":46,"column":20},"end":{"line":46,"column":null}},"23":{"start":{"line":49,"column":6},"end":{"line":53,"column":null}},"24":{"start":{"line":50,"column":8},"end":{"line":50,"column":null}},"25":{"start":{"line":51,"column":8},"end":{"line":51,"column":null}},"26":{"start":{"line":52,"column":8},"end":{"line":52,"column":null}},"27":{"start":{"line":57,"column":10},"end":{"line":74,"column":null}},"28":{"start":{"line":60,"column":25},"end":{"line":60,"column":null}},"29":{"start":{"line":60,"column":49},"end":{"line":60,"column":107}},"30":{"start":{"line":61,"column":8},"end":{"line":61,"column":null}},"31":{"start":{"line":62,"column":8},"end":{"line":62,"column":null}},"32":{"start":{"line":63,"column":8},"end":{"line":63,"column":null}},"33":{"start":{"line":64,"column":8},"end":{"line":64,"column":null}},"34":{"start":{"line":65,"column":8},"end":{"line":65,"column":null}},"35":{"start":{"line":68,"column":8},"end":{"line":68,"column":null}},"36":{"start":{"line":69,"column":24},"end":{"line":69,"column":null}},"37":{"start":{"line":70,"column":8},"end":{"line":70,"column":null}},"38":{"start":{"line":71,"column":8},"end":{"line":71,"column":null}},"39":{"start":{"line":72,"column":8},"end":{"line":72,"column":null}},"40":{"start":{"line":77,"column":10},"end":{"line":77,"column":null}},"41":{"start":{"line":78,"column":10},"end":{"line":108,"column":null}},"42":{"start":{"line":81,"column":21},"end":{"line":81,"column":null}},"43":{"start":{"line":81,"column":45},"end":{"line":81,"column":103}},"44":{"start":{"line":82,"column":8},"end":{"line":82,"column":null}},"45":{"start":{"line":83,"column":8},"end":{"line":83,"column":null}},"46":{"start":{"line":84,"column":8},"end":{"line":84,"column":null}},"47":{"start":{"line":85,"column":8},"end":{"line":85,"column":null}},"48":{"start":{"line":88,"column":8},"end":{"line":88,"column":null}},"49":{"start":{"line":90,"column":14},"end":{"line":104,"column":null}},"50":{"start":{"line":93,"column":25},"end":{"line":93,"column":null}},"51":{"start":{"line":93,"column":45},"end":{"line":93,"column":103}},"52":{"start":{"line":94,"column":12},"end":{"line":94,"column":null}},"53":{"start":{"line":95,"column":12},"end":{"line":95,"column":null}},"54":{"start":{"line":96,"column":12},"end":{"line":96,"column":null}},"55":{"start":{"line":97,"column":12},"end":{"line":97,"column":null}},"56":{"start":{"line":100,"column":12},"end":{"line":100,"column":null}},"57":{"start":{"line":101,"column":12},"end":{"line":101,"column":null}},"58":{"start":{"line":102,"column":12},"end":{"line":102,"column":null}},"59":{"start":{"line":106,"column":8},"end":{"line":106,"column":null}},"60":{"start":{"line":110,"column":49},"end":{"line":110,"column":null}},"61":{"start":{"line":112,"column":4},"end":{"line":116,"column":null}},"62":{"start":{"line":113,"column":6},"end":{"line":113,"column":null}},"63":{"start":{"line":114,"column":6},"end":{"line":114,"column":null}},"64":{"start":{"line":115,"column":6},"end":{"line":115,"column":null}},"65":{"start":{"line":115,"column":29},"end":{"line":115,"column":null}},"66":{"start":{"line":119,"column":2},"end":{"line":119,"column":null}}},"fnMap":{"0":{"name":"sanitize","decl":{"start":{"line":9,"column":9},"end":{"line":9,"column":18}},"loc":{"start":{"line":9,"column":73},"end":{"line":26,"column":null}},"line":9},"1":{"name":"(anonymous_1)","decl":{"start":{"line":17,"column":21},"end":{"line":17,"column":null}},"loc":{"start":{"line":18,"column":8},"end":{"line":19,"column":null}},"line":18},"2":{"name":"DataProvider","decl":{"start":{"line":28,"column":16},"end":{"line":28,"column":29}},"loc":{"start":{"line":28,"column":74},"end":{"line":120,"column":null}},"line":28},"3":{"name":"(anonymous_3)","decl":{"start":{"line":31,"column":12},"end":{"line":31,"column":18}},"loc":{"start":{"line":31,"column":18},"end":{"line":117,"column":5}},"line":31},"4":{"name":"checkInitialLoad","decl":{"start":{"line":48,"column":13},"end":{"line":48,"column":32}},"loc":{"start":{"line":48,"column":32},"end":{"line":54,"column":null}},"line":48},"5":{"name":"(anonymous_5)","decl":{"start":{"line":59,"column":6},"end":{"line":59,"column":7}},"loc":{"start":{"line":59,"column":20},"end":{"line":66,"column":null}},"line":59},"6":{"name":"(anonymous_6)","decl":{"start":{"line":60,"column":43},"end":{"line":60,"column":49}},"loc":{"start":{"line":60,"column":49},"end":{"line":60,"column":107}},"line":60},"7":{"name":"(anonymous_7)","decl":{"start":{"line":67,"column":6},"end":{"line":67,"column":7}},"loc":{"start":{"line":67,"column":15},"end":{"line":73,"column":null}},"line":67},"8":{"name":"(anonymous_8)","decl":{"start":{"line":80,"column":6},"end":{"line":80,"column":7}},"loc":{"start":{"line":80,"column":20},"end":{"line":86,"column":null}},"line":80},"9":{"name":"(anonymous_9)","decl":{"start":{"line":81,"column":39},"end":{"line":81,"column":45}},"loc":{"start":{"line":81,"column":45},"end":{"line":81,"column":103}},"line":81},"10":{"name":"(anonymous_10)","decl":{"start":{"line":87,"column":6},"end":{"line":87,"column":7}},"loc":{"start":{"line":87,"column":15},"end":{"line":107,"column":null}},"line":87},"11":{"name":"(anonymous_11)","decl":{"start":{"line":92,"column":10},"end":{"line":92,"column":11}},"loc":{"start":{"line":92,"column":20},"end":{"line":98,"column":null}},"line":92},"12":{"name":"(anonymous_12)","decl":{"start":{"line":93,"column":39},"end":{"line":93,"column":45}},"loc":{"start":{"line":93,"column":45},"end":{"line":93,"column":103}},"line":93},"13":{"name":"(anonymous_13)","decl":{"start":{"line":99,"column":10},"end":{"line":99,"column":16}},"loc":{"start":{"line":99,"column":16},"end":{"line":103,"column":null}},"line":99},"14":{"name":"(anonymous_14)","decl":{"start":{"line":112,"column":11},"end":{"line":112,"column":17}},"loc":{"start":{"line":112,"column":17},"end":{"line":116,"column":null}},"line":112}},"branchMap":{"0":{"loc":{"start":{"line":12,"column":4},"end":{"line":23,"column":null}},"type":"if","locations":[{"start":{"line":12,"column":4},"end":{"line":23,"column":null}},{"start":{"line":14,"column":4},"end":{"line":23,"column":null}}],"line":12},"1":{"loc":{"start":{"line":14,"column":4},"end":{"line":23,"column":null}},"type":"if","locations":[{"start":{"line":14,"column":4},"end":{"line":23,"column":null}},{"start":{"line":16,"column":4},"end":{"line":23,"column":null}}],"line":14},"2":{"loc":{"start":{"line":14,"column":15},"end":{"line":14,"column":64}},"type":"binary-expr","locations":[{"start":{"line":14,"column":15},"end":{"line":14,"column":20}},{"start":{"line":14,"column":20},"end":{"line":14,"column":45}},{"start":{"line":14,"column":45},"end":{"line":14,"column":64}}],"line":14},"3":{"loc":{"start":{"line":16,"column":4},"end":{"line":23,"column":null}},"type":"if","locations":[{"start":{"line":16,"column":4},"end":{"line":23,"column":null}},{"start":{"line":21,"column":11},"end":{"line":23,"column":null}}],"line":16},"4":{"loc":{"start":{"line":18,"column":8},"end":{"line":19,"column":null}},"type":"cond-expr","locations":[{"start":{"line":18,"column":36},"end":{"line":18,"column":null}},{"start":{"line":19,"column":8},"end":{"line":19,"column":null}}],"line":18},"5":{"loc":{"start":{"line":19,"column":8},"end":{"line":19,"column":null}},"type":"cond-expr","locations":[{"start":{"line":19,"column":43},"end":{"line":19,"column":87}},{"start":{"line":19,"column":87},"end":{"line":19,"column":null}}],"line":19},"6":{"loc":{"start":{"line":19,"column":8},"end":{"line":19,"column":43}},"type":"binary-expr","locations":[{"start":{"line":19,"column":8},"end":{"line":19,"column":16}},{"start":{"line":19,"column":16},"end":{"line":19,"column":43}}],"line":19},"7":{"loc":{"start":{"line":39,"column":22},"end":{"line":39,"column":null}},"type":"cond-expr","locations":[{"start":{"line":39,"column":45},"end":{"line":39,"column":59}},{"start":{"line":39,"column":59},"end":{"line":39,"column":null}}],"line":39},"8":{"loc":{"start":{"line":49,"column":6},"end":{"line":53,"column":null}},"type":"if","locations":[{"start":{"line":49,"column":6},"end":{"line":53,"column":null}},{"start":{},"end":{}}],"line":49},"9":{"loc":{"start":{"line":49,"column":10},"end":{"line":49,"column":61}},"type":"binary-expr","locations":[{"start":{"line":49,"column":10},"end":{"line":49,"column":27}},{"start":{"line":49,"column":27},"end":{"line":49,"column":40}},{"start":{"line":49,"column":40},"end":{"line":49,"column":61}}],"line":49},"10":{"loc":{"start":{"line":69,"column":24},"end":{"line":69,"column":null}},"type":"cond-expr","locations":[{"start":{"line":69,"column":47},"end":{"line":69,"column":61}},{"start":{"line":69,"column":61},"end":{"line":69,"column":null}}],"line":69},"11":{"loc":{"start":{"line":115,"column":6},"end":{"line":115,"column":null}},"type":"if","locations":[{"start":{"line":115,"column":6},"end":{"line":115,"column":null}},{"start":{},"end":{}}],"line":115}},"s":{"0":6,"1":6,"2":13,"3":3,"4":10,"5":1,"6":9,"7":1,"8":3,"9":8,"10":6,"11":7,"12":7,"13":7,"14":7,"15":7,"16":7,"17":0,"18":0,"19":0,"20":0,"21":7,"22":7,"23":12,"24":6,"25":6,"26":6,"27":7,"28":4,"29":2,"30":4,"31":4,"32":4,"33":4,"34":4,"35":2,"36":2,"37":2,"38":2,"39":2,"40":7,"41":7,"42":4,"43":1,"44":4,"45":4,"46":4,"47":4,"48":2,"49":2,"50":1,"51":1,"52":1,"53":1,"54":1,"55":1,"56":1,"57":1,"58":1,"59":2,"60":7,"61":7,"62":7,"63":7,"64":7,"65":2,"66":7},"f":{"0":6,"1":3,"2":7,"3":7,"4":12,"5":4,"6":2,"7":2,"8":4,"9":1,"10":2,"11":1,"12":1,"13":1,"14":7},"b":{"0":[3,10],"1":[1,9],"2":[10,10,2],"3":[1,8],"4":[1,2],"5":[1,1],"6":[2,2],"7":[0,0],"8":[6,6],"9":[12,12,6],"10":[1,1],"11":[2,5]},"meta":{"lastBranch":12,"lastFunction":15,"lastStatement":67,"seen":{"f:9:9:9:18":0,"s:10:39:10:Infinity":0,"s:11:2:24:Infinity":1,"b:12:4:23:Infinity:14:4:23:Infinity":0,"s:12:4:23:Infinity":2,"s:13:6:13:Infinity":3,"b:14:4:23:Infinity:16:4:23:Infinity":1,"s:14:4:23:Infinity":4,"b:14:15:14:20:14:20:14:45:14:45:14:64":2,"s:15:6:15:Infinity":5,"b:16:4:23:Infinity:21:11:23:Infinity":3,"s:16:4:23:Infinity":6,"s:17:6:20:Infinity":7,"f:17:21:17:Infinity":1,"s:18:8:19:Infinity":8,"b:18:36:18:Infinity:19:8:19:Infinity":4,"b:19:43:19:87:19:87:19:Infinity":5,"b:19:8:19:16:19:16:19:43":6,"s:22:6:22:Infinity":9,"s:25:2:25:Infinity":10,"f:28:16:28:29":2,"s:29:8:29:Infinity":11,"s:31:2:117:Infinity":12,"f:31:12:31:18":3,"s:32:18:32:Infinity":13,"s:33:4:33:Infinity":14,"s:36:4:43:Infinity":15,"s:37:6:37:Infinity":16,"s:39:22:39:Infinity":17,"b:39:45:39:59:39:59:39:Infinity":7,"s:40:6:40:Infinity":18,"s:41:6:41:Infinity":19,"s:42:6:42:Infinity":20,"s:45:24:45:Infinity":21,"s:46:20:46:Infinity":22,"f:48:13:48:32":4,"b:49:6:53:Infinity:undefined:undefined:undefined:undefined":8,"s:49:6:53:Infinity":23,"b:49:10:49:27:49:27:49:40:49:40:49:61":9,"s:50:8:50:Infinity":24,"s:51:8:51:Infinity":25,"s:52:8:52:Infinity":26,"s:57:10:74:Infinity":27,"f:59:6:59:7":5,"s:60:25:60:Infinity":28,"f:60:43:60:49":6,"s:60:49:60:107":29,"s:61:8:61:Infinity":30,"s:62:8:62:Infinity":31,"s:63:8:63:Infinity":32,"s:64:8:64:Infinity":33,"s:65:8:65:Infinity":34,"f:67:6:67:7":7,"s:68:8:68:Infinity":35,"s:69:24:69:Infinity":36,"b:69:47:69:61:69:61:69:Infinity":10,"s:70:8:70:Infinity":37,"s:71:8:71:Infinity":38,"s:72:8:72:Infinity":39,"s:77:10:77:Infinity":40,"s:78:10:108:Infinity":41,"f:80:6:80:7":8,"s:81:21:81:Infinity":42,"f:81:39:81:45":9,"s:81:45:81:103":43,"s:82:8:82:Infinity":44,"s:83:8:83:Infinity":45,"s:84:8:84:Infinity":46,"s:85:8:85:Infinity":47,"f:87:6:87:7":10,"s:88:8:88:Infinity":48,"s:90:14:104:Infinity":49,"f:92:10:92:11":11,"s:93:25:93:Infinity":50,"f:93:39:93:45":12,"s:93:45:93:103":51,"s:94:12:94:Infinity":52,"s:95:12:95:Infinity":53,"s:96:12:96:Infinity":54,"s:97:12:97:Infinity":55,"f:99:10:99:16":13,"s:100:12:100:Infinity":56,"s:101:12:101:Infinity":57,"s:102:12:102:Infinity":58,"s:106:8:106:Infinity":59,"s:110:49:110:Infinity":60,"s:112:4:116:Infinity":61,"f:112:11:112:17":14,"s:113:6:113:Infinity":62,"s:114:6:114:Infinity":63,"b:115:6:115:Infinity:undefined:undefined:undefined:undefined":11,"s:115:6:115:Infinity":64,"s:115:29:115:Infinity":65,"s:119:2:119:Infinity":66}}}
,"/home/ubuntu/.openclaw/workspace/projects/bdd-test-dashboard/src/components/error-boundary.tsx": {"path":"/home/ubuntu/.openclaw/workspace/projects/bdd-test-dashboard/src/components/error-boundary.tsx","statementMap":{"0":{"start":{"line":9,"column":4},"end":{"line":9,"column":null}},"1":{"start":{"line":10,"column":4},"end":{"line":10,"column":null}},"2":{"start":{"line":13,"column":4},"end":{"line":13,"column":null}},"3":{"start":{"line":16,"column":4},"end":{"line":37,"column":null}},"4":{"start":{"line":17,"column":6},"end":{"line":35,"column":null}},"5":{"start":{"line":23,"column":29},"end":{"line":23,"column":null}},"6":{"start":{"line":29,"column":29},"end":{"line":29,"column":null}},"7":{"start":{"line":38,"column":4},"end":{"line":38,"column":null}}},"fnMap":{"0":{"name":"(anonymous_0)","decl":{"start":{"line":8,"column":2},"end":{"line":8,"column":14}},"loc":{"start":{"line":8,"column":28},"end":{"line":11,"column":null}},"line":8},"1":{"name":"(anonymous_1)","decl":{"start":{"line":12,"column":9},"end":{"line":12,"column":34}},"loc":{"start":{"line":12,"column":48},"end":{"line":14,"column":null}},"line":12},"2":{"name":"(anonymous_2)","decl":{"start":{"line":15,"column":2},"end":{"line":15,"column":11}},"loc":{"start":{"line":15,"column":11},"end":{"line":39,"column":null}},"line":15},"3":{"name":"(anonymous_3)","decl":{"start":{"line":23,"column":23},"end":{"line":23,"column":29}},"loc":{"start":{"line":23,"column":29},"end":{"line":23,"column":null}},"line":23},"4":{"name":"(anonymous_4)","decl":{"start":{"line":29,"column":23},"end":{"line":29,"column":29}},"loc":{"start":{"line":29,"column":29},"end":{"line":29,"column":null}},"line":29}},"branchMap":{"0":{"loc":{"start":{"line":16,"column":4},"end":{"line":37,"column":null}},"type":"if","locations":[{"start":{"line":16,"column":4},"end":{"line":37,"column":null}},{"start":{},"end":{}}],"line":16}},"s":{"0":8,"1":8,"2":6,"3":13,"4":6,"5":0,"6":1,"7":7},"f":{"0":8,"1":1,"2":13,"3":0,"4":1},"b":{"0":[6,7]},"meta":{"lastBranch":1,"lastFunction":5,"lastStatement":8,"seen":{"f:8:2:8:14":0,"s:9:4:9:Infinity":0,"s:10:4:10:Infinity":1,"f:12:9:12:34":1,"s:13:4:13:Infinity":2,"f:15:2:15:11":2,"b:16:4:37:Infinity:undefined:undefined:undefined:undefined":0,"s:16:4:37:Infinity":3,"s:17:6:35:Infinity":4,"f:23:23:23:29":3,"s:23:29:23:Infinity":5,"f:29:23:29:29":4,"s:29:29:29:Infinity":6,"s:38:4:38:Infinity":7}}}
,"/home/ubuntu/.openclaw/workspace/projects/bdd-test-dashboard/src/components/header.tsx": {"path":"/home/ubuntu/.openclaw/workspace/projects/bdd-test-dashboard/src/components/header.tsx","statementMap":{"0":{"start":{"line":9,"column":2},"end":{"line":18,"column":null}},"1":{"start":{"line":10,"column":4},"end":{"line":10,"column":null}},"2":{"start":{"line":10,"column":14},"end":{"line":10,"column":null}},"3":{"start":{"line":11,"column":17},"end":{"line":11,"column":null}},"4":{"start":{"line":12,"column":4},"end":{"line":12,"column":null}},"5":{"start":{"line":12,"column":19},"end":{"line":12,"column":null}},"6":{"start":{"line":13,"column":4},"end":{"line":13,"column":null}},"7":{"start":{"line":13,"column":19},"end":{"line":13,"column":null}},"8":{"start":{"line":14,"column":17},"end":{"line":14,"column":null}},"9":{"start":{"line":15,"column":4},"end":{"line":15,"column":null}},"10":{"start":{"line":15,"column":19},"end":{"line":15,"column":null}},"11":{"start":{"line":16,"column":16},"end":{"line":16,"column":null}},"12":{"start":{"line":17,"column":4},"end":{"line":17,"column":null}},"13":{"start":{"line":22,"column":60},"end":{"line":22,"column":null}},"14":{"start":{"line":23,"column":18},"end":{"line":23,"column":null}},"15":{"start":{"line":25,"column":2},"end":{"line":60,"column":null}},"16":{"start":{"line":43,"column":29},"end":{"line":43,"column":52}},"17":{"start":{"line":43,"column":43},"end":{"line":43,"column":52}}},"fnMap":{"0":{"name":"useRelativeTime","decl":{"start":{"line":8,"column":9},"end":{"line":8,"column":25}},"loc":{"start":{"line":8,"column":45},"end":{"line":19,"column":null}},"line":8},"1":{"name":"(anonymous_1)","decl":{"start":{"line":9,"column":17},"end":{"line":9,"column":23}},"loc":{"start":{"line":9,"column":23},"end":{"line":18,"column":5}},"line":9},"2":{"name":"Header","decl":{"start":{"line":21,"column":16},"end":{"line":21,"column":25}},"loc":{"start":{"line":21,"column":25},"end":{"line":62,"column":null}},"line":21},"3":{"name":"(anonymous_3)","decl":{"start":{"line":43,"column":21},"end":{"line":43,"column":27}},"loc":{"start":{"line":43,"column":27},"end":{"line":43,"column":null}},"line":43}},"branchMap":{"0":{"loc":{"start":{"line":10,"column":4},"end":{"line":10,"column":null}},"type":"if","locations":[{"start":{"line":10,"column":4},"end":{"line":10,"column":null}},{"start":{},"end":{}}],"line":10},"1":{"loc":{"start":{"line":12,"column":4},"end":{"line":12,"column":null}},"type":"if","locations":[{"start":{"line":12,"column":4},"end":{"line":12,"column":null}},{"start":{},"end":{}}],"line":12},"2":{"loc":{"start":{"line":13,"column":4},"end":{"line":13,"column":null}},"type":"if","locations":[{"start":{"line":13,"column":4},"end":{"line":13,"column":null}},{"start":{},"end":{}}],"line":13},"3":{"loc":{"start":{"line":15,"column":4},"end":{"line":15,"column":null}},"type":"if","locations":[{"start":{"line":15,"column":4},"end":{"line":15,"column":null}},{"start":{},"end":{}}],"line":15},"4":{"loc":{"start":{"line":38,"column":11},"end":{"line":39,"column":null}},"type":"binary-expr","locations":[{"start":{"line":38,"column":11},"end":{"line":38,"column":null}},{"start":{"line":39,"column":12},"end":{"line":39,"column":null}}],"line":38},"5":{"loc":{"start":{"line":43,"column":29},"end":{"line":43,"column":52}},"type":"if","locations":[{"start":{"line":43,"column":29},"end":{"line":43,"column":52}},{"start":{},"end":{}}],"line":43},"6":{"loc":{"start":{"line":48,"column":45},"end":{"line":48,"column":74}},"type":"cond-expr","locations":[{"start":{"line":48,"column":55},"end":{"line":48,"column":72}},{"start":{"line":48,"column":72},"end":{"line":48,"column":74}}],"line":48},"7":{"loc":{"start":{"line":56,"column":13},"end":{"line":56,"column":null}},"type":"cond-expr","locations":[{"start":{"line":56,"column":32},"end":{"line":56,"column":62}},{"start":{"line":56,"column":62},"end":{"line":56,"column":null}}],"line":56}},"s":{"0":14,"1":14,"2":10,"3":4,"4":4,"5":1,"6":3,"7":3,"8":2,"9":2,"10":2,"11":1,"12":1,"13":14,"14":14,"15":14,"16":1,"17":1},"f":{"0":14,"1":14,"2":14,"3":1},"b":{"0":[10,4],"1":[1,3],"2":[1,2],"3":[1,1],"4":[14,4],"5":[1,0],"6":[2,12],"7":[13,1]},"meta":{"lastBranch":8,"lastFunction":4,"lastStatement":18,"seen":{"f:8:9:8:25":0,"s:9:2:18:Infinity":0,"f:9:17:9:23":1,"b:10:4:10:Infinity:undefined:undefined:undefined:undefined":0,"s:10:4:10:Infinity":1,"s:10:14:10:Infinity":2,"s:11:17:11:Infinity":3,"b:12:4:12:Infinity:undefined:undefined:undefined:undefined":1,"s:12:4:12:Infinity":4,"s:12:19:12:Infinity":5,"b:13:4:13:Infinity:undefined:undefined:undefined:undefined":2,"s:13:4:13:Infinity":6,"s:13:19:13:Infinity":7,"s:14:17:14:Infinity":8,"b:15:4:15:Infinity:undefined:undefined:undefined:undefined":3,"s:15:4:15:Infinity":9,"s:15:19:15:Infinity":10,"s:16:16:16:Infinity":11,"s:17:4:17:Infinity":12,"f:21:16:21:25":2,"s:22:60:22:Infinity":13,"s:23:18:23:Infinity":14,"s:25:2:60:Infinity":15,"b:38:11:38:Infinity:39:12:39:Infinity":4,"f:43:21:43:27":3,"b:43:29:43:52:undefined:undefined:undefined:undefined":5,"s:43:29:43:52":16,"s:43:43:43:52":17,"b:48:55:48:72:48:72:48:74":6,"b:56:32:56:62:56:62:56:Infinity":7}}}
,"/home/ubuntu/.openclaw/workspace/projects/bdd-test-dashboard/src/components/project-cards.tsx": {"path":"/home/ubuntu/.openclaw/workspace/projects/bdd-test-dashboard/src/components/project-cards.tsx","statementMap":{"0":{"start":{"line":9,"column":8},"end":{"line":9,"column":null}},"1":{"start":{"line":9,"column":42},"end":{"line":9,"column":52}},"2":{"start":{"line":10,"column":8},"end":{"line":10,"column":null}},"3":{"start":{"line":10,"column":38},"end":{"line":10,"column":44}},"4":{"start":{"line":12,"column":2},"end":{"line":12,"column":null}},"5":{"start":{"line":12,"column":29},"end":{"line":12,"column":null}},"6":{"start":{"line":14,"column":2},"end":{"line":83,"column":null}},"7":{"start":{"line":19,"column":28},"end":{"line":19,"column":null}},"8":{"start":{"line":19,"column":43},"end":{"line":19,"column":63}},"9":{"start":{"line":20,"column":23},"end":{"line":22,"column":null}},"10":{"start":{"line":25,"column":28},"end":{"line":25,"column":null}},"11":{"start":{"line":26,"column":10},"end":{"line":35,"column":null}},"12":{"start":{"line":27,"column":55},"end":{"line":27,"column":null}},"13":{"start":{"line":28,"column":12},"end":{"line":34,"column":null}},"14":{"start":{"line":29,"column":14},"end":{"line":29,"column":null}},"15":{"start":{"line":30,"column":12},"end":{"line":34,"column":null}},"16":{"start":{"line":31,"column":14},"end":{"line":31,"column":null}},"17":{"start":{"line":32,"column":12},"end":{"line":34,"column":null}},"18":{"start":{"line":33,"column":14},"end":{"line":33,"column":null}},"19":{"start":{"line":36,"column":10},"end":{"line":79,"column":null}}},"fnMap":{"0":{"name":"ProjectCards","decl":{"start":{"line":8,"column":16},"end":{"line":8,"column":31}},"loc":{"start":{"line":8,"column":31},"end":{"line":85,"column":null}},"line":8},"1":{"name":"(anonymous_1)","decl":{"start":{"line":9,"column":37},"end":{"line":9,"column":42}},"loc":{"start":{"line":9,"column":42},"end":{"line":9,"column":52}},"line":9},"2":{"name":"(anonymous_2)","decl":{"start":{"line":10,"column":33},"end":{"line":10,"column":38}},"loc":{"start":{"line":10,"column":38},"end":{"line":10,"column":44}},"line":10},"3":{"name":"(anonymous_3)","decl":{"start":{"line":18,"column":22},"end":{"line":18,"column":23}},"loc":{"start":{"line":18,"column":32},"end":{"line":81,"column":9}},"line":18},"4":{"name":"(anonymous_4)","decl":{"start":{"line":19,"column":38},"end":{"line":19,"column":43}},"loc":{"start":{"line":19,"column":43},"end":{"line":19,"column":63}},"line":19}},"branchMap":{"0":{"loc":{"start":{"line":12,"column":2},"end":{"line":12,"column":null}},"type":"if","locations":[{"start":{"line":12,"column":2},"end":{"line":12,"column":null}},{"start":{},"end":{}}],"line":12},"1":{"loc":{"start":{"line":20,"column":23},"end":{"line":22,"column":null}},"type":"cond-expr","locations":[{"start":{"line":21,"column":14},"end":{"line":21,"column":null}},{"start":{"line":22,"column":14},"end":{"line":22,"column":null}}],"line":20},"2":{"loc":{"start":{"line":26,"column":10},"end":{"line":35,"column":null}},"type":"if","locations":[{"start":{"line":26,"column":10},"end":{"line":35,"column":null}},{"start":{},"end":{}}],"line":26},"3":{"loc":{"start":{"line":28,"column":12},"end":{"line":34,"column":null}},"type":"if","locations":[{"start":{"line":28,"column":12},"end":{"line":34,"column":null}},{"start":{"line":30,"column":12},"end":{"line":34,"column":null}}],"line":28},"4":{"loc":{"start":{"line":30,"column":12},"end":{"line":34,"column":null}},"type":"if","locations":[{"start":{"line":30,"column":12},"end":{"line":34,"column":null}},{"start":{"line":32,"column":12},"end":{"line":34,"column":null}}],"line":30},"5":{"loc":{"start":{"line":32,"column":12},"end":{"line":34,"column":null}},"type":"if","locations":[{"start":{"line":32,"column":12},"end":{"line":34,"column":null}},{"start":{},"end":{}}],"line":32},"6":{"loc":{"start":{"line":32,"column":23},"end":{"line":32,"column":54}},"type":"binary-expr","locations":[{"start":{"line"
[...]
d":{"line":24,"column":null}},"19":{"start":{"line":25,"column":15},"end":{"line":25,"column":null}},"20":{"start":{"line":26,"column":2},"end":{"line":26,"column":null}},"21":{"start":{"line":26,"column":17},"end":{"line":26,"column":null}},"22":{"start":{"line":27,"column":2},"end":{"line":27,"column":null}},"23":{"start":{"line":31,"column":2},"end":{"line":31,"column":null}},"24":{"start":{"line":35,"column":2},"end":{"line":35,"column":null}},"25":{"start":{"line":39,"column":2},"end":{"line":44,"column":null}},"26":{"start":{"line":40,"column":19},"end":{"line":40,"column":null}},"27":{"start":{"line":41,"column":19},"end":{"line":41,"column":null}},"28":{"start":{"line":42,"column":20},"end":{"line":42,"column":null}},"29":{"start":{"line":43,"column":13},"end":{"line":43,"column":null}},"30":{"start":{"line":48,"column":2},"end":{"line":55,"column":null}},"31":{"start":{"line":49,"column":19},"end":{"line":49,"column":null}},"32":{"start":{"line":50,"column":19},"end":{"line":50,"column":null}},"33":{"start":{"line":51,"column":20},"end":{"line":51,"column":null}},"34":{"start":{"line":52,"column":20},"end":{"line":52,"column":null}},"35":{"start":{"line":53,"column":20},"end":{"line":53,"column":null}},"36":{"start":{"line":54,"column":13},"end":{"line":54,"column":null}}},"fnMap":{"0":{"name":"cn","decl":{"start":{"line":4,"column":16},"end":{"line":4,"column":22}},"loc":{"start":{"line":4,"column":44},"end":{"line":6,"column":null}},"line":4},"1":{"name":"formatDuration","decl":{"start":{"line":8,"column":16},"end":{"line":8,"column":31}},"loc":{"start":{"line":8,"column":51},"end":{"line":15,"column":null}},"line":8},"2":{"name":"formatRelativeTime","decl":{"start":{"line":17,"column":16},"end":{"line":17,"column":35}},"loc":{"start":{"line":17,"column":56},"end":{"line":28,"column":null}},"line":17},"3":{"name":"formatDate","decl":{"start":{"line":30,"column":16},"end":{"line":30,"column":27}},"loc":{"start":{"line":30,"column":48},"end":{"line":32,"column":null}},"line":30},"4":{"name":"formatTime","decl":{"start":{"line":34,"column":16},"end":{"line":34,"column":27}},"loc":{"start":{"line":34,"column":48},"end":{"line":36,"column":null}},"line":34},"5":{"name":"statusColor","decl":{"start":{"line":38,"column":16},"end":{"line":38,"column":28}},"loc":{"start":{"line":38,"column":52},"end":{"line":45,"column":null}},"line":38},"6":{"name":"statusBg","decl":{"start":{"line":47,"column":16},"end":{"line":47,"column":25}},"loc":{"start":{"line":47,"column":49},"end":{"line":56,"column":null}},"line":47}},"branchMap":{"0":{"loc":{"start":{"line":9,"column":2},"end":{"line":9,"column":null}},"type":"if","locations":[{"start":{"line":9,"column":2},"end":{"line":9,"column":null}},{"start":{},"end":{}}],"line":9},"1":{"loc":{"start":{"line":11,"column":2},"end":{"line":11,"column":null}},"type":"if","locations":[{"start":{"line":11,"column":2},"end":{"line":11,"column":null}},{"start":{},"end":{}}],"line":11},"2":{"loc":{"start":{"line":20,"column":2},"end":{"line":20,"column":null}},"type":"if","locations":[{"start":{"line":20,"column":2},"end":{"line":20,"column":null}},{"start":{},"end":{}}],"line":20},"3":{"loc":{"start":{"line":22,"column":2},"end":{"line":22,"column":null}},"type":"if","locations":[{"start":{"line":22,"column":2},"end":{"line":22,"column":null}},{"start":{},"end":{}}],"line":22},"4":{"loc":{"start":{"line":24,"column":2},"end":{"line":24,"column":null}},"type":"if","locations":[{"start":{"line":24,"column":2},"end":{"line":24,"column":null}},{"start":{},"end":{}}],"line":24},"5":{"loc":{"start":{"line":26,"column":2},"end":{"line":26,"column":null}},"type":"if","locations":[{"start":{"line":26,"column":2},"end":{"line":26,"column":null}},{"start":{},"end":{}}],"line":26},"6":{"loc":{"start":{"line":39,"column":2},"end":{"line":44,"column":null}},"type":"switch","locations":[{"start":{"line":40,"column":4},"end":{"line":40,"column":null}},{"start":{"line":41,"column":4},"end":{"line":41,"column":null}},{"start":{"line":42,"column":4},"end":{"line":42,"column":null}},{"start":{"line":43,"column":4},"end":{"line":43,"column":null}}],"line":39},"7":{"loc":{"start":{"line":48,"column":2},"end":{"line":55,"column":null}},"type":"switch","locations":[{"start":{"line":49,"column":4},"end":{"line":49,"column":null}},{"start":{"line":50,"column":4},"end":{"line":50,"column":null}},{"start":{"line":51,"column":4},"end":{"line":51,"column":null}},{"start":{"line":52,"column":4},"end":{"line":52,"column":null}},{"start":{"line":53,"column":4},"end":{"line":53,"column":null}},{"start":{"line":54,"column":4},"end":{"line":54,"column":null}}],"line":48}},"s":{"0":450,"1":37,"2":2,"3":35,"4":35,"5":35,"6":2,"7":2,"8":2,"9":9,"10":9,"11":9,"12":5,"13":4,"14":4,"15":1,"16":3,"17":3,"18":1,"19":2,"20":2,"21":1,"22":1,"23":34,"24":33,"25":6,"26":2,"27":2,"28":1,"29":1,"30":40,"31":25,"32":10,"33":2,"34":1,"35":1,"36":1},"f":{"0":450,"1":37,"2":9,"3":34,"4":33,"5":6,"6":40},"b":{"0":[2,35],"1":[33,2],"2":[5,4],"3":[1,3],"4":[1,2],"5":[1,1],"6":[2,2,1,1],"7":[25,10,2,1,1,1]},"meta":{"lastBranch":8,"lastFunction":7,"lastStatement":37,"seen":{"f:4:16:4:22":0,"s:5:2:5:Infinity":0,"f:8:16:8:31":1,"b:9:2:9:Infinity:undefined:undefined:undefined:undefined":0,"s:9:2:9:Infinity":1,"s:9:17:9:Infinity":2,"s:10:12:10:Infinity":3,"b:11:2:11:Infinity:undefined:undefined:undefined:undefined":1,"s:11:2:11:Infinity":4,"s:11:14:11:Infinity":5,"s:12:12:12:Infinity":6,"s:13:14:13:Infinity":7,"s:14:2:14:Infinity":8,"f:17:16:17:35":2,"s:18:15:18:Infinity":9,"s:19:18:19:Infinity":10,"b:20:2:20:Infinity:undefined:undefined:undefined:undefined":2,"s:20:2:20:Infinity":11,"s:20:20:20:Infinity":12,"s:21:18:21:Infinity":13,"b:22:2:22:Infinity:undefined:undefined:undefined:undefined":3,"s:22:2:22:Infinity":14,"s:22:20:22:Infinity":15,"s:23:16:23:Infinity":16,"b:24:2:24:Infinity:undefined:undefined:undefined:undefined":4,"s:24:2:24:Infinity":17,"s:24:18:24:Infinity":18,"s:25:15:25:Infinity":19,"b:26:2:26:Infinity:undefined:undefined:undefined:undefined":5,"s:26:2:26:Infinity":20,"s:26:17:26:Infinity":21,"s:27:2:27:Infinity":22,"f:30:16:30:27":3,"s:31:2:31:Infinity":23,"f:34:16:34:27":4,"s:35:2:35:Infinity":24,"f:38:16:38:28":5,"b:40:4:40:Infinity:41:4:41:Infinity:42:4:42:Infinity:43:4:43:Infinity":6,"s:39:2:44:Infinity":25,"s:40:19:40:Infinity":26,"s:41:19:41:Infinity":27,"s:42:20:42:Infinity":28,"s:43:13:43:Infinity":29,"f:47:16:47:25":6,"b:49:4:49:Infinity:50:4:50:Infinity:51:4:51:Infinity:52:4:52:Infinity:53:4:53:Infinity:54:4:54:Infinity":7,"s:48:2:55:Infinity":30,"s:49:19:49:Infinity":31,"s:50:19:50:Infinity":32,"s:51:20:51:Infinity":33,"s:52:20:52:Infinity":34,"s:53:20:53:Infinity":35,"s:54:13:54:Infinity":36}}}
,"/home/ubuntu/.openclaw/workspace/projects/bdd-test-dashboard/src/store/use-dashboard-store.ts": {"path":"/home/ubuntu/.openclaw/workspace/projects/bdd-test-dashboard/src/store/use-dashboard-store.ts","statementMap":{"0":{"start":{"line":79,"column":13},"end":{"line":140,"column":null}},"1":{"start":{"line":79,"column":71},"end":{"line":140,"column":2}},"2":{"start":{"line":85,"column":18},"end":{"line":85,"column":123}},"3":{"start":{"line":85,"column":24},"end":{"line":85,"column":87}},"4":{"start":{"line":85,"column":97},"end":{"line":85,"column":121}},"5":{"start":{"line":86,"column":21},"end":{"line":90,"column":null}},"6":{"start":{"line":87,"column":17},"end":{"line":87,"column":null}},"7":{"start":{"line":88,"column":4},"end":{"line":88,"column":null}},"8":{"start":{"line":88,"column":10},"end":{"line":88,"column":51}},"9":{"start":{"line":89,"column":4},"end":{"line":89,"column":null}},"10":{"start":{"line":91,"column":29},"end":{"line":91,"column":null}},"11":{"start":{"line":92,"column":21},"end":{"line":92,"column":null}},"12":{"start":{"line":93,"column":27},"end":{"line":93,"column":null}},"13":{"start":{"line":94,"column":23},"end":{"line":94,"column":null}},"14":{"start":{"line":95,"column":28},"end":{"line":95,"column":null}},"15":{"start":{"line":97,"column":15},"end":{"line":97,"column":null}},"16":{"start":{"line":97,"column":25},"end":{"line":97,"column":86}},"17":{"start":{"line":98,"column":22},"end":{"line":98,"column":null}},"18":{"start":{"line":98,"column":47},"end":{"line":98,"column":58}},"19":{"start":{"line":99,"column":32},"end":{"line":99,"column":null}},"20":{"start":{"line":99,"column":53},"end":{"line":99,"column":96}},"21":{"start":{"line":102,"column":31},"end":{"line":102,"column":null}},"22":{"start":{"line":103,"column":23},"end":{"line":105,"column":null}},"23":{"start":{"line":104,"column":6},"end":{"line":104,"column":null}},"24":{"start":{"line":104,"column":21},"end":{"line":104,"column":41}},"25":{"start":{"line":106,"column":14},"end":{"line":111,"column":null}},"26":{"start":{"line":106,"column":45},"end":{"line":111,"column":8}},"27":{"start":{"line":112,"column":4},"end":{"line":112,"column":null}},"28":{"start":{"line":116,"column":21},"end":{"line":116,"column":null}},"29":{"start":{"line":117,"column":16},"end":{"line":117,"column":null}},"30":{"start":{"line":118,"column":72},"end":{"line":118,"column":null}},"31":{"start":{"line":119,"column":4},"end":{"line":137,"column":null}},"32":{"start":{"line":119,"column":17},"end":{"line":119,"column":27}},"33":{"start":{"line":120,"column":23},"end":{"line":120,"column":null}},"34":{"start":{"line":121,"column":21},"end":{"line":121,"column":null}},"35":{"start":{"line":122,"column":24},"end":{"line":125,"column":null}},"36":{"start":{"line":123,"column":18},"end":{"line":123,"column":null}},"37":{"start":{"line":124,"column":8},"end":{"line":124,"column":null}},"38":{"start":{"line":126,"column":6},"end":{"line":136,"column":null}},"39":{"start":{"line":127,"column":23},"end":{"line":130,"column":null}},"40":{"start":{"line":127,"column":51},"end":{"line":130,"column":12}},"41":{"start":{"line":131,"column":8},"end":{"line":135,"column":null}},"42":{"start":{"line":138,"column":4},"end":{"line":138,"column":null}}},"fnMap":{"0":{"name":"(anonymous_0)","decl":{"start":{"line":79,"column":56},"end":{"line":79,"column":57}},"loc":{"start":{"line":79,"column":71},"end":{"line":140,"column":2}},"line":79},"1":{"name":"(anonymous_1)","decl":{"start":{"line":85,"column":10},"end":{"line":85,"column":16}},"loc":{"start":{"line":85,"column":16},"end":{"line":85,"column":126}},"line":85},"2":{"name":"(anonymous_2)","decl":{"start":{"line":86,"column":15},"end":{"line":86,"column":21}},"loc":{"start":{"line":86,"column":21},"end":{"line":90,"column":null}},"line":86},"3":{"name":"(anonymous_3)","decl":{"start":{"line":86,"column":25},"end":{"line":86,"column":30}},"loc":{"start":{"line":86,"column":30},"end":{"line":90,"column":3}},"line":86},"4":{"name":"(anonymous_4)","decl":{"start":{"line":91,"column":15},"end":{"line":91,"column":16}},"loc":{"start":{"line":91,"column":29},"end":{"line":91,"column":null}},"line":91},"5":{"name":"(anonymous_5)","decl":{"start":{"line":92,"column":11},"end":{"line":92,"column":12}},"loc":{"start":{"line":92,"column":21},"end":{"line":92,"column":null}},"line":92},"6":{"name":"(anonymous_6)","decl":{"start":{"line":93,"column":14},"end":{"line":93,"column":15}},"loc":{"start":{"line":93,"column":27},"end":{"line":93,"column":null}},"line":93},"7":{"name":"(anonymous_7)","decl":{"start":{"line":94,"column":12},"end":{"line":94,"column":13}},"loc":{"start":{"line":94,"column":23},"end":{"line":94,"column":null}},"line":94},"8":{"name":"(anonymous_8)","decl":{"start":{"line":95,"column":20},"end":{"line":95,"column":21}},"loc":{"start":{"line":95,"column":28},"end":{"line":95,"column":null}},"line":95},"9":{"name":"(anonymous_9)","decl":{"start":{"line":97,"column":9},"end":{"line":97,"column":15}},"loc":{"start":{"line":97,"column":15},"end":{"line":97,"column":null}},"line":97},"10":{"name":"(anonymous_10)","decl":{"start":{"line":97,"column":19},"end":{"line":97,"column":25}},"loc":{"start":{"line":97,"column":25},"end":{"line":97,"column":86}},"line":97},"11":{"name":"(anonymous_11)","decl":{"start":{"line":98,"column":14},"end":{"line":98,"column":15}},"loc":{"start":{"line":98,"column":22},"end":{"line":98,"column":null}},"line":98},"12":{"name":"(anonymous_12)","decl":{"start":{"line":98,"column":42},"end":{"line":98,"column":47}},"loc":{"start":{"line":98,"column":47},"end":{"line":98,"column":58}},"line":98},"13":{"name":"(anonymous_13)","decl":{"start":{"line":99,"column":10},"end":{"line":99,"column":11}},"loc":{"start":{"line":99,"column":32},"end":{"line":99,"column":null}},"line":99},"14":{"name":"(anonymous_14)","decl":{"start":{"line":99,"column":48},"end":{"line":99,"column":53}},"loc":{"start":{"line":99,"column":53},"end":{"line":99,"column":96}},"line":99},"15":{"name":"(anonymous_15)","decl":{"start":{"line":101,"column":20},"end":{"line":101,"column":26}},"loc":{"start":{"line":101,"column":26},"end":{"line":113,"column":null}},"line":101},"16":{"name":"(anonymous_16)","decl":{"start":{"line":103,"column":36},"end":{"line":103,"column":null}},"loc":{"start":{"line":104,"column":6},"end":{"line":104,"column":null}},"line":104},"17":{"name":"(anonymous_17)","decl":{"start":{"line":104,"column":16},"end":{"line":104,"column":21}},"loc":{"start":{"line":104,"column":21},"end":{"line":104,"column":41}},"line":104},"18":{"name":"(anonymous_18)","decl":{"start":{"line":106,"column":32},"end":{"line":106,"column":33}},"loc":{"start":{"line":106,"column":45},"end":{"line":111,"column":8}},"line":106},"19":{"name":"(anonymous_19)","decl":{"start":{"line":115,"column":16},"end":{"line":115,"column":17}},"loc":{"start":{"line":115,"column":26},"end":{"line":139,"column":null}},"line":115},"20":{"name":"(anonymous_20)","decl":{"start":{"line":122,"column":36},"end":{"line":122,"column":41}},"loc":{"start":{"line":122,"column":41},"end":{"line":125,"column":7}},"line":122},"21":{"name":"(anonymous_21)","decl":{"start":{"line":127,"column":40},"end":{"line":127,"column":41}},"loc":{"start":{"line":127,"column":51},"end":{"line":130,"column":12}},"line":127}},"branchMap":{"0":{"loc":{"start":{"line":85,"column":32},"end":{"line":85,"column":87}},"type":"binary-expr","locations":[{"start":{"line":85,"column":32},"end":{"line":85,"column":79}},{"start":{"line":85,"column":79},"end":{"line":85,"column":87}}],"line":85},"1":{"loc":{"start":{"line":87,"column":17},"end":{"line":87,"column":null}},"type":"cond-expr","locations":[{"start":{"line":87,"column":38},"end":{"line":87,"column":48}},{"start":{"line":87,"column":48},"end":{"line":87,"column":null}}],"line":87},"2":{"loc":{"start":{"line":99,"column":53},"end":{"line":99,"column":96}},"type":"binary-expr","locations":[{"start":{"line":99,"column":53},"end":{"line":99,"column":82}},{"start":{"line":99,"column":82},"end":{"line":99,"column":96}}],"line":99},"3":{"loc":{"start":{"line":107,"column":28},"end":{"line":107,"column":null}},"type":"binary-expr","locations":[{"start":{"line":107,"column":28},"end":{"line":107,"column":49}},{"start":{"line":107,"column":49},"end":{"line":107,"column":null}}],"line":107},"4":{"loc":{"start":{"line":108,"column":28},"end":{"line":108,"column":null}},"type":"binary-expr","locations":[{"start":{"line":108,"column":28},"end":{"line":108,"column":49}},{"start":{"line":108,"column":49},"end":{"line":108,"column":null}}],"line":108},"5":{"loc":{"start":{"line":109,"column":30},"end":{"line":109,"column":null}},"type":"binary-expr","locations":[{"start":{"line":109,"column":30},"end":{"line":109,"column":52}},{"start":{"line":109,"column":52},"end":{"line":109,"column":null}}],"line":109},"6":{"loc":{"start":{"line":110,"column":26},"end":{"line":110,"column":null}},"type":"binary-expr","locations":[{"start":{"line":110,"column":26},"end":{"line":110,"column":46}},{"start":{"line":110,"column":46},"end":{"line":110,"column":null}}],"line":110},"7":{"loc":{"start":{"line":112,"column":29},"end":{"line":112,"column":86}},"type":"cond-expr","locations":[{"start":{"line":112,"column":43},"end":{"line":112,"column":84}},{"start":{"line":112,"column":84},"end":{"line":112,"column":86}}],"line":112},"8":{"loc":{"start":{"line":124,"column":15},"end":{"line":124,"column":null}},"type":"binary-expr","locations":[{"start":{"line":124,"column":15},"end":{"line":124,"column":32}},{"start":{"line":124,"column":32},"end":{"line":124,"column":null}}],"line":124},"9":{"loc":{"start":{"line":126,"column":6},"end":{"line":136,"column":null}},"type":"if","locations":[{"start":{"line":126,"column":6},"end":{"line":136,"column":null}},{"start":{},"end":{}}],"line":126},"10":{"loc":{"start":{"line":128,"column":20},"end":{"line":128,"column":null}},"type":"binary-expr","locations":[{"start":{"line":128,"column":20},"end":{"line":128,"column":41}},{"start":{"line":128,"column":41},"end":{"line":128,"column":null}}],"line":128},"11":{"loc":{"start":{"line":129,"column":20},"end":{"line":129,"column":null}},"type":"binary-expr","locations":[{"start":{"line":129,"column":20},"end":{"line":129,"column":40}},{"start":{"line":129,"column":40},"end":{"line":129,"column":null}}],"line":129},"12":{"loc":{"start":{"line":133,"column":20},"end":{"line":133,"column":null}},"type":"cond-expr","locations":[{"start":{"line":133,"column":35},"end":{"line":133,"column":77}},{"start":{"line":133,"column":77},"end":{"line":133,"column":null}}],"line":133}},"s":{"0":3,"1":3,"2":3,"3":3,"4":0,"5":2,"6":2,"7":2,"8":2,"9":2,"10":7,"11":9,"12":14,"13":9,"14":15,"15":1,"16":1,"17":2,"18":3,"19":2,"20":4,"21":3,"22":3,"23":6,"24":6,"25":3,"26":4,"27":3,"28":4,"29":4,"30":4,"31":4,"32":4,"33":28,"34":28,"35":28,"36":49,"37":49,"38":28,"39":5,"40":7,"41":5,"42":28},"f":{"0":3,"1":3,"2":2,"3":2,"4":7,"5":9,"6":14,"7":9,"8":15,"9":1,"10":1,"11":2,"12":3,"13":2,"14":4,"15":3,"16":6,"17":6,"18":4,"19":4,"20":49,"21":7},"b":{"0":[3,3],"1":[1,1],"2":[4,3],"3":[4,2],"4":[4,3],"5":[4,3],"6":[4,2],"7":[1,2],"8":[49,47],"9":[5,23],"10":[7,1],"11":[7,1],"12":[4,1]},"meta":{"lastBranch":13,"lastFunction":22,"lastStatement":43,"seen":{"s:79:13:140:Infinity":0,"f:79:56:79:57":0,"s:79:71:140:2":1,"f:85:10:85:16":1,"s:85:18:85:123":2,"s:85:24:85:87":3,"b:85:32:85:79:85:79:85:87":0,"s:85:97:85:121":4,"f:86:15:86:21":2,"s:86:21:90:Infinity":5,"f:86:25:86:30":3,"s:87:17:87:Infinity":6,"b:87:38:87:48:87:48:87:Infinity":1,"s:88:4:88:Infinity":7,"s:88:10:88:51":8,"s:89:4:89:Infinity":9,"f:91:15:91:16":4,"s:91:29:91:Infinity":10,"f:92:11:92:12":5,"s:92:21:92:Infinity":11,"f:93:14:93:15":6,"s:93:27:93:Infinity":12,"f:94:12:94:13":7,"s:94:23:94:Infinity":13,"f:95:20:95:21":8,"s:95:28:95:Infinity":14,"f:97:9:97:15":9,"s:97:15:97:Infinity":15,"f:97:19:97:25":10,"s:97:25:97:86":16,"f:98:14:98:15":11,"s:98:22:98:Infinity":17,"f:98:42:98:47":12,"s:98:47:98:58":18,"f:99:10:99:11":13,"s:99:32:99:Infinity":19,"f:99:48:99:53":14,"s:99:53:99:96":20,"b:99:53:99:82:99:82:99:96":2,"f:101:20:101:26":15,"s:102:31:102:Infinity":21,"s:103:23:105:Infinity":22,"f:103:36:103:Infinity":16,"s:104:6:104:Infinity":23,"f:104:16:104:21":17,"s:104:21:104:41":24,"s:106:14:111:Infinity":25,"f:106:32:106:33":18,"s:106:45:111:8":26,"b:107:28:107:49:107:49:107:Infinity":3,"b:108:28:108:49:108:49:108:Infinity":4,"b:109:30:109:52:109:52:109:Infinity":5,"b:110:26:110:46:110:46:110:Infinity":6,"s:112:4:112:Infinity":27,"b:112:43:112:84:112:84:112:86":7,"f:115:16:115:17":19,"s:116:21:116:Infinity":28,"s:117:16:117:Infinity":29,"s:118:72:118:Infinity":30,"s:119:4:137:Infinity":31,"s:119:17:119:27":32,"s:120:23:120:Infinity":33,"s:121:21:121:Infinity":34,"s:122:24:125:Infinity":35,"f:122:36:122:41":20,"s:123:18:123:Infinity":36,"s:124:8:124:Infinity":37,"b:124:15:124:32:124:32:124:Infinity":8,"b:126:6:136:Infinity:undefined:undefined:undefined:undefined":9,"s:126:6:136:Infinity":38,"s:127:23:130:Infinity":39,"f:127:40:127:41":21,"s:127:51:130:12":40,"b:128:20:128:41:128:41:128:Infinity":10,"b:129:20:129:40:129:40:129:Infinity":11,"s:131:8:135:Infinity":41,"b:133:35:133:77:133:77:133:Infinity":12,"s:138:4:138:Infinity":42}}}
}
